[2026-03-04T09:21:00] RUN_START
[2026-03-04T09:21:00] python=D:\2026 Projects\nse-stock-scraper\.venv\Scripts\python.exe
[2026-03-04T09:21:03] START afx_scraper
[afx_scraper] 2026-03-04 09:21:06 [scrapy.utils.log] INFO: Scrapy 2.14.1 started (bot: nse_scraper)
[afx_scraper] 

[afx_scraper] 2026-03-04 09:21:06 [scrapy.utils.log] INFO: Versions:
[afx_scraper] 

[afx_scraper] {'lxml': '6.0.2',
[afx_scraper] 

[afx_scraper]  'libxml2': '2.11.9',
[afx_scraper] 

[afx_scraper]  'cssselect': '1.4.0',
[afx_scraper] 

[afx_scraper]  'parsel': '1.11.0',
[afx_scraper] 

[afx_scraper]  'w3lib': '2.3.1',
[afx_scraper] 

[afx_scraper]  'Twisted': '25.5.0',
[afx_scraper] 

[afx_scraper]  'Python': '3.13.1 (tags/v3.13.1:0671451, Dec  3 2024, 19:06:28) [MSC v.1942 '
[afx_scraper] 

[afx_scraper]            '64 bit (AMD64)]',
[afx_scraper] 

[afx_scraper]  'pyOpenSSL': '25.3.0 (OpenSSL 3.5.5 27 Jan 2026)',
[afx_scraper] 

[afx_scraper]  'cryptography': '46.0.4',
[afx_scraper] 

[afx_scraper]  'Platform': 'Windows-11-10.0.22621-SP0'}
[afx_scraper] 

[afx_scraper] 2026-03-04 09:21:06 [scrapy.addons] INFO: Enabled addons:
[afx_scraper] 

[afx_scraper] []
[afx_scraper] 

[afx_scraper] 2026-03-04 09:21:06 [scrapy.extensions.telnet] INFO: Telnet Password: 1bf431a2b3b41990
[afx_scraper] 

[afx_scraper] 2026-03-04 09:21:06 [scrapy.middleware] INFO: Enabled extensions:
[afx_scraper] 

[afx_scraper] ['scrapy.extensions.corestats.CoreStats',
[afx_scraper] 

[afx_scraper]  'scrapy.extensions.logcount.LogCount',
[afx_scraper] 

[afx_scraper]  'scrapy.extensions.telnet.TelnetConsole',
[afx_scraper] 

[afx_scraper]  'scrapy.extensions.logstats.LogStats']
[afx_scraper] 

[afx_scraper] 2026-03-04 09:21:06 [scrapy.crawler] INFO: Overridden settings:
[afx_scraper] 

[afx_scraper] {'BOT_NAME': 'nse_scraper',
[afx_scraper] 

[afx_scraper]  'CONCURRENT_REQUESTS': 8,
[afx_scraper] 

[afx_scraper]  'CONCURRENT_REQUESTS_PER_DOMAIN': 2,
[afx_scraper] 

[afx_scraper]  'DOWNLOAD_DELAY': 1,
[afx_scraper] 

[afx_scraper]  'HTTPCACHE_ENABLED': True,
[afx_scraper] 

[afx_scraper]  'HTTPCACHE_EXPIRATION_SECS': 3600,
[afx_scraper] 

[afx_scraper]  'LOG_LEVEL': 'INFO',
[afx_scraper] 

[afx_scraper]  'NEWSPIDER_MODULE': 'nse_scraper.spiders',
[afx_scraper] 

[afx_scraper]  'RETRY_HTTP_CODES': [500, 502, 503, 504, 408, 429],
[afx_scraper] 

[afx_scraper]  'RETRY_TIMES': 3,
[afx_scraper] 

[afx_scraper]  'SPIDER_MODULES': ['nse_scraper.spiders'],
[afx_scraper] 

[afx_scraper]  'USER_AGENT': 'Mozilla/5.0 (Windows NT 10.0; Win64; x64) AppleWebKit/537.36 '
[afx_scraper] 

[afx_scraper]                '(KHTML, like Gecko) Chrome/120.0.0.0 Safari/537.36'}
[afx_scraper] 

[afx_scraper] 2026-03-04 09:21:06 [scrapy.middleware] INFO: Enabled downloader middlewares:
[afx_scraper] 

[afx_scraper] ['scrapy.downloadermiddlewares.offsite.OffsiteMiddleware',
[afx_scraper] 

[afx_scraper]  'scrapy.downloadermiddlewares.httpauth.HttpAuthMiddleware',
[afx_scraper] 

[afx_scraper]  'scrapy.downloadermiddlewares.downloadtimeout.DownloadTimeoutMiddleware',
[afx_scraper] 

[afx_scraper]  'scrapy.downloadermiddlewares.defaultheaders.DefaultHeadersMiddleware',
[afx_scraper] 

[afx_scraper]  'scrapy.downloadermiddlewares.useragent.UserAgentMiddleware',
[afx_scraper] 

[afx_scraper]  'scrapy.downloadermiddlewares.retry.RetryMiddleware',
[afx_scraper] 

[afx_scraper]  'scrapy.downloadermiddlewares.redirect.MetaRefreshMiddleware',
[afx_scraper] 

[afx_scraper]  'scrapy.downloadermiddlewares.httpcompression.HttpCompressionMiddleware',
[afx_scraper] 

[afx_scraper]  'scrapy.downloadermiddlewares.redirect.RedirectMiddleware',
[afx_scraper] 

[afx_scraper]  'scrapy.downloadermiddlewares.cookies.CookiesMiddleware',
[afx_scraper] 

[afx_scraper]  'scrapy.downloadermiddlewares.httpproxy.HttpProxyMiddleware',
[afx_scraper] 

[afx_scraper]  'scrapy.downloadermiddlewares.stats.DownloaderStats',
[afx_scraper] 

[afx_scraper]  'scrapy.downloadermiddlewares.httpcache.HttpCacheMiddleware']
[afx_scraper] 

[afx_scraper]  'scrapy.spidermiddlewares.httperror.HttpErrorMiddleware',
[afx_scraper] 

[afx_scraper] ['scrapy.spidermiddlewares.start.StartSpiderMiddleware',
[afx_scraper] 

[afx_scraper] 2026-03-04 09:21:06 [scrapy.middleware] INFO: Enabled spider middlewares:
[afx_scraper] 

[afx_scraper]  'scrapy.spidermiddlewares.referer.RefererMiddleware',
[afx_scraper] 

[afx_scraper]  'scrapy.spidermiddlewares.urllength.UrlLengthMiddleware',
[afx_scraper] 

[afx_scraper]  'scrapy.spidermiddlewares.depth.DepthMiddleware']
[afx_scraper] 

[afx_scraper] 2026-03-04 09:21:08 [scrapy.middleware] INFO: Enabled item pipelines:
[afx_scraper] 

[afx_scraper] ['nse_scraper.pipelines.NseScraperPipeline']
[afx_scraper] 

[afx_scraper] 2026-03-04 09:21:08 [scrapy.core.engine] INFO: Spider opened
[afx_scraper] 

[afx_scraper] 2026-03-04 09:21:11 [nse_scraper.db.backends] INFO: Supabase backend ready
[afx_scraper] 

[afx_scraper] 2026-03-04 09:21:11 [nse_scraper.pipelines] INFO: Storage backend active: supabase
[afx_scraper] 

[afx_scraper] 2026-03-04 09:21:11 [scrapy.extensions.logstats] INFO: Crawled 0 pages (at 0 pages/min), scraped 0 items (at 0 items/min)
[afx_scraper] 

[afx_scraper] 2026-03-04 09:21:11 [py.warnings] WARNING: D:\2026 Projects\nse-stock-scraper\.venv\Lib\site-packages\scrapy\downloadermiddlewares\useragent.py:33: ScrapyDeprecationWarning: The 'user_agent' spider attribute is deprecated. Use Spider.custom_settings or Spider.update_settings() instead. The corresponding setting name is 'USER_AGENT'.
[afx_scraper] 

[afx_scraper]   warn_on_deprecated_spider_attribute("user_agent", "USER_AGENT")
[afx_scraper] 

[afx_scraper] 2026-03-04 09:21:11 [scrapy.extensions.telnet] INFO: Telnet console listening on 127.0.0.1:6023
[afx_scraper] 

[afx_scraper] 2026-03-04 09:21:15 [nse_scraper.spiders.afx_scraper] INFO: Processing: https://afx.kwayisi.org/nse/
[afx_scraper] 

[afx_scraper] 2026-03-04 09:21:18 [httpx] INFO: HTTP Request: GET https://vbqerqbllfwnyjsogbxl.supabase.co/rest/v1/stock_data?select=price_history%2Cstock_price%2Cstock_change&ticker_symbol=eq.ABSA "HTTP/2 200 OK"
[afx_scraper] 

[afx_scraper] 2026-03-04 09:21:18 [httpx] INFO: HTTP Request: POST https://vbqerqbllfwnyjsogbxl.supabase.co/rest/v1/stock_data?on_conflict=ticker_symbol "HTTP/2 200 OK"
[afx_scraper] 

[afx_scraper] 2026-03-04 09:21:18 [httpx] INFO: HTTP Request: GET https://vbqerqbllfwnyjsogbxl.supabase.co/rest/v1/stock_data?select=price_history%2Cstock_price%2Cstock_change&ticker_symbol=eq.AMAC "HTTP/2 200 OK"
[afx_scraper] 

[afx_scraper] 2026-03-04 09:21:19 [httpx] INFO: HTTP Request: POST https://vbqerqbllfwnyjsogbxl.supabase.co/rest/v1/stock_data?on_conflict=ticker_symbol "HTTP/2 200 OK"
[afx_scraper] 

[afx_scraper] 2026-03-04 09:21:19 [httpx] INFO: HTTP Request: GET https://vbqerqbllfwnyjsogbxl.supabase.co/rest/v1/stock_data?select=price_history%2Cstock_price%2Cstock_change&ticker_symbol=eq.ARM "HTTP/2 200 OK"
[afx_scraper] 

[afx_scraper] 2026-03-04 09:21:19 [httpx] INFO: HTTP Request: POST https://vbqerqbllfwnyjsogbxl.supabase.co/rest/v1/stock_data?on_conflict=ticker_symbol "HTTP/2 200 OK"
[afx_scraper] 

[afx_scraper] 2026-03-04 09:21:20 [httpx] INFO: HTTP Request: GET https://vbqerqbllfwnyjsogbxl.supabase.co/rest/v1/stock_data?select=price_history%2Cstock_price%2Cstock_change&ticker_symbol=eq.BAMB "HTTP/2 200 OK"
[afx_scraper] 

[afx_scraper] 2026-03-04 09:21:20 [httpx] INFO: HTTP Request: POST https://vbqerqbllfwnyjsogbxl.supabase.co/rest/v1/stock_data?on_conflict=ticker_symbol "HTTP/2 200 OK"
[afx_scraper] 

[afx_scraper] 2026-03-04 09:21:20 [httpx] INFO: HTTP Request: GET https://vbqerqbllfwnyjsogbxl.supabase.co/rest/v1/stock_data?select=price_history%2Cstock_price%2Cstock_change&ticker_symbol=eq.BAT "HTTP/2 200 OK"
[afx_scraper] 

[afx_scraper] 2026-03-04 09:21:20 [httpx] INFO: HTTP Request: POST https://vbqerqbllfwnyjsogbxl.supabase.co/rest/v1/stock_data?on_conflict=ticker_symbol "HTTP/2 200 OK"
[afx_scraper] 

[afx_scraper] 2026-03-04 09:21:21 [httpx] INFO: HTTP Request: GET https://vbqerqbllfwnyjsogbxl.supabase.co/rest/v1/stock_data?select=price_history%2Cstock_price%2Cstock_change&ticker_symbol=eq.BKG "HTTP/2 200 OK"
[afx_scraper] 

[afx_scraper] 2026-03-04 09:21:21 [httpx] INFO: HTTP Request: POST https://vbqerqbllfwnyjsogbxl.supabase.co/rest/v1/stock_data?on_conflict=ticker_symbol "HTTP/2 200 OK"
[afx_scraper] 

[afx_scraper] 2026-03-04 09:21:22 [httpx] INFO: HTTP Request: GET https://vbqerqbllfwnyjsogbxl.supabase.co/rest/v1/stock_data?select=price_history%2Cstock_price%2Cstock_change&ticker_symbol=eq.BOC "HTTP/2 200 OK"
[afx_scraper] 

[afx_scraper] 2026-03-04 09:21:22 [httpx] INFO: HTTP Request: POST https://vbqerqbllfwnyjsogbxl.supabase.co/rest/v1/stock_data?on_conflict=ticker_symbol "HTTP/2 200 OK"
[afx_scraper] 

[afx_scraper] 2026-03-04 09:21:23 [httpx] INFO: HTTP Request: GET https://vbqerqbllfwnyjsogbxl.supabase.co/rest/v1/stock_data?select=price_history%2Cstock_price%2Cstock_change&ticker_symbol=eq.BRIT "HTTP/2 200 OK"
[afx_scraper] 

[afx_scraper] 2026-03-04 09:21:23 [httpx] INFO: HTTP Request: POST https://vbqerqbllfwnyjsogbxl.supabase.co/rest/v1/stock_data?on_conflict=ticker_symbol "HTTP/2 200 OK"
[afx_scraper] 

[afx_scraper] 2026-03-04 09:21:23 [httpx] INFO: HTTP Request: GET https://vbqerqbllfwnyjsogbxl.supabase.co/rest/v1/stock_data?select=price_history%2Cstock_price%2Cstock_change&ticker_symbol=eq.CABL "HTTP/2 200 OK"
[afx_scraper] 

[afx_scraper] 2026-03-04 09:21:24 [httpx] INFO: HTTP Request: POST https://vbqerqbllfwnyjsogbxl.supabase.co/rest/v1/stock_data?on_conflict=ticker_symbol "HTTP/2 200 OK"
[afx_scraper] 

[afx_scraper] 2026-03-04 09:21:24 [httpx] INFO: HTTP Request: GET https://vbqerqbllfwnyjsogbxl.supabase.co/rest/v1/stock_data?select=price_history%2Cstock_price%2Cstock_change&ticker_symbol=eq.CARB "HTTP/2 200 OK"
[afx_scraper] 

[afx_scraper] 2026-03-04 09:21:25 [httpx] INFO: HTTP Request: POST https://vbqerqbllfwnyjsogbxl.supabase.co/rest/v1/stock_data?on_conflict=ticker_symbol "HTTP/2 200 OK"
[afx_scraper] 

[afx_scraper] 2026-03-04 09:21:25 [httpx] INFO: HTTP Request: GET https://vbqerqbllfwnyjsogbxl.supabase.co/rest/v1/stock_data?select=price_history%2Cstock_price%2Cstock_change&ticker_symbol=eq.CGEN "HTTP/2 200 OK"
[afx_scraper] 

[afx_scraper] 2026-03-04 09:21:25 [httpx] INFO: HTTP Request: POST https://vbqerqbllfwnyjsogbxl.supabase.co/rest/v1/stock_data?on_conflict=ticker_symbol "HTTP/2 200 OK"
[afx_scraper] 

[afx_scraper] 2026-03-04 09:21:26 [httpx] INFO: HTTP Request: GET https://vbqerqbllfwnyjsogbxl.supabase.co/rest/v1/stock_data?select=price_history%2Cstock_price%2Cstock_change&ticker_symbol=eq.CIC "HTTP/2 200 OK"
[afx_scraper] 

[afx_scraper] 2026-03-04 09:21:27 [httpx] INFO: HTTP Request: POST https://vbqerqbllfwnyjsogbxl.supabase.co/rest/v1/stock_data?on_conflict=ticker_symbol "HTTP/2 200 OK"
[afx_scraper] 

[afx_scraper] 2026-03-04 09:21:27 [httpx] INFO: HTTP Request: GET https://vbqerqbllfwnyjsogbxl.supabase.co/rest/v1/stock_data?select=price_history%2Cstock_price%2Cstock_change&ticker_symbol=eq.COOP "HTTP/2 200 OK"
[afx_scraper] 

[afx_scraper] 2026-03-04 09:21:27 [httpx] INFO: HTTP Request: POST https://vbqerqbllfwnyjsogbxl.supabase.co/rest/v1/stock_data?on_conflict=ticker_symbol "HTTP/2 200 OK"
[afx_scraper] 

[afx_scraper] 2026-03-04 09:21:28 [httpx] INFO: HTTP Request: GET https://vbqerqbllfwnyjsogbxl.supabase.co/rest/v1/stock_data?select=price_history%2Cstock_price%2Cstock_change&ticker_symbol=eq.CRWN "HTTP/2 200 OK"
[afx_scraper] 

[afx_scraper] 2026-03-04 09:21:28 [httpx] INFO: HTTP Request: POST https://vbqerqbllfwnyjsogbxl.supabase.co/rest/v1/stock_data?on_conflict=ticker_symbol "HTTP/2 200 OK"
[afx_scraper] 

[afx_scraper] 2026-03-04 09:21:29 [httpx] INFO: HTTP Request: GET https://vbqerqbllfwnyjsogbxl.supabase.co/rest/v1/stock_data?select=price_history%2Cstock_price%2Cstock_change&ticker_symbol=eq.CTUM "HTTP/2 200 OK"
[afx_scraper] 

[afx_scraper] 2026-03-04 09:21:29 [httpx] INFO: HTTP Request: POST https://vbqerqbllfwnyjsogbxl.supabase.co/rest/v1/stock_data?on_conflict=ticker_symbol "HTTP/2 200 OK"
[afx_scraper] 

[afx_scraper] 2026-03-04 09:21:29 [httpx] INFO: HTTP Request: GET https://vbqerqbllfwnyjsogbxl.supabase.co/rest/v1/stock_data?select=price_history%2Cstock_price%2Cstock_change&ticker_symbol=eq.DCON "HTTP/2 200 OK"
[afx_scraper] 

[afx_scraper] 2026-03-04 09:21:30 [httpx] INFO: HTTP Request: POST https://vbqerqbllfwnyjsogbxl.supabase.co/rest/v1/stock_data?on_conflict=ticker_symbol "HTTP/2 200 OK"
[afx_scraper] 

[afx_scraper] 2026-03-04 09:21:30 [httpx] INFO: HTTP Request: GET https://vbqerqbllfwnyjsogbxl.supabase.co/rest/v1/stock_data?select=price_history%2Cstock_price%2Cstock_change&ticker_symbol=eq.DTK "HTTP/2 200 OK"
[afx_scraper] 

[afx_scraper] 2026-03-04 09:21:30 [httpx] INFO: HTTP Request: POST https://vbqerqbllfwnyjsogbxl.supabase.co/rest/v1/stock_data?on_conflict=ticker_symbol "HTTP/2 200 OK"
[afx_scraper] 

[afx_scraper] 2026-03-04 09:21:31 [httpx] INFO: HTTP Request: GET https://vbqerqbllfwnyjsogbxl.supabase.co/rest/v1/stock_data?select=price_history%2Cstock_price%2Cstock_change&ticker_symbol=eq.EABL "HTTP/2 200 OK"
[afx_scraper] 

[afx_scraper] 2026-03-04 09:21:31 [httpx] INFO: HTTP Request: POST https://vbqerqbllfwnyjsogbxl.supabase.co/rest/v1/stock_data?on_conflict=ticker_symbol "HTTP/2 200 OK"
[afx_scraper] 

[afx_scraper] 2026-03-04 09:21:32 [httpx] INFO: HTTP Request: GET https://vbqerqbllfwnyjsogbxl.supabase.co/rest/v1/stock_data?select=price_history%2Cstock_price%2Cstock_change&ticker_symbol=eq.EGAD "HTTP/2 200 OK"
[afx_scraper] 

[afx_scraper] 2026-03-04 09:21:32 [httpx] INFO: HTTP Request: POST https://vbqerqbllfwnyjsogbxl.supabase.co/rest/v1/stock_data?on_conflict=ticker_symbol "HTTP/2 200 OK"
[afx_scraper] 

[afx_scraper] 2026-03-04 09:21:33 [httpx] INFO: HTTP Request: GET https://vbqerqbllfwnyjsogbxl.supabase.co/rest/v1/stock_data?select=price_history%2Cstock_price%2Cstock_change&ticker_symbol=eq.EQTY "HTTP/2 200 OK"
[afx_scraper] 

[afx_scraper] 2026-03-04 09:21:34 [httpx] INFO: HTTP Request: POST https://vbqerqbllfwnyjsogbxl.supabase.co/rest/v1/stock_data?on_conflict=ticker_symbol "HTTP/2 200 OK"
[afx_scraper] 

[afx_scraper] 2026-03-04 09:21:34 [httpx] INFO: HTTP Request: GET https://vbqerqbllfwnyjsogbxl.supabase.co/rest/v1/stock_data?select=price_history%2Cstock_price%2Cstock_change&ticker_symbol=eq.EVRD "HTTP/2 200 OK"
[afx_scraper] 

[afx_scraper] 2026-03-04 09:21:34 [httpx] INFO: HTTP Request: POST https://vbqerqbllfwnyjsogbxl.supabase.co/rest/v1/stock_data?on_conflict=ticker_symbol "HTTP/2 200 OK"
[afx_scraper] 

[afx_scraper] 2026-03-04 09:21:35 [httpx] INFO: HTTP Request: GET https://vbqerqbllfwnyjsogbxl.supabase.co/rest/v1/stock_data?select=price_history%2Cstock_price%2Cstock_change&ticker_symbol=eq.FTGH "HTTP/2 200 OK"
[afx_scraper] 

[afx_scraper] 2026-03-04 09:21:36 [httpx] INFO: HTTP Request: POST https://vbqerqbllfwnyjsogbxl.supabase.co/rest/v1/stock_data?on_conflict=ticker_symbol "HTTP/2 200 OK"
[afx_scraper] 

[afx_scraper] 2026-03-04 09:21:37 [httpx] INFO: HTTP Request: GET https://vbqerqbllfwnyjsogbxl.supabase.co/rest/v1/stock_data?select=price_history%2Cstock_price%2Cstock_change&ticker_symbol=eq.GLD "HTTP/2 200 OK"
[afx_scraper] 

[afx_scraper] 2026-03-04 09:21:38 [httpx] INFO: HTTP Request: POST https://vbqerqbllfwnyjsogbxl.supabase.co/rest/v1/stock_data?on_conflict=ticker_symbol "HTTP/2 200 OK"
[afx_scraper] 

[afx_scraper] 2026-03-04 09:21:40 [httpx] INFO: HTTP Request: GET https://vbqerqbllfwnyjsogbxl.supabase.co/rest/v1/stock_data?select=price_history%2Cstock_price%2Cstock_change&ticker_symbol=eq.HAFR "HTTP/2 200 OK"
[afx_scraper] 

[afx_scraper] 2026-03-04 09:21:42 [httpx] INFO: HTTP Request: POST https://vbqerqbllfwnyjsogbxl.supabase.co/rest/v1/stock_data?on_conflict=ticker_symbol "HTTP/2 200 OK"
[afx_scraper] 

[afx_scraper] 2026-03-04 09:21:43 [httpx] INFO: HTTP Request: GET https://vbqerqbllfwnyjsogbxl.supabase.co/rest/v1/stock_data?select=price_history%2Cstock_price%2Cstock_change&ticker_symbol=eq.HBE "HTTP/2 200 OK"
[afx_scraper] 

[afx_scraper] 2026-03-04 09:21:44 [httpx] INFO: HTTP Request: POST https://vbqerqbllfwnyjsogbxl.supabase.co/rest/v1/stock_data?on_conflict=ticker_symbol "HTTP/2 200 OK"
[afx_scraper] 

[afx_scraper] 2026-03-04 09:21:47 [httpx] INFO: HTTP Request: GET https://vbqerqbllfwnyjsogbxl.supabase.co/rest/v1/stock_data?select=price_history%2Cstock_price%2Cstock_change&ticker_symbol=eq.HFCK "HTTP/2 200 OK"
[afx_scraper] 

[afx_scraper] 2026-03-04 09:21:48 [httpx] INFO: HTTP Request: POST https://vbqerqbllfwnyjsogbxl.supabase.co/rest/v1/stock_data?on_conflict=ticker_symbol "HTTP/2 200 OK"
[afx_scraper] 

[afx_scraper] 2026-03-04 09:21:49 [httpx] INFO: HTTP Request: GET https://vbqerqbllfwnyjsogbxl.supabase.co/rest/v1/stock_data?select=price_history%2Cstock_price%2Cstock_change&ticker_symbol=eq.IMH "HTTP/2 200 OK"
[afx_scraper] 

[afx_scraper] 2026-03-04 09:21:51 [httpx] INFO: HTTP Request: POST https://vbqerqbllfwnyjsogbxl.supabase.co/rest/v1/stock_data?on_conflict=ticker_symbol "HTTP/2 200 OK"
[afx_scraper] 

[afx_scraper] 2026-03-04 09:21:52 [httpx] INFO: HTTP Request: GET https://vbqerqbllfwnyjsogbxl.supabase.co/rest/v1/stock_data?select=price_history%2Cstock_price%2Cstock_change&ticker_symbol=eq.JUB "HTTP/2 200 OK"
[afx_scraper] 

[afx_scraper] 2026-03-04 09:21:52 [httpx] INFO: HTTP Request: POST https://vbqerqbllfwnyjsogbxl.supabase.co/rest/v1/stock_data?on_conflict=ticker_symbol "HTTP/2 200 OK"
[afx_scraper] 

[afx_scraper] 2026-03-04 09:21:53 [httpx] INFO: HTTP Request: GET https://vbqerqbllfwnyjsogbxl.supabase.co/rest/v1/stock_data?select=price_history%2Cstock_price%2Cstock_change&ticker_symbol=eq.KAPC "HTTP/2 200 OK"
[afx_scraper] 

[afx_scraper] 2026-03-04 09:21:55 [httpx] INFO: HTTP Request: POST https://vbqerqbllfwnyjsogbxl.supabase.co/rest/v1/stock_data?on_conflict=ticker_symbol "HTTP/2 200 OK"
[afx_scraper] 

[afx_scraper] 2026-03-04 09:21:56 [httpx] INFO: HTTP Request: GET https://vbqerqbllfwnyjsogbxl.supabase.co/rest/v1/stock_data?select=price_history%2Cstock_price%2Cstock_change&ticker_symbol=eq.KCB "HTTP/2 200 OK"
[afx_scraper] 

[afx_scraper] 2026-03-04 09:21:56 [httpx] INFO: HTTP Request: POST https://vbqerqbllfwnyjsogbxl.supabase.co/rest/v1/stock_data?on_conflict=ticker_symbol "HTTP/2 200 OK"
[afx_scraper] 

[afx_scraper] 2026-03-04 09:21:57 [httpx] INFO: HTTP Request: GET https://vbqerqbllfwnyjsogbxl.supabase.co/rest/v1/stock_data?select=price_history%2Cstock_price%2Cstock_change&ticker_symbol=eq.KEGN "HTTP/2 200 OK"
[afx_scraper] 

[afx_scraper] 2026-03-04 09:21:57 [httpx] INFO: HTTP Request: POST https://vbqerqbllfwnyjsogbxl.supabase.co/rest/v1/stock_data?on_conflict=ticker_symbol "HTTP/2 200 OK"
[afx_scraper] 

[afx_scraper] 2026-03-04 09:21:58 [httpx] INFO: HTTP Request: GET https://vbqerqbllfwnyjsogbxl.supabase.co/rest/v1/stock_data?select=price_history%2Cstock_price%2Cstock_change&ticker_symbol=eq.KNRE "HTTP/2 200 OK"
[afx_scraper] 

[afx_scraper] 2026-03-04 09:22:00 [httpx] INFO: HTTP Request: POST https://vbqerqbllfwnyjsogbxl.supabase.co/rest/v1/stock_data?on_conflict=ticker_symbol "HTTP/2 200 OK"
[afx_scraper] 

[afx_scraper] 2026-03-04 09:22:01 [httpx] INFO: HTTP Request: GET https://vbqerqbllfwnyjsogbxl.supabase.co/rest/v1/stock_data?select=price_history%2Cstock_price%2Cstock_change&ticker_symbol=eq.KPLC "HTTP/2 200 OK"
[afx_scraper] 

[afx_scraper] 2026-03-04 09:22:02 [httpx] INFO: HTTP Request: POST https://vbqerqbllfwnyjsogbxl.supabase.co/rest/v1/stock_data?on_conflict=ticker_symbol "HTTP/2 200 OK"
[afx_scraper] 

[afx_scraper] 2026-03-04 09:22:04 [httpx] INFO: HTTP Request: GET https://vbqerqbllfwnyjsogbxl.supabase.co/rest/v1/stock_data?select=price_history%2Cstock_price%2Cstock_change&ticker_symbol=eq.KPLC-P4 "HTTP/2 200 OK"
[afx_scraper] 

[afx_scraper] 2026-03-04 09:22:04 [httpx] INFO: HTTP Request: POST https://vbqerqbllfwnyjsogbxl.supabase.co/rest/v1/stock_data?on_conflict=ticker_symbol "HTTP/2 200 OK"
[afx_scraper] 

[afx_scraper] 2026-03-04 09:22:05 [httpx] INFO: HTTP Request: GET https://vbqerqbllfwnyjsogbxl.supabase.co/rest/v1/stock_data?select=price_history%2Cstock_price%2Cstock_change&ticker_symbol=eq.KPLC-P7 "HTTP/2 200 OK"
[afx_scraper] 

[afx_scraper] 2026-03-04 09:22:06 [httpx] INFO: HTTP Request: POST https://vbqerqbllfwnyjsogbxl.supabase.co/rest/v1/stock_data?on_conflict=ticker_symbol "HTTP/2 200 OK"
[afx_scraper] 

[afx_scraper] 2026-03-04 09:22:06 [httpx] INFO: HTTP Request: GET https://vbqerqbllfwnyjsogbxl.supabase.co/rest/v1/stock_data?select=price_history%2Cstock_price%2Cstock_change&ticker_symbol=eq.KQ "HTTP/2 200 OK"
[afx_scraper] 

[afx_scraper] 2026-03-04 09:22:06 [httpx] INFO: HTTP Request: POST https://vbqerqbllfwnyjsogbxl.supabase.co/rest/v1/stock_data?on_conflict=ticker_symbol "HTTP/2 200 OK"
[afx_scraper] 

[afx_scraper] 2026-03-04 09:22:07 [httpx] INFO: HTTP Request: GET https://vbqerqbllfwnyjsogbxl.supabase.co/rest/v1/stock_data?select=price_history%2Cstock_price%2Cstock_change&ticker_symbol=eq.KUKZ "HTTP/2 200 OK"
[afx_scraper] 

[afx_scraper] 2026-03-04 09:22:07 [httpx] INFO: HTTP Request: POST https://vbqerqbllfwnyjsogbxl.supabase.co/rest/v1/stock_data?on_conflict=ticker_symbol "HTTP/2 200 OK"
[afx_scraper] 

[afx_scraper] 2026-03-04 09:22:07 [httpx] INFO: HTTP Request: GET https://vbqerqbllfwnyjsogbxl.supabase.co/rest/v1/stock_data?select=price_history%2Cstock_price%2Cstock_change&ticker_symbol=eq.KURV "HTTP/2 200 OK"
[afx_scraper] 

[afx_scraper] 2026-03-04 09:22:08 [httpx] INFO: HTTP Request: POST https://vbqerqbllfwnyjsogbxl.supabase.co/rest/v1/stock_data?on_conflict=ticker_symbol "HTTP/2 200 OK"
[afx_scraper] 

[afx_scraper] 2026-03-04 09:22:08 [httpx] INFO: HTTP Request: GET https://vbqerqbllfwnyjsogbxl.supabase.co/rest/v1/stock_data?select=price_history%2Cstock_price%2Cstock_change&ticker_symbol=eq.LAPR "HTTP/2 200 OK"
[afx_scraper] 

[afx_scraper] 2026-03-04 09:22:08 [httpx] INFO: HTTP Request: POST https://vbqerqbllfwnyjsogbxl.supabase.co/rest/v1/stock_data?on_conflict=ticker_symbol "HTTP/2 200 OK"
[afx_scraper] 

[afx_scraper] 2026-03-04 09:22:09 [httpx] INFO: HTTP Request: GET https://vbqerqbllfwnyjsogbxl.supabase.co/rest/v1/stock_data?select=price_history%2Cstock_price%2Cstock_change&ticker_symbol=eq.LBTY "HTTP/2 200 OK"
[afx_scraper] 

[afx_scraper] 2026-03-04 09:22:09 [httpx] INFO: HTTP Request: POST https://vbqerqbllfwnyjsogbxl.supabase.co/rest/v1/stock_data?on_conflict=ticker_symbol "HTTP/2 200 OK"
[afx_scraper] 

[afx_scraper] 2026-03-04 09:22:10 [httpx] INFO: HTTP Request: GET https://vbqerqbllfwnyjsogbxl.supabase.co/rest/v1/stock_data?select=price_history%2Cstock_price%2Cstock_change&ticker_symbol=eq.LIMT "HTTP/2 200 OK"
[afx_scraper] 

[afx_scraper] 2026-03-04 09:22:10 [httpx] INFO: HTTP Request: POST https://vbqerqbllfwnyjsogbxl.supabase.co/rest/v1/stock_data?on_conflict=ticker_symbol "HTTP/2 200 OK"
[afx_scraper] 

[afx_scraper] 2026-03-04 09:22:11 [httpx] INFO: HTTP Request: GET https://vbqerqbllfwnyjsogbxl.supabase.co/rest/v1/stock_data?select=price_history%2Cstock_price%2Cstock_change&ticker_symbol=eq.LKL "HTTP/2 200 OK"
[afx_scraper] 

[afx_scraper] 2026-03-04 09:22:12 [httpx] INFO: HTTP Request: POST https://vbqerqbllfwnyjsogbxl.supabase.co/rest/v1/stock_data?on_conflict=ticker_symbol "HTTP/2 200 OK"
[afx_scraper] 

[afx_scraper] 2026-03-04 09:22:12 [httpx] INFO: HTTP Request: GET https://vbqerqbllfwnyjsogbxl.supabase.co/rest/v1/stock_data?select=price_history%2Cstock_price%2Cstock_change&ticker_symbol=eq.MSC "HTTP/2 200 OK"
[afx_scraper] 

[afx_scraper] 2026-03-04 09:22:13 [httpx] INFO: HTTP Request: POST https://vbqerqbllfwnyjsogbxl.supabase.co/rest/v1/stock_data?on_conflict=ticker_symbol "HTTP/2 200 OK"
[afx_scraper] 

[afx_scraper] 2026-03-04 09:22:13 [httpx] INFO: HTTP Request: GET https://vbqerqbllfwnyjsogbxl.supabase.co/rest/v1/stock_data?select=price_history%2Cstock_price%2Cstock_change&ticker_symbol=eq.NBV "HTTP/2 200 OK"
[afx_scraper] 

[afx_scraper] 2026-03-04 09:22:14 [httpx] INFO: HTTP Request: POST https://vbqerqbllfwnyjsogbxl.supabase.co/rest/v1/stock_data?on_conflict=ticker_symbol "HTTP/2 200 OK"
[afx_scraper] 

[afx_scraper] 2026-03-04 09:22:15 [httpx] INFO: HTTP Request: GET https://vbqerqbllfwnyjsogbxl.supabase.co/rest/v1/stock_data?select=price_history%2Cstock_price%2Cstock_change&ticker_symbol=eq.NCBA "HTTP/2 200 OK"
[afx_scraper] 

[afx_scraper] 2026-03-04 09:22:15 [httpx] INFO: HTTP Request: POST https://vbqerqbllfwnyjsogbxl.supabase.co/rest/v1/stock_data?on_conflict=ticker_symbol "HTTP/2 200 OK"
[afx_scraper] 

[afx_scraper] 2026-03-04 09:22:16 [httpx] INFO: HTTP Request: GET https://vbqerqbllfwnyjsogbxl.supabase.co/rest/v1/stock_data?select=price_history%2Cstock_price%2Cstock_change&ticker_symbol=eq.NMG "HTTP/2 200 OK"
[afx_scraper] 

[afx_scraper] 2026-03-04 09:22:16 [httpx] INFO: HTTP Request: POST https://vbqerqbllfwnyjsogbxl.supabase.co/rest/v1/stock_data?on_conflict=ticker_symbol "HTTP/2 200 OK"
[afx_scraper] 

[afx_scraper] 2026-03-04 09:22:17 [httpx] INFO: HTTP Request: GET https://vbqerqbllfwnyjsogbxl.supabase.co/rest/v1/stock_data?select=price_history%2Cstock_price%2Cstock_change&ticker_symbol=eq.NSE "HTTP/2 200 OK"
[afx_scraper] 

[afx_scraper] 2026-03-04 09:22:18 [httpx] INFO: HTTP Request: POST https://vbqerqbllfwnyjsogbxl.supabase.co/rest/v1/stock_data?on_conflict=ticker_symbol "HTTP/2 200 OK"
[afx_scraper] 

[afx_scraper] 2026-03-04 09:22:18 [httpx] INFO: HTTP Request: GET https://vbqerqbllfwnyjsogbxl.supabase.co/rest/v1/stock_data?select=price_history%2Cstock_price%2Cstock_change&ticker_symbol=eq.OCH "HTTP/2 200 OK"
[afx_scraper] 

[afx_scraper] 2026-03-04 09:22:19 [httpx] INFO: HTTP Request: POST https://vbqerqbllfwnyjsogbxl.supabase.co/rest/v1/stock_data?on_conflict=ticker_symbol "HTTP/2 200 OK"
[afx_scraper] 

[afx_scraper] 2026-03-04 09:22:19 [httpx] INFO: HTTP Request: GET https://vbqerqbllfwnyjsogbxl.supabase.co/rest/v1/stock_data?select=price_history%2Cstock_price%2Cstock_change&ticker_symbol=eq.PORT "HTTP/2 200 OK"
[afx_scraper] 

[afx_scraper] 2026-03-04 09:22:20 [httpx] INFO: HTTP Request: POST https://vbqerqbllfwnyjsogbxl.supabase.co/rest/v1/stock_data?on_conflict=ticker_symbol "HTTP/2 200 OK"
[afx_scraper] 

[afx_scraper] 2026-03-04 09:22:21 [httpx] INFO: HTTP Request: GET https://vbqerqbllfwnyjsogbxl.supabase.co/rest/v1/stock_data?select=price_history%2Cstock_price%2Cstock_change&ticker_symbol=eq.SASN "HTTP/2 200 OK"
[afx_scraper] 

[afx_scraper] 2026-03-04 09:22:21 [httpx] INFO: HTTP Request: POST https://vbqerqbllfwnyjsogbxl.supabase.co/rest/v1/stock_data?on_conflict=ticker_symbol "HTTP/2 200 OK"
[afx_scraper] 

[afx_scraper] 2026-03-04 09:22:21 [httpx] INFO: HTTP Request: GET https://vbqerqbllfwnyjsogbxl.supabase.co/rest/v1/stock_data?select=price_history%2Cstock_price%2Cstock_change&ticker_symbol=eq.SBIC "HTTP/2 200 OK"
[afx_scraper] 

[afx_scraper] 2026-03-04 09:22:22 [httpx] INFO: HTTP Request: POST https://vbqerqbllfwnyjsogbxl.supabase.co/rest/v1/stock_data?on_conflict=ticker_symbol "HTTP/2 200 OK"
[afx_scraper] 

[afx_scraper] 2026-03-04 09:22:22 [httpx] INFO: HTTP Request: GET https://vbqerqbllfwnyjsogbxl.supabase.co/rest/v1/stock_data?select=price_history%2Cstock_price%2Cstock_change&ticker_symbol=eq.SCAN "HTTP/2 200 OK"
[afx_scraper] 

[afx_scraper] 2026-03-04 09:22:22 [httpx] INFO: HTTP Request: POST https://vbqerqbllfwnyjsogbxl.supabase.co/rest/v1/stock_data?on_conflict=ticker_symbol "HTTP/2 200 OK"
[afx_scraper] 

[afx_scraper] 2026-03-04 09:22:23 [httpx] INFO: HTTP Request: GET https://vbqerqbllfwnyjsogbxl.supabase.co/rest/v1/stock_data?select=price_history%2Cstock_price%2Cstock_change&ticker_symbol=eq.SCBK "HTTP/2 200 OK"
[afx_scraper] 

[afx_scraper] 2026-03-04 09:22:23 [httpx] INFO: HTTP Request: POST https://vbqerqbllfwnyjsogbxl.supabase.co/rest/v1/stock_data?on_conflict=ticker_symbol "HTTP/2 200 OK"
[afx_scraper] 

[afx_scraper] 2026-03-04 09:22:23 [httpx] INFO: HTTP Request: GET https://vbqerqbllfwnyjsogbxl.supabase.co/rest/v1/stock_data?select=price_history%2Cstock_price%2Cstock_change&ticker_symbol=eq.SCOM "HTTP/2 200 OK"
[afx_scraper] 

[afx_scraper] 2026-03-04 09:22:24 [httpx] INFO: HTTP Request: POST https://vbqerqbllfwnyjsogbxl.supabase.co/rest/v1/stock_data?on_conflict=ticker_symbol "HTTP/2 200 OK"
[afx_scraper] 

[afx_scraper] 2026-03-04 09:22:25 [httpx] INFO: HTTP Request: GET https://vbqerqbllfwnyjsogbxl.supabase.co/rest/v1/stock_data?select=price_history%2Cstock_price%2Cstock_change&ticker_symbol=eq.SGL "HTTP/2 200 OK"
[afx_scraper] 

[afx_scraper] 2026-03-04 09:22:26 [httpx] INFO: HTTP Request: POST https://vbqerqbllfwnyjsogbxl.supabase.co/rest/v1/stock_data?on_conflict=ticker_symbol "HTTP/2 200 OK"
[afx_scraper] 

[afx_scraper] 2026-03-04 09:22:27 [httpx] INFO: HTTP Request: GET https://vbqerqbllfwnyjsogbxl.supabase.co/rest/v1/stock_data?select=price_history%2Cstock_price%2Cstock_change&ticker_symbol=eq.SKL "HTTP/2 200 OK"
[afx_scraper] 

[afx_scraper] 2026-03-04 09:22:28 [httpx] INFO: HTTP Request: POST https://vbqerqbllfwnyjsogbxl.supabase.co/rest/v1/stock_data?on_conflict=ticker_symbol "HTTP/2 200 OK"
[afx_scraper] 

[afx_scraper] 2026-03-04 09:22:29 [httpx] INFO: HTTP Request: GET https://vbqerqbllfwnyjsogbxl.supabase.co/rest/v1/stock_data?select=price_history%2Cstock_price%2Cstock_change&ticker_symbol=eq.SLAM "HTTP/2 200 OK"
[afx_scraper] 

[afx_scraper] 2026-03-04 09:22:30 [httpx] INFO: HTTP Request: POST https://vbqerqbllfwnyjsogbxl.supabase.co/rest/v1/stock_data?on_conflict=ticker_symbol "HTTP/2 200 OK"
[afx_scraper] 

[afx_scraper] 2026-03-04 09:22:32 [httpx] INFO: HTTP Request: GET https://vbqerqbllfwnyjsogbxl.supabase.co/rest/v1/stock_data?select=price_history%2Cstock_price%2Cstock_change&ticker_symbol=eq.SMER "HTTP/2 200 OK"
[afx_scraper] 

[afx_scraper] 2026-03-04 09:22:34 [httpx] INFO: HTTP Request: POST https://vbqerqbllfwnyjsogbxl.supabase.co/rest/v1/stock_data?on_conflict=ticker_symbol "HTTP/2 200 OK"
[afx_scraper] 

[afx_scraper] 2026-03-04 09:22:36 [httpx] INFO: HTTP Request: GET https://vbqerqbllfwnyjsogbxl.supabase.co/rest/v1/stock_data?select=price_history%2Cstock_price%2Cstock_change&ticker_symbol=eq.SMWF "HTTP/2 200 OK"
[afx_scraper] 

[afx_scraper] 2026-03-04 09:22:36 [httpx] INFO: HTTP Request: POST https://vbqerqbllfwnyjsogbxl.supabase.co/rest/v1/stock_data?on_conflict=ticker_symbol "HTTP/2 200 OK"
[afx_scraper] 

[afx_scraper] 2026-03-04 09:22:37 [httpx] INFO: HTTP Request: GET https://vbqerqbllfwnyjsogbxl.supabase.co/rest/v1/stock_data?select=price_history%2Cstock_price%2Cstock_change&ticker_symbol=eq.TCL "HTTP/2 200 OK"
[afx_scraper] 

[afx_scraper] 2026-03-04 09:22:37 [httpx] INFO: HTTP Request: POST https://vbqerqbllfwnyjsogbxl.supabase.co/rest/v1/stock_data?on_conflict=ticker_symbol "HTTP/2 200 OK"
[afx_scraper] 

[afx_scraper] 2026-03-04 09:22:38 [httpx] INFO: HTTP Request: GET https://vbqerqbllfwnyjsogbxl.supabase.co/rest/v1/stock_data?select=price_history%2Cstock_price%2Cstock_change&ticker_symbol=eq.TOTL "HTTP/2 200 OK"
[afx_scraper] 

[afx_scraper] 2026-03-04 09:22:38 [httpx] INFO: HTTP Request: POST https://vbqerqbllfwnyjsogbxl.supabase.co/rest/v1/stock_data?on_conflict=ticker_symbol "HTTP/2 200 OK"
[afx_scraper] 

[afx_scraper] 2026-03-04 09:22:39 [httpx] INFO: HTTP Request: GET https://vbqerqbllfwnyjsogbxl.supabase.co/rest/v1/stock_data?select=price_history%2Cstock_price%2Cstock_change&ticker_symbol=eq.TPSE "HTTP/2 200 OK"
[afx_scraper] 

[afx_scraper] 2026-03-04 09:22:42 [httpx] INFO: HTTP Request: POST https://vbqerqbllfwnyjsogbxl.supabase.co/rest/v1/stock_data?on_conflict=ticker_symbol "HTTP/2 200 OK"
[afx_scraper] 

[afx_scraper] 2026-03-04 09:22:46 [httpx] INFO: HTTP Request: GET https://vbqerqbllfwnyjsogbxl.supabase.co/rest/v1/stock_data?select=price_history%2Cstock_price%2Cstock_change&ticker_symbol=eq.UCHM "HTTP/2 200 OK"
[afx_scraper] 

[afx_scraper] 2026-03-04 09:22:50 [httpx] INFO: HTTP Request: POST https://vbqerqbllfwnyjsogbxl.supabase.co/rest/v1/stock_data?on_conflict=ticker_symbol "HTTP/2 200 OK"
[afx_scraper] 

[afx_scraper] 2026-03-04 09:22:54 [httpx] INFO: HTTP Request: GET https://vbqerqbllfwnyjsogbxl.supabase.co/rest/v1/stock_data?select=price_history%2Cstock_price%2Cstock_change&ticker_symbol=eq.UMME "HTTP/2 200 OK"
[afx_scraper] 

[afx_scraper] 2026-03-04 09:22:57 [httpx] INFO: HTTP Request: POST https://vbqerqbllfwnyjsogbxl.supabase.co/rest/v1/stock_data?on_conflict=ticker_symbol "HTTP/2 200 OK"
[afx_scraper] 

[afx_scraper] 2026-03-04 09:22:58 [httpx] INFO: HTTP Request: GET https://vbqerqbllfwnyjsogbxl.supabase.co/rest/v1/stock_data?select=price_history%2Cstock_price%2Cstock_change&ticker_symbol=eq.UNGA "HTTP/2 200 OK"
[afx_scraper] 

[afx_scraper] 2026-03-04 09:23:00 [httpx] INFO: HTTP Request: POST https://vbqerqbllfwnyjsogbxl.supabase.co/rest/v1/stock_data?on_conflict=ticker_symbol "HTTP/2 200 OK"
[afx_scraper] 

[afx_scraper] 2026-03-04 09:23:05 [httpx] INFO: HTTP Request: GET https://vbqerqbllfwnyjsogbxl.supabase.co/rest/v1/stock_data?select=price_history%2Cstock_price%2Cstock_change&ticker_symbol=eq.WTK "HTTP/2 200 OK"
[afx_scraper] 

[afx_scraper] 2026-03-04 09:23:07 [httpx] INFO: HTTP Request: POST https://vbqerqbllfwnyjsogbxl.supabase.co/rest/v1/stock_data?on_conflict=ticker_symbol "HTTP/2 200 OK"
[afx_scraper] 

[afx_scraper] 2026-03-04 09:23:08 [httpx] INFO: HTTP Request: GET https://vbqerqbllfwnyjsogbxl.supabase.co/rest/v1/stock_data?select=price_history%2Cstock_price%2Cstock_change&ticker_symbol=eq.XPRS "HTTP/2 200 OK"
[afx_scraper] 

[afx_scraper] 2026-03-04 09:23:09 [httpx] INFO: HTTP Request: POST https://vbqerqbllfwnyjsogbxl.supabase.co/rest/v1/stock_data?on_conflict=ticker_symbol "HTTP/2 200 OK"
[afx_scraper] 

[afx_scraper] 2026-03-04 09:23:09 [scrapy.extensions.logstats] INFO: Crawled 1 pages (at 1 pages/min), scraped 67 items (at 67 items/min)
[afx_scraper] 

[afx_scraper] 2026-03-04 09:23:09 [scrapy.core.engine] INFO: Closing spider (finished)
[afx_scraper] 

[afx_scraper] 2026-03-04 09:23:09 [nse_scraper.pipelines] INFO: Storage backend closed
[afx_scraper] 

[afx_scraper] 2026-03-04 09:23:09 [scrapy.statscollectors] INFO: Dumping Scrapy stats:
[afx_scraper] 

[afx_scraper] {'downloader/request_bytes': 268,
[afx_scraper] 

[afx_scraper]  'downloader/request_count': 1,
[afx_scraper] 

[afx_scraper]  'downloader/request_method_count/GET': 1,
[afx_scraper] 

[afx_scraper]  'downloader/response_bytes': 10664,
[afx_scraper] 

[afx_scraper]  'downloader/response_count': 1,
[afx_scraper] 

[afx_scraper]  'downloader/response_status_count/200': 1,
[afx_scraper] 

[afx_scraper]  'elapsed_time_seconds': 118.465218,
[afx_scraper] 

[afx_scraper]  'finish_reason': 'finished',
[afx_scraper] 

[afx_scraper]  'finish_time': datetime.datetime(2026, 3, 4, 6, 23, 9, 815644, tzinfo=datetime.timezone.utc),
[afx_scraper] 

[afx_scraper]  'httpcache/firsthand': 1,
[afx_scraper] 

[afx_scraper]  'httpcache/miss': 1,
[afx_scraper] 

[afx_scraper]  'httpcache/store': 1,
[afx_scraper] 

[afx_scraper]  'httpcompression/response_bytes': 39131,
[afx_scraper] 

[afx_scraper]  'httpcompression/response_count': 1,
[afx_scraper] 

[afx_scraper]  'item_scraped_count': 67,
[afx_scraper] 

[afx_scraper]  'items_per_minute': 34.067796610169495,
[afx_scraper] 

[afx_scraper]  'log_count/INFO': 140,
[afx_scraper] 

[afx_scraper]  'log_count/WARNING': 1,
[afx_scraper] 

[afx_scraper]  'response_received_count': 1,
[afx_scraper] 

[afx_scraper]  'responses_per_minute': 0.5084745762711864,
[afx_scraper] 

[afx_scraper]  'scheduler/dequeued': 1,
[afx_scraper] 

[afx_scraper]  'scheduler/dequeued/memory': 1,
[afx_scraper] 

[afx_scraper]  'scheduler/enqueued': 1,
[afx_scraper] 

[afx_scraper]  'scheduler/enqueued/memory': 1,
[afx_scraper] 

[afx_scraper]  'start_time': datetime.datetime(2026, 3, 4, 6, 21, 11, 350426, tzinfo=datetime.timezone.utc)}
[afx_scraper] 

[afx_scraper] 2026-03-04 09:23:09 [scrapy.core.engine] INFO: Spider closed (finished)
[afx_scraper] 

[2026-03-04T09:23:11] END afx_scraper exit=0 durationSec=128.05
[2026-03-04T09:23:11] START stockanalysis_scraper
[stockanalysis_scraper] 2026-03-04 09:23:13 [scrapy.utils.log] INFO: Scrapy 2.14.1 started (bot: nse_scraper)
[stockanalysis_scraper] 

[stockanalysis_scraper] 2026-03-04 09:23:13 [scrapy.utils.log] INFO: Versions:
[stockanalysis_scraper] 

[stockanalysis_scraper] {'lxml': '6.0.2',
[stockanalysis_scraper] 

[stockanalysis_scraper]  'libxml2': '2.11.9',
[stockanalysis_scraper] 

[stockanalysis_scraper]  'cssselect': '1.4.0',
[stockanalysis_scraper] 

[stockanalysis_scraper]  'parsel': '1.11.0',
[stockanalysis_scraper] 

[stockanalysis_scraper]  'Twisted': '25.5.0',
[stockanalysis_scraper] 

[stockanalysis_scraper]  'Python': '3.13.1 (tags/v3.13.1:0671451, Dec  3 2024, 19:06:28) [MSC v.1942 '
[stockanalysis_scraper] 

[stockanalysis_scraper]            '64 bit (AMD64)]',
[stockanalysis_scraper] 

[stockanalysis_scraper]  'pyOpenSSL': '25.3.0 (OpenSSL 3.5.5 27 Jan 2026)',
[stockanalysis_scraper] 

[stockanalysis_scraper]  'cryptography': '46.0.4',
[stockanalysis_scraper] 

[stockanalysis_scraper]  'Platform': 'Windows-11-10.0.22621-SP0'}
[stockanalysis_scraper] 

[stockanalysis_scraper]  'w3lib': '2.3.1',
[stockanalysis_scraper] 

[stockanalysis_scraper] 2026-03-04 09:23:13 [scrapy.addons] INFO: Enabled addons:
[stockanalysis_scraper] 

[stockanalysis_scraper] []
[stockanalysis_scraper] 

[stockanalysis_scraper] 2026-03-04 09:23:13 [scrapy.extensions.telnet] INFO: Telnet Password: 4c5e76d44e3bedb0
[stockanalysis_scraper] 

[stockanalysis_scraper] 2026-03-04 09:23:13 [scrapy.middleware] INFO: Enabled extensions:
[stockanalysis_scraper] 

[stockanalysis_scraper]  'scrapy.extensions.logcount.LogCount',
[stockanalysis_scraper] 

[stockanalysis_scraper]  'scrapy.extensions.telnet.TelnetConsole',
[stockanalysis_scraper] 

[stockanalysis_scraper]  'scrapy.extensions.logstats.LogStats']
[stockanalysis_scraper] 

[stockanalysis_scraper] ['scrapy.extensions.corestats.CoreStats',
[stockanalysis_scraper] 

[stockanalysis_scraper] 2026-03-04 09:23:13 [scrapy.crawler] INFO: Overridden settings:
[stockanalysis_scraper] 

[stockanalysis_scraper] {'BOT_NAME': 'nse_scraper',
[stockanalysis_scraper] 

[stockanalysis_scraper]  'CONCURRENT_REQUESTS': 8,
[stockanalysis_scraper] 

[stockanalysis_scraper]  'CONCURRENT_REQUESTS_PER_DOMAIN': 2,
[stockanalysis_scraper] 

[stockanalysis_scraper]  'DOWNLOAD_DELAY': 1,
[stockanalysis_scraper] 

[stockanalysis_scraper]  'HTTPCACHE_ENABLED': 'False',
[stockanalysis_scraper] 

[stockanalysis_scraper]  'HTTPCACHE_EXPIRATION_SECS': 3600,
[stockanalysis_scraper] 

[stockanalysis_scraper]  'NEWSPIDER_MODULE': 'nse_scraper.spiders',
[stockanalysis_scraper] 

[stockanalysis_scraper]  'RETRY_HTTP_CODES': [500, 502, 503, 504, 408, 429],
[stockanalysis_scraper] 

[stockanalysis_scraper]  'RETRY_TIMES': 3,
[stockanalysis_scraper] 

[stockanalysis_scraper]  'SPIDER_MODULES': ['nse_scraper.spiders'],
[stockanalysis_scraper] 

[stockanalysis_scraper]  'LOG_LEVEL': 'INFO',
[stockanalysis_scraper] 

[stockanalysis_scraper]  'USER_AGENT': 'Mozilla/5.0 (Windows NT 10.0; Win64; x64) AppleWebKit/537.36 '
[stockanalysis_scraper] 

[stockanalysis_scraper]                '(KHTML, like Gecko) Chrome/120.0.0.0 Safari/537.36'}
[stockanalysis_scraper] 

[stockanalysis_scraper] ['scrapy.downloadermiddlewares.offsite.OffsiteMiddleware',
[stockanalysis_scraper] 

[stockanalysis_scraper] 2026-03-04 09:23:13 [scrapy.middleware] INFO: Enabled downloader middlewares:
[stockanalysis_scraper] 

[stockanalysis_scraper]  'scrapy.downloadermiddlewares.httpauth.HttpAuthMiddleware',
[stockanalysis_scraper] 

[stockanalysis_scraper]  'scrapy.downloadermiddlewares.downloadtimeout.DownloadTimeoutMiddleware',
[stockanalysis_scraper] 

[stockanalysis_scraper]  'scrapy.downloadermiddlewares.defaultheaders.DefaultHeadersMiddleware',
[stockanalysis_scraper] 

[stockanalysis_scraper]  'scrapy.downloadermiddlewares.useragent.UserAgentMiddleware',
[stockanalysis_scraper] 

[stockanalysis_scraper]  'scrapy.downloadermiddlewares.retry.RetryMiddleware',
[stockanalysis_scraper] 

[stockanalysis_scraper]  'scrapy.downloadermiddlewares.redirect.MetaRefreshMiddleware',
[stockanalysis_scraper] 

[stockanalysis_scraper]  'scrapy.downloadermiddlewares.httpcompression.HttpCompressionMiddleware',
[stockanalysis_scraper] 

[stockanalysis_scraper]  'scrapy.downloadermiddlewares.redirect.RedirectMiddleware',
[stockanalysis_scraper] 

[stockanalysis_scraper]  'scrapy.downloadermiddlewares.httpproxy.HttpProxyMiddleware',
[stockanalysis_scraper] 

[stockanalysis_scraper]  'scrapy.downloadermiddlewares.cookies.CookiesMiddleware',
[stockanalysis_scraper] 

[stockanalysis_scraper]  'scrapy.downloadermiddlewares.stats.DownloaderStats']
[stockanalysis_scraper] 

[stockanalysis_scraper] ['scrapy.spidermiddlewares.start.StartSpiderMiddleware',
[stockanalysis_scraper] 

[stockanalysis_scraper] 2026-03-04 09:23:13 [scrapy.middleware] INFO: Enabled spider middlewares:
[stockanalysis_scraper] 

[stockanalysis_scraper]  'scrapy.spidermiddlewares.referer.RefererMiddleware',
[stockanalysis_scraper] 

[stockanalysis_scraper]  'scrapy.spidermiddlewares.httperror.HttpErrorMiddleware',
[stockanalysis_scraper] 

[stockanalysis_scraper]  'scrapy.spidermiddlewares.urllength.UrlLengthMiddleware',
[stockanalysis_scraper] 

[stockanalysis_scraper]  'scrapy.spidermiddlewares.depth.DepthMiddleware']
[stockanalysis_scraper] 

[stockanalysis_scraper] 2026-03-04 09:23:14 [scrapy.middleware] INFO: Enabled item pipelines:
[stockanalysis_scraper] 

[stockanalysis_scraper] ['nse_scraper.pipelines.StockAnalysisPipeline']
[stockanalysis_scraper] 

[stockanalysis_scraper] 2026-03-04 09:23:14 [scrapy.core.engine] INFO: Spider opened
[stockanalysis_scraper] 

[stockanalysis_scraper] 2026-03-04 09:23:16 [nse_scraper.db.backends] INFO: Supabase backend ready
[stockanalysis_scraper] 

[stockanalysis_scraper] 2026-03-04 09:23:16 [nse_scraper.pipelines] INFO: StockAnalysisPipeline: Supabase storage active
[stockanalysis_scraper] 

[stockanalysis_scraper] 2026-03-04 09:23:16 [scrapy.extensions.logstats] INFO: Crawled 0 pages (at 0 pages/min), scraped 0 items (at 0 items/min)
[stockanalysis_scraper] 

[stockanalysis_scraper] 2026-03-04 09:23:16 [scrapy.extensions.telnet] INFO: Telnet console listening on 127.0.0.1:6023
[stockanalysis_scraper] 

[stockanalysis_scraper] 2026-03-04 09:23:20 [nse_scraper.spiders.stockanalysis_scraper] INFO: View 'performance' missing in embedded payload; fetching via screener API
[stockanalysis_scraper] 

[stockanalysis_scraper] 2026-03-04 09:23:32 [httpx] INFO: HTTP Request: GET https://vbqerqbllfwnyjsogbxl.supabase.co/rest/v1/stockanalysis_stocks?select=price_history%2Cstock_price%2Cstock_change&ticker_symbol=eq.SCOM "HTTP/2 200 OK"
[stockanalysis_scraper] 

[stockanalysis_scraper] 2026-03-04 09:23:34 [httpx] INFO: HTTP Request: POST https://vbqerqbllfwnyjsogbxl.supabase.co/rest/v1/stockanalysis_stocks?on_conflict=ticker_symbol "HTTP/2 200 OK"
[stockanalysis_scraper] 

[stockanalysis_scraper] 2026-03-04 09:23:35 [httpx] INFO: HTTP Request: GET https://vbqerqbllfwnyjsogbxl.supabase.co/rest/v1/stockanalysis_stocks?select=price_history%2Cstock_price%2Cstock_change&ticker_symbol=eq.EQTY "HTTP/2 200 OK"
[stockanalysis_scraper] 

[stockanalysis_scraper] 2026-03-04 09:23:35 [httpx] INFO: HTTP Request: POST https://vbqerqbllfwnyjsogbxl.supabase.co/rest/v1/stockanalysis_stocks?on_conflict=ticker_symbol "HTTP/2 200 OK"
[stockanalysis_scraper] 

[stockanalysis_scraper] 2026-03-04 09:23:36 [httpx] INFO: HTTP Request: GET https://vbqerqbllfwnyjsogbxl.supabase.co/rest/v1/stockanalysis_stocks?select=price_history%2Cstock_price%2Cstock_change&ticker_symbol=eq.KCB "HTTP/2 200 OK"
[stockanalysis_scraper] 

[stockanalysis_scraper] 2026-03-04 09:23:37 [httpx] INFO: HTTP Request: POST https://vbqerqbllfwnyjsogbxl.supabase.co/rest/v1/stockanalysis_stocks?on_conflict=ticker_symbol "HTTP/2 200 OK"
[stockanalysis_scraper] 

[stockanalysis_scraper] 2026-03-04 09:23:38 [httpx] INFO: HTTP Request: GET https://vbqerqbllfwnyjsogbxl.supabase.co/rest/v1/stockanalysis_stocks?select=price_history%2Cstock_price%2Cstock_change&ticker_symbol=eq.EABL "HTTP/2 200 OK"
[stockanalysis_scraper] 

[stockanalysis_scraper] 2026-03-04 09:23:39 [httpx] INFO: HTTP Request: POST https://vbqerqbllfwnyjsogbxl.supabase.co/rest/v1/stockanalysis_stocks?on_conflict=ticker_symbol "HTTP/2 200 OK"
[stockanalysis_scraper] 

[stockanalysis_scraper] 2026-03-04 09:23:40 [httpx] INFO: HTTP Request: GET https://vbqerqbllfwnyjsogbxl.supabase.co/rest/v1/stockanalysis_stocks?select=price_history%2Cstock_price%2Cstock_change&ticker_symbol=eq.COOP "HTTP/2 200 OK"
[stockanalysis_scraper] 

[stockanalysis_scraper] 2026-03-04 09:23:41 [httpx] INFO: HTTP Request: POST https://vbqerqbllfwnyjsogbxl.supabase.co/rest/v1/stockanalysis_stocks?on_conflict=ticker_symbol "HTTP/2 200 OK"
[stockanalysis_scraper] 

[stockanalysis_scraper] 2026-03-04 09:23:43 [httpx] INFO: HTTP Request: GET https://vbqerqbllfwnyjsogbxl.supabase.co/rest/v1/stockanalysis_stocks?select=price_history%2Cstock_price%2Cstock_change&ticker_symbol=eq.ABSA "HTTP/2 200 OK"
[stockanalysis_scraper] 

[stockanalysis_scraper] 2026-03-04 09:23:44 [httpx] INFO: HTTP Request: POST https://vbqerqbllfwnyjsogbxl.supabase.co/rest/v1/stockanalysis_stocks?on_conflict=ticker_symbol "HTTP/2 200 OK"
[stockanalysis_scraper] 

[stockanalysis_scraper] 2026-03-04 09:23:46 [httpx] INFO: HTTP Request: GET https://vbqerqbllfwnyjsogbxl.supabase.co/rest/v1/stockanalysis_stocks?select=price_history%2Cstock_price%2Cstock_change&ticker_symbol=eq.NCBA "HTTP/2 200 OK"
[stockanalysis_scraper] 

[stockanalysis_scraper] 2026-03-04 09:23:47 [httpx] INFO: HTTP Request: POST https://vbqerqbllfwnyjsogbxl.supabase.co/rest/v1/stockanalysis_stocks?on_conflict=ticker_symbol "HTTP/2 200 OK"
[stockanalysis_scraper] 

[stockanalysis_scraper] 2026-03-04 09:23:49 [httpx] INFO: HTTP Request: GET https://vbqerqbllfwnyjsogbxl.supabase.co/rest/v1/stockanalysis_stocks?select=price_history%2Cstock_price%2Cstock_change&ticker_symbol=eq.SCBK "HTTP/2 200 OK"
[stockanalysis_scraper] 

[stockanalysis_scraper] 2026-03-04 09:23:51 [httpx] INFO: HTTP Request: POST https://vbqerqbllfwnyjsogbxl.supabase.co/rest/v1/stockanalysis_stocks?on_conflict=ticker_symbol "HTTP/2 200 OK"
[stockanalysis_scraper] 

[stockanalysis_scraper] 2026-03-04 09:23:51 [httpx] INFO: HTTP Request: GET https://vbqerqbllfwnyjsogbxl.supabase.co/rest/v1/stockanalysis_stocks?select=price_history%2Cstock_price%2Cstock_change&ticker_symbol=eq.SBIC "HTTP/2 200 OK"
[stockanalysis_scraper] 

[stockanalysis_scraper] 2026-03-04 09:23:52 [httpx] INFO: HTTP Request: POST https://vbqerqbllfwnyjsogbxl.supabase.co/rest/v1/stockanalysis_stocks?on_conflict=ticker_symbol "HTTP/2 200 OK"
[stockanalysis_scraper] 

[stockanalysis_scraper] 2026-03-04 09:23:52 [httpx] INFO: HTTP Request: GET https://vbqerqbllfwnyjsogbxl.supabase.co/rest/v1/stockanalysis_stocks?select=price_history%2Cstock_price%2Cstock_change&ticker_symbol=eq.IMH "HTTP/2 200 OK"
[stockanalysis_scraper] 

[stockanalysis_scraper] 2026-03-04 09:23:52 [httpx] INFO: HTTP Request: POST https://vbqerqbllfwnyjsogbxl.supabase.co/rest/v1/stockanalysis_stocks?on_conflict=ticker_symbol "HTTP/2 200 OK"
[stockanalysis_scraper] 

[stockanalysis_scraper] 2026-03-04 09:23:53 [httpx] INFO: HTTP Request: GET https://vbqerqbllfwnyjsogbxl.supabase.co/rest/v1/stockanalysis_stocks?select=price_history%2Cstock_price%2Cstock_change&ticker_symbol=eq.KEGN "HTTP/2 200 OK"
[stockanalysis_scraper] 

[stockanalysis_scraper] 2026-03-04 09:23:54 [httpx] INFO: HTTP Request: POST https://vbqerqbllfwnyjsogbxl.supabase.co/rest/v1/stockanalysis_stocks?on_conflict=ticker_symbol "HTTP/2 200 OK"
[stockanalysis_scraper] 

[stockanalysis_scraper] 2026-03-04 09:23:54 [httpx] INFO: HTTP Request: GET https://vbqerqbllfwnyjsogbxl.supabase.co/rest/v1/stockanalysis_stocks?select=price_history%2Cstock_price%2Cstock_change&ticker_symbol=eq.BAT "HTTP/2 200 OK"
[stockanalysis_scraper] 

[stockanalysis_scraper] 2026-03-04 09:23:54 [httpx] INFO: HTTP Request: POST https://vbqerqbllfwnyjsogbxl.supabase.co/rest/v1/stockanalysis_stocks?on_conflict=ticker_symbol "HTTP/2 200 OK"
[stockanalysis_scraper] 

[stockanalysis_scraper] 2026-03-04 09:23:54 [httpx] INFO: HTTP Request: GET https://vbqerqbllfwnyjsogbxl.supabase.co/rest/v1/stockanalysis_stocks?select=price_history%2Cstock_price%2Cstock_change&ticker_symbol=eq.BKG "HTTP/2 200 OK"
[stockanalysis_scraper] 

[stockanalysis_scraper] 2026-03-04 09:23:55 [httpx] INFO: HTTP Request: POST https://vbqerqbllfwnyjsogbxl.supabase.co/rest/v1/stockanalysis_stocks?on_conflict=ticker_symbol "HTTP/2 200 OK"
[stockanalysis_scraper] 

[stockanalysis_scraper] 2026-03-04 09:23:55 [httpx] INFO: HTTP Request: GET https://vbqerqbllfwnyjsogbxl.supabase.co/rest/v1/stockanalysis_stocks?select=price_history%2Cstock_price%2Cstock_change&ticker_symbol=eq.DTK "HTTP/2 200 OK"
[stockanalysis_scraper] 

[stockanalysis_scraper] 2026-03-04 09:23:55 [httpx] INFO: HTTP Request: POST https://vbqerqbllfwnyjsogbxl.supabase.co/rest/v1/stockanalysis_stocks?on_conflict=ticker_symbol "HTTP/2 200 OK"
[stockanalysis_scraper] 

[stockanalysis_scraper] 2026-03-04 09:23:56 [httpx] INFO: HTTP Request: GET https://vbqerqbllfwnyjsogbxl.supabase.co/rest/v1/stockanalysis_stocks?select=price_history%2Cstock_price%2Cstock_change&ticker_symbol=eq.KPLC "HTTP/2 200 OK"
[stockanalysis_scraper] 

[stockanalysis_scraper] 2026-03-04 09:23:57 [httpx] INFO: HTTP Request: POST https://vbqerqbllfwnyjsogbxl.supabase.co/rest/v1/stockanalysis_stocks?on_conflict=ticker_symbol "HTTP/2 200 OK"
[stockanalysis_scraper] 

[stockanalysis_scraper] 2026-03-04 09:23:57 [httpx] INFO: HTTP Request: GET https://vbqerqbllfwnyjsogbxl.supabase.co/rest/v1/stockanalysis_stocks?select=price_history%2Cstock_price%2Cstock_change&ticker_symbol=eq.BRIT "HTTP/2 200 OK"
[stockanalysis_scraper] 

[stockanalysis_scraper] 2026-03-04 09:23:58 [httpx] INFO: HTTP Request: POST https://vbqerqbllfwnyjsogbxl.supabase.co/rest/v1/stockanalysis_stocks?on_conflict=ticker_symbol "HTTP/2 200 OK"
[stockanalysis_scraper] 

[stockanalysis_scraper] 2026-03-04 09:23:58 [httpx] INFO: HTTP Request: GET https://vbqerqbllfwnyjsogbxl.supabase.co/rest/v1/stockanalysis_stocks?select=price_history%2Cstock_price%2Cstock_change&ticker_symbol=eq.KQ "HTTP/2 200 OK"
[stockanalysis_scraper] 

[stockanalysis_scraper] 2026-03-04 09:23:58 [httpx] INFO: HTTP Request: POST https://vbqerqbllfwnyjsogbxl.supabase.co/rest/v1/stockanalysis_stocks?on_conflict=ticker_symbol "HTTP/2 200 OK"
[stockanalysis_scraper] 

[stockanalysis_scraper] 2026-03-04 09:23:59 [httpx] INFO: HTTP Request: GET https://vbqerqbllfwnyjsogbxl.supabase.co/rest/v1/stockanalysis_stocks?select=price_history%2Cstock_price%2Cstock_change&ticker_symbol=eq.JUB "HTTP/2 200 OK"
[stockanalysis_scraper] 

[stockanalysis_scraper] 2026-03-04 09:23:59 [httpx] INFO: HTTP Request: POST https://vbqerqbllfwnyjsogbxl.supabase.co/rest/v1/stockanalysis_stocks?on_conflict=ticker_symbol "HTTP/2 200 OK"
[stockanalysis_scraper] 

[stockanalysis_scraper] 2026-03-04 09:24:00 [httpx] INFO: HTTP Request: GET https://vbqerqbllfwnyjsogbxl.supabase.co/rest/v1/stockanalysis_stocks?select=price_history%2Cstock_price%2Cstock_change&ticker_symbol=eq.TOTL "HTTP/2 200 OK"
[stockanalysis_scraper] 

[stockanalysis_scraper] 2026-03-04 09:24:00 [httpx] INFO: HTTP Request: POST https://vbqerqbllfwnyjsogbxl.supabase.co/rest/v1/stockanalysis_stocks?on_conflict=ticker_symbol "HTTP/2 200 OK"
[stockanalysis_scraper] 

[stockanalysis_scraper] 2026-03-04 09:24:01 [httpx] INFO: HTTP Request: GET https://vbqerqbllfwnyjsogbxl.supabase.co/rest/v1/stockanalysis_stocks?select=price_history%2Cstock_price%2Cstock_change&ticker_symbol=eq.KNRE "HTTP/2 200 OK"
[stockanalysis_scraper] 

[stockanalysis_scraper] 2026-03-04 09:24:02 [httpx] INFO: HTTP Request: POST https://vbqerqbllfwnyjsogbxl.supabase.co/rest/v1/stockanalysis_stocks?on_conflict=ticker_symbol "HTTP/2 200 OK"
[stockanalysis_scraper] 

[stockanalysis_scraper] 2026-03-04 09:24:02 [httpx] INFO: HTTP Request: GET https://vbqerqbllfwnyjsogbxl.supabase.co/rest/v1/stockanalysis_stocks?select=price_history%2Cstock_price%2Cstock_change&ticker_symbol=eq.BAMB "HTTP/2 200 OK"
[stockanalysis_scraper] 

[stockanalysis_scraper] 2026-03-04 09:24:03 [httpx] INFO: HTTP Request: POST https://vbqerqbllfwnyjsogbxl.supabase.co/rest/v1/stockanalysis_stocks?on_conflict=ticker_symbol "HTTP/2 200 OK"
[stockanalysis_scraper] 

[stockanalysis_scraper] 2026-03-04 09:24:04 [httpx] INFO: HTTP Request: GET https://vbqerqbllfwnyjsogbxl.supabase.co/rest/v1/stockanalysis_stocks?select=price_history%2Cstock_price%2Cstock_change&ticker_symbol=eq.HFCK "HTTP/2 200 OK"
[stockanalysis_scraper] 

[stockanalysis_scraper] 2026-03-04 09:24:05 [httpx] INFO: HTTP Request: POST https://vbqerqbllfwnyjsogbxl.supabase.co/rest/v1/stockanalysis_stocks?on_conflict=ticker_symbol "HTTP/2 200 OK"
[stockanalysis_scraper] 

[stockanalysis_scraper] 2026-03-04 09:24:06 [httpx] INFO: HTTP Request: GET https://vbqerqbllfwnyjsogbxl.supabase.co/rest/v1/stockanalysis_stocks?select=price_history%2Cstock_price%2Cstock_change&ticker_symbol=eq.CIC "HTTP/2 200 OK"
[stockanalysis_scraper] 

[stockanalysis_scraper] 2026-03-04 09:24:07 [httpx] INFO: HTTP Request: POST https://vbqerqbllfwnyjsogbxl.supabase.co/rest/v1/stockanalysis_stocks?on_conflict=ticker_symbol "HTTP/2 200 OK"
[stockanalysis_scraper] 

[stockanalysis_scraper] 2026-03-04 09:24:08 [httpx] INFO: HTTP Request: GET https://vbqerqbllfwnyjsogbxl.supabase.co/rest/v1/stockanalysis_stocks?select=price_history%2Cstock_price%2Cstock_change&ticker_symbol=eq.CTUM "HTTP/2 200 OK"
[stockanalysis_scraper] 

[stockanalysis_scraper] 2026-03-04 09:24:10 [httpx] INFO: HTTP Request: POST https://vbqerqbllfwnyjsogbxl.supabase.co/rest/v1/stockanalysis_stocks?on_conflict=ticker_symbol "HTTP/2 200 OK"
[stockanalysis_scraper] 

[stockanalysis_scraper] 2026-03-04 09:24:11 [httpx] INFO: HTTP Request: GET https://vbqerqbllfwnyjsogbxl.supabase.co/rest/v1/stockanalysis_stocks?select=price_history%2Cstock_price%2Cstock_change&ticker_symbol=eq.CRWN "HTTP/2 200 OK"
[stockanalysis_scraper] 

[stockanalysis_scraper] 2026-03-04 09:24:12 [httpx] INFO: HTTP Request: POST https://vbqerqbllfwnyjsogbxl.supabase.co/rest/v1/stockanalysis_stocks?on_conflict=ticker_symbol "HTTP/2 200 OK"
[stockanalysis_scraper] 

[stockanalysis_scraper] 2026-03-04 09:24:13 [httpx] INFO: HTTP Request: GET https://vbqerqbllfwnyjsogbxl.supabase.co/rest/v1/stockanalysis_stocks?select=price_history%2Cstock_price%2Cstock_change&ticker_symbol=eq.KUKZ "HTTP/2 200 OK"
[stockanalysis_scraper] 

[stockanalysis_scraper] 2026-03-04 09:24:13 [httpx] INFO: HTTP Request: POST https://vbqerqbllfwnyjsogbxl.supabase.co/rest/v1/stockanalysis_stocks?on_conflict=ticker_symbol "HTTP/2 200 OK"
[stockanalysis_scraper] 

[stockanalysis_scraper] 2026-03-04 09:24:14 [httpx] INFO: HTTP Request: GET https://vbqerqbllfwnyjsogbxl.supabase.co/rest/v1/stockanalysis_stocks?select=price_history%2Cstock_price%2Cstock_change&ticker_symbol=eq.CARB "HTTP/2 200 OK"
[stockanalysis_scraper] 

[stockanalysis_scraper] 2026-03-04 09:24:14 [httpx] INFO: HTTP Request: POST https://vbqerqbllfwnyjsogbxl.supabase.co/rest/v1/stockanalysis_stocks?on_conflict=ticker_symbol "HTTP/2 200 OK"
[stockanalysis_scraper] 

[stockanalysis_scraper] 2026-03-04 09:24:15 [httpx] INFO: HTTP Request: GET https://vbqerqbllfwnyjsogbxl.supabase.co/rest/v1/stockanalysis_stocks?select=price_history%2Cstock_price%2Cstock_change&ticker_symbol=eq.UMME "HTTP/2 200 OK"
[stockanalysis_scraper] 

[stockanalysis_scraper] 2026-03-04 09:24:16 [httpx] INFO: HTTP Request: POST https://vbqerqbllfwnyjsogbxl.supabase.co/rest/v1/stockanalysis_stocks?on_conflict=ticker_symbol "HTTP/2 200 OK"
[stockanalysis_scraper] 

[stockanalysis_scraper] 2026-03-04 09:24:17 [httpx] INFO: HTTP Request: GET https://vbqerqbllfwnyjsogbxl.supabase.co/rest/v1/stockanalysis_stocks?select=price_history%2Cstock_price%2Cstock_change&ticker_symbol=eq.PORT "HTTP/2 200 OK"
[stockanalysis_scraper] 

[stockanalysis_scraper] 2026-03-04 09:24:18 [httpx] INFO: HTTP Request: POST https://vbqerqbllfwnyjsogbxl.supabase.co/rest/v1/stockanalysis_stocks?on_conflict=ticker_symbol "HTTP/2 200 OK"
[stockanalysis_scraper] 

[stockanalysis_scraper] 2026-03-04 09:24:20 [httpx] INFO: HTTP Request: GET https://vbqerqbllfwnyjsogbxl.supabase.co/rest/v1/stockanalysis_stocks?select=price_history%2Cstock_price%2Cstock_change&ticker_symbol=eq.SASN "HTTP/2 200 OK"
[stockanalysis_scraper] 

[stockanalysis_scraper] 2026-03-04 09:24:21 [httpx] INFO: HTTP Request: POST https://vbqerqbllfwnyjsogbxl.supabase.co/rest/v1/stockanalysis_stocks?on_conflict=ticker_symbol "HTTP/2 200 OK"
[stockanalysis_scraper] 

[stockanalysis_scraper] 2026-03-04 09:24:22 [httpx] INFO: HTTP Request: GET https://vbqerqbllfwnyjsogbxl.supabase.co/rest/v1/stockanalysis_stocks?select=price_history%2Cstock_price%2Cstock_change&ticker_symbol=eq.NSE "HTTP/2 200 OK"
[stockanalysis_scraper] 

[stockanalysis_scraper] 2026-03-04 09:24:23 [httpx] INFO: HTTP Request: POST https://vbqerqbllfwnyjsogbxl.supabase.co/rest/v1/stockanalysis_stocks?on_conflict=ticker_symbol "HTTP/2 200 OK"
[stockanalysis_scraper] 

[stockanalysis_scraper] 2026-03-04 09:24:24 [httpx] INFO: HTTP Request: GET https://vbqerqbllfwnyjsogbxl.supabase.co/rest/v1/stockanalysis_stocks?select=price_history%2Cstock_price%2Cstock_change&ticker_symbol=eq.LBTY "HTTP/2 200 OK"
[stockanalysis_scraper] 

[stockanalysis_scraper] 2026-03-04 09:24:25 [httpx] INFO: HTTP Request: POST https://vbqerqbllfwnyjsogbxl.supabase.co/rest/v1/stockanalysis_stocks?on_conflict=ticker_symbol "HTTP/2 200 OK"
[stockanalysis_scraper] 

[stockanalysis_scraper] 2026-03-04 09:24:27 [httpx] INFO: HTTP Request: GET https://vbqerqbllfwnyjsogbxl.supabase.co/rest/v1/stockanalysis_stocks?select=price_history%2Cstock_price%2Cstock_change&ticker_symbol=eq.CGEN "HTTP/2 200 OK"
[stockanalysis_scraper] 

[stockanalysis_scraper] 2026-03-04 09:24:28 [httpx] INFO: HTTP Request: POST https://vbqerqbllfwnyjsogbxl.supabase.co/rest/v1/stockanalysis_stocks?on_conflict=ticker_symbol "HTTP/2 200 OK"
[stockanalysis_scraper] 

[stockanalysis_scraper] 2026-03-04 09:24:30 [httpx] INFO: HTTP Request: GET https://vbqerqbllfwnyjsogbxl.supabase.co/rest/v1/stockanalysis_stocks?select=price_history%2Cstock_price%2Cstock_change&ticker_symbol=eq.SMER "HTTP/2 200 OK"
[stockanalysis_scraper] 

[stockanalysis_scraper] 2026-03-04 09:24:31 [httpx] INFO: HTTP Request: POST https://vbqerqbllfwnyjsogbxl.supabase.co/rest/v1/stockanalysis_stocks?on_conflict=ticker_symbol "HTTP/2 200 OK"
[stockanalysis_scraper] 

[stockanalysis_scraper] 2026-03-04 09:24:33 [httpx] INFO: HTTP Request: GET https://vbqerqbllfwnyjsogbxl.supabase.co/rest/v1/stockanalysis_stocks?select=price_history%2Cstock_price%2Cstock_change&ticker_symbol=eq.WTK "HTTP/2 200 OK"
[stockanalysis_scraper] 

[stockanalysis_scraper] 2026-03-04 09:24:35 [httpx] INFO: HTTP Request: POST https://vbqerqbllfwnyjsogbxl.supabase.co/rest/v1/stockanalysis_stocks?on_conflict=ticker_symbol "HTTP/2 200 OK"
[stockanalysis_scraper] 

[stockanalysis_scraper] 2026-03-04 09:24:36 [httpx] INFO: HTTP Request: GET https://vbqerqbllfwnyjsogbxl.supabase.co/rest/v1/stockanalysis_stocks?select=price_history%2Cstock_price%2Cstock_change&ticker_symbol=eq.TPSE "HTTP/2 200 OK"
[stockanalysis_scraper] 

[stockanalysis_scraper] 2026-03-04 09:24:38 [httpx] INFO: HTTP Request: POST https://vbqerqbllfwnyjsogbxl.supabase.co/rest/v1/stockanalysis_stocks?on_conflict=ticker_symbol "HTTP/2 200 OK"
[stockanalysis_scraper] 

[stockanalysis_scraper] 2026-03-04 09:24:40 [httpx] INFO: HTTP Request: GET https://vbqerqbllfwnyjsogbxl.supabase.co/rest/v1/stockanalysis_stocks?select=price_history%2Cstock_price%2Cstock_change&ticker_symbol=eq.KAPC "HTTP/2 200 OK"
[stockanalysis_scraper] 

[stockanalysis_scraper] 2026-03-04 09:24:42 [httpx] INFO: HTTP Request: POST https://vbqerqbllfwnyjsogbxl.supabase.co/rest/v1/stockanalysis_stocks?on_conflict=ticker_symbol "HTTP/2 200 OK"
[stockanalysis_scraper] 

[stockanalysis_scraper] 2026-03-04 09:24:46 [httpx] INFO: HTTP Request: GET https://vbqerqbllfwnyjsogbxl.supabase.co/rest/v1/stockanalysis_stocks?select=price_history%2Cstock_price%2Cstock_change&ticker_symbol=eq.LAPR "HTTP/2 200 OK"
[stockanalysis_scraper] 

[stockanalysis_scraper] 2026-03-04 09:24:47 [httpx] INFO: HTTP Request: POST https://vbqerqbllfwnyjsogbxl.supabase.co/rest/v1/stockanalysis_stocks?on_conflict=ticker_symbol "HTTP/2 200 OK"
[stockanalysis_scraper] 

[stockanalysis_scraper] 2026-03-04 09:24:48 [httpx] INFO: HTTP Request: GET https://vbqerqbllfwnyjsogbxl.supabase.co/rest/v1/stockanalysis_stocks?select=price_history%2Cstock_price%2Cstock_change&ticker_symbol=eq.BOC "HTTP/2 200 OK"
[stockanalysis_scraper] 

[stockanalysis_scraper] 2026-03-04 09:24:49 [httpx] INFO: HTTP Request: POST https://vbqerqbllfwnyjsogbxl.supabase.co/rest/v1/stockanalysis_stocks?on_conflict=ticker_symbol "HTTP/2 200 OK"
[stockanalysis_scraper] 

[stockanalysis_scraper] 2026-03-04 09:24:51 [httpx] INFO: HTTP Request: GET https://vbqerqbllfwnyjsogbxl.supabase.co/rest/v1/stockanalysis_stocks?select=price_history%2Cstock_price%2Cstock_change&ticker_symbol=eq.UNGA "HTTP/2 200 OK"
[stockanalysis_scraper] 

[stockanalysis_scraper] 2026-03-04 09:24:52 [httpx] INFO: HTTP Request: POST https://vbqerqbllfwnyjsogbxl.supabase.co/rest/v1/stockanalysis_stocks?on_conflict=ticker_symbol "HTTP/2 200 OK"
[stockanalysis_scraper] 

[stockanalysis_scraper] 2026-03-04 09:24:53 [httpx] INFO: HTTP Request: GET https://vbqerqbllfwnyjsogbxl.supabase.co/rest/v1/stockanalysis_stocks?select=price_history%2Cstock_price%2Cstock_change&ticker_symbol=eq.NMG "HTTP/2 200 OK"
[stockanalysis_scraper] 

[stockanalysis_scraper] 2026-03-04 09:24:54 [httpx] INFO: HTTP Request: POST https://vbqerqbllfwnyjsogbxl.supabase.co/rest/v1/stockanalysis_stocks?on_conflict=ticker_symbol "HTTP/2 200 OK"
[stockanalysis_scraper] 

[stockanalysis_scraper] 2026-03-04 09:24:55 [httpx] INFO: HTTP Request: GET https://vbqerqbllfwnyjsogbxl.supabase.co/rest/v1/stockanalysis_stocks?select=price_history%2Cstock_price%2Cstock_change&ticker_symbol=eq.NBV "HTTP/2 200 OK"
[stockanalysis_scraper] 

[stockanalysis_scraper] 2026-03-04 09:24:56 [httpx] INFO: HTTP Request: POST https://vbqerqbllfwnyjsogbxl.supabase.co/rest/v1/stockanalysis_stocks?on_conflict=ticker_symbol "HTTP/2 200 OK"
[stockanalysis_scraper] 

[stockanalysis_scraper] 2026-03-04 09:24:57 [httpx] INFO: HTTP Request: GET https://vbqerqbllfwnyjsogbxl.supabase.co/rest/v1/stockanalysis_stocks?select=price_history%2Cstock_price%2Cstock_change&ticker_symbol=eq.SLAM "HTTP/2 200 OK"
[stockanalysis_scraper] 

[stockanalysis_scraper] 2026-03-04 09:24:58 [httpx] INFO: HTTP Request: POST https://vbqerqbllfwnyjsogbxl.supabase.co/rest/v1/stockanalysis_stocks?on_conflict=ticker_symbol "HTTP/2 200 OK"
[stockanalysis_scraper] 

[stockanalysis_scraper] 2026-03-04 09:25:00 [httpx] INFO: HTTP Request: GET https://vbqerqbllfwnyjsogbxl.supabase.co/rest/v1/stockanalysis_stocks?select=price_history%2Cstock_price%2Cstock_change&ticker_symbol=eq.LIMT "HTTP/2 200 OK"
[stockanalysis_scraper] 

[stockanalysis_scraper] 2026-03-04 09:25:00 [httpx] INFO: HTTP Request: POST https://vbqerqbllfwnyjsogbxl.supabase.co/rest/v1/stockanalysis_stocks?on_conflict=ticker_symbol "HTTP/2 200 OK"
[stockanalysis_scraper] 

[stockanalysis_scraper] 2026-03-04 09:25:01 [httpx] INFO: HTTP Request: GET https://vbqerqbllfwnyjsogbxl.supabase.co/rest/v1/stockanalysis_stocks?select=price_history%2Cstock_price%2Cstock_change&ticker_symbol=eq.TCL "HTTP/2 200 OK"
[stockanalysis_scraper] 

[stockanalysis_scraper] 2026-03-04 09:25:02 [httpx] INFO: HTTP Request: POST https://vbqerqbllfwnyjsogbxl.supabase.co/rest/v1/stockanalysis_stocks?on_conflict=ticker_symbol "HTTP/2 200 OK"
[stockanalysis_scraper] 

[stockanalysis_scraper] 2026-03-04 09:25:03 [httpx] INFO: HTTP Request: GET https://vbqerqbllfwnyjsogbxl.supabase.co/rest/v1/stockanalysis_stocks?select=price_history%2Cstock_price%2Cstock_change&ticker_symbol=eq.AMAC "HTTP/2 200 OK"
[stockanalysis_scraper] 

[stockanalysis_scraper] 2026-03-04 09:25:04 [httpx] INFO: HTTP Request: POST https://vbqerqbllfwnyjsogbxl.supabase.co/rest/v1/stockanalysis_stocks?on_conflict=ticker_symbol "HTTP/2 200 OK"
[stockanalysis_scraper] 

[stockanalysis_scraper] 2026-03-04 09:25:06 [httpx] INFO: HTTP Request: GET https://vbqerqbllfwnyjsogbxl.supabase.co/rest/v1/stockanalysis_stocks?select=price_history%2Cstock_price%2Cstock_change&ticker_symbol=eq.SCAN "HTTP/2 200 OK"
[stockanalysis_scraper] 

[stockanalysis_scraper] 2026-03-04 09:25:07 [httpx] INFO: HTTP Request: POST https://vbqerqbllfwnyjsogbxl.supabase.co/rest/v1/stockanalysis_stocks?on_conflict=ticker_symbol "HTTP/2 200 OK"
[stockanalysis_scraper] 

[stockanalysis_scraper] 2026-03-04 09:25:08 [httpx] INFO: HTTP Request: GET https://vbqerqbllfwnyjsogbxl.supabase.co/rest/v1/stockanalysis_stocks?select=price_history%2Cstock_price%2Cstock_change&ticker_symbol=eq.EGAD "HTTP/2 200 OK"
[stockanalysis_scraper] 

[stockanalysis_scraper] 2026-03-04 09:25:09 [httpx] INFO: HTTP Request: POST https://vbqerqbllfwnyjsogbxl.supabase.co/rest/v1/stockanalysis_stocks?on_conflict=ticker_symbol "HTTP/2 200 OK"
[stockanalysis_scraper] 

[stockanalysis_scraper] 2026-03-04 09:25:10 [httpx] INFO: HTTP Request: GET https://vbqerqbllfwnyjsogbxl.supabase.co/rest/v1/stockanalysis_stocks?select=price_history%2Cstock_price%2Cstock_change&ticker_symbol=eq.UCHM "HTTP/2 200 OK"
[stockanalysis_scraper] 

[stockanalysis_scraper] 2026-03-04 09:25:11 [httpx] INFO: HTTP Request: POST https://vbqerqbllfwnyjsogbxl.supabase.co/rest/v1/stockanalysis_stocks?on_conflict=ticker_symbol "HTTP/2 200 OK"
[stockanalysis_scraper] 

[stockanalysis_scraper] 2026-03-04 09:25:12 [httpx] INFO: HTTP Request: GET https://vbqerqbllfwnyjsogbxl.supabase.co/rest/v1/stockanalysis_stocks?select=price_history%2Cstock_price%2Cstock_change&ticker_symbol=eq.LKL "HTTP/2 200 OK"
[stockanalysis_scraper] 

[stockanalysis_scraper] 2026-03-04 09:25:13 [httpx] INFO: HTTP Request: POST https://vbqerqbllfwnyjsogbxl.supabase.co/rest/v1/stockanalysis_stocks?on_conflict=ticker_symbol "HTTP/2 200 OK"
[stockanalysis_scraper] 

[stockanalysis_scraper] 2026-03-04 09:25:14 [httpx] INFO: HTTP Request: GET https://vbqerqbllfwnyjsogbxl.supabase.co/rest/v1/stockanalysis_stocks?select=price_history%2Cstock_price%2Cstock_change&ticker_symbol=eq.HAFR "HTTP/2 200 OK"
[stockanalysis_scraper] 

[stockanalysis_scraper] 2026-03-04 09:25:15 [httpx] INFO: HTTP Request: POST https://vbqerqbllfwnyjsogbxl.supabase.co/rest/v1/stockanalysis_stocks?on_conflict=ticker_symbol "HTTP/2 200 OK"
[stockanalysis_scraper] 

[stockanalysis_scraper] 2026-03-04 09:25:16 [httpx] INFO: HTTP Request: GET https://vbqerqbllfwnyjsogbxl.supabase.co/rest/v1/stockanalysis_stocks?select=price_history%2Cstock_price%2Cstock_change&ticker_symbol=eq.SKL "HTTP/2 200 OK"
[stockanalysis_scraper] 

[stockanalysis_scraper] 2026-03-04 09:25:17 [httpx] INFO: HTTP Request: POST https://vbqerqbllfwnyjsogbxl.supabase.co/rest/v1/stockanalysis_stocks?on_conflict=ticker_symbol "HTTP/2 200 OK"
[stockanalysis_scraper] 

[stockanalysis_scraper] 2026-03-04 09:25:17 [httpx] INFO: HTTP Request: GET https://vbqerqbllfwnyjsogbxl.supabase.co/rest/v1/stockanalysis_stocks?select=price_history%2Cstock_price%2Cstock_change&ticker_symbol=eq.FTGH "HTTP/2 200 OK"
[stockanalysis_scraper] 

[stockanalysis_scraper] 2026-03-04 09:25:18 [httpx] INFO: HTTP Request: POST https://vbqerqbllfwnyjsogbxl.supabase.co/rest/v1/stockanalysis_stocks?on_conflict=ticker_symbol "HTTP/2 200 OK"
[stockanalysis_scraper] 

[stockanalysis_scraper] 2026-03-04 09:25:19 [httpx] INFO: HTTP Request: GET https://vbqerqbllfwnyjsogbxl.supabase.co/rest/v1/stockanalysis_stocks?select=price_history%2Cstock_price%2Cstock_change&ticker_symbol=eq.SGL "HTTP/2 200 OK"
[stockanalysis_scraper] 

[stockanalysis_scraper] 2026-03-04 09:25:19 [httpx] INFO: HTTP Request: POST https://vbqerqbllfwnyjsogbxl.supabase.co/rest/v1/stockanalysis_stocks?on_conflict=ticker_symbol "HTTP/2 200 OK"
[stockanalysis_scraper] 

[stockanalysis_scraper] 2026-03-04 09:25:20 [httpx] INFO: HTTP Request: GET https://vbqerqbllfwnyjsogbxl.supabase.co/rest/v1/stockanalysis_stocks?select=price_history%2Cstock_price%2Cstock_change&ticker_symbol=eq.CABL "HTTP/2 200 OK"
[stockanalysis_scraper] 

[stockanalysis_scraper] 2026-03-04 09:25:20 [httpx] INFO: HTTP Request: POST https://vbqerqbllfwnyjsogbxl.supabase.co/rest/v1/stockanalysis_stocks?on_conflict=ticker_symbol "HTTP/2 200 OK"
[stockanalysis_scraper] 

[stockanalysis_scraper] 2026-03-04 09:25:21 [httpx] INFO: HTTP Request: GET https://vbqerqbllfwnyjsogbxl.supabase.co/rest/v1/stockanalysis_stocks?select=price_history%2Cstock_price%2Cstock_change&ticker_symbol=eq.XPRS "HTTP/2 200 OK"
[stockanalysis_scraper] 

[stockanalysis_scraper] 2026-03-04 09:25:22 [httpx] INFO: HTTP Request: POST https://vbqerqbllfwnyjsogbxl.supabase.co/rest/v1/stockanalysis_stocks?on_conflict=ticker_symbol "HTTP/2 200 OK"
[stockanalysis_scraper] 

[stockanalysis_scraper] 2026-03-04 09:25:23 [httpx] INFO: HTTP Request: GET https://vbqerqbllfwnyjsogbxl.supabase.co/rest/v1/stockanalysis_stocks?select=price_history%2Cstock_price%2Cstock_change&ticker_symbol=eq.OCH "HTTP/2 200 OK"
[stockanalysis_scraper] 

[stockanalysis_scraper] 2026-03-04 09:25:23 [httpx] INFO: HTTP Request: POST https://vbqerqbllfwnyjsogbxl.supabase.co/rest/v1/stockanalysis_stocks?on_conflict=ticker_symbol "HTTP/2 200 OK"
[stockanalysis_scraper] 

[stockanalysis_scraper] 2026-03-04 09:25:24 [httpx] INFO: HTTP Request: GET https://vbqerqbllfwnyjsogbxl.supabase.co/rest/v1/stockanalysis_stocks?select=price_history%2Cstock_price%2Cstock_change&ticker_symbol=eq.EVRD "HTTP/2 200 OK"
[stockanalysis_scraper] 

[stockanalysis_scraper] 2026-03-04 09:25:25 [httpx] INFO: HTTP Request: POST https://vbqerqbllfwnyjsogbxl.supabase.co/rest/v1/stockanalysis_stocks?on_conflict=ticker_symbol "HTTP/2 200 OK"
[stockanalysis_scraper] 

[stockanalysis_scraper] 2026-03-04 09:25:25 [httpx] INFO: HTTP Request: GET https://vbqerqbllfwnyjsogbxl.supabase.co/rest/v1/stockanalysis_stocks?select=price_history%2Cstock_price%2Cstock_change&ticker_symbol=eq.KURV "HTTP/2 200 OK"
[stockanalysis_scraper] 

[stockanalysis_scraper] 2026-03-04 09:25:26 [httpx] INFO: HTTP Request: POST https://vbqerqbllfwnyjsogbxl.supabase.co/rest/v1/stockanalysis_stocks?on_conflict=ticker_symbol "HTTP/2 200 OK"
[stockanalysis_scraper] 

[stockanalysis_scraper] 2026-03-04 09:25:26 [scrapy.extensions.logstats] INFO: Crawled 5 pages (at 5 pages/min), scraped 295 items (at 295 items/min)
[stockanalysis_scraper] 

[stockanalysis_scraper] 2026-03-04 09:25:26 [scrapy.core.engine] INFO: Closing spider (finished)
[stockanalysis_scraper] 

[stockanalysis_scraper] 2026-03-04 09:25:26 [scrapy.statscollectors] INFO: Dumping Scrapy stats:
[stockanalysis_scraper] 

[stockanalysis_scraper] {'downloader/request_bytes': 2427,
[stockanalysis_scraper] 

[stockanalysis_scraper]  'downloader/request_count': 5,
[stockanalysis_scraper] 

[stockanalysis_scraper]  'downloader/response_bytes': 40024,
[stockanalysis_scraper] 

[stockanalysis_scraper]  'downloader/response_count': 5,
[stockanalysis_scraper] 

[stockanalysis_scraper]  'downloader/response_status_count/200': 5,
[stockanalysis_scraper] 

[stockanalysis_scraper]  'downloader/request_method_count/GET': 5,
[stockanalysis_scraper] 

[stockanalysis_scraper]  'elapsed_time_seconds': 129.631456,
[stockanalysis_scraper] 

[stockanalysis_scraper]  'finish_reason': 'finished',
[stockanalysis_scraper] 

[stockanalysis_scraper]  'httpcompression/response_bytes': 196293,
[stockanalysis_scraper] 

[stockanalysis_scraper]  'finish_time': datetime.datetime(2026, 3, 4, 6, 25, 26, 15032, tzinfo=datetime.timezone.utc),
[stockanalysis_scraper] 

[stockanalysis_scraper]  'httpcompression/response_count': 5,
[stockanalysis_scraper] 

[stockanalysis_scraper]  'item_scraped_count': 295,
[stockanalysis_scraper] 

[stockanalysis_scraper]  'items_per_minute': 137.2093023255814,
[stockanalysis_scraper] 

[stockanalysis_scraper]  'log_count/INFO': 123,
[stockanalysis_scraper] 

[stockanalysis_scraper]  'request_depth_max': 1,
[stockanalysis_scraper] 

[stockanalysis_scraper]  'response_received_count': 5,
[stockanalysis_scraper] 

[stockanalysis_scraper]  'responses_per_minute': 2.3255813953488373,
[stockanalysis_scraper] 

[stockanalysis_scraper]  'scheduler/dequeued': 5,
[stockanalysis_scraper] 

[stockanalysis_scraper]  'scheduler/dequeued/memory': 5,
[stockanalysis_scraper] 

[stockanalysis_scraper]  'scheduler/enqueued': 5,
[stockanalysis_scraper] 

[stockanalysis_scraper]  'scheduler/enqueued/memory': 5,
[stockanalysis_scraper] 

[stockanalysis_scraper]  'start_time': datetime.datetime(2026, 3, 4, 6, 23, 16, 383576, tzinfo=datetime.timezone.utc)}
[stockanalysis_scraper] 

[stockanalysis_scraper] 2026-03-04 09:25:26 [scrapy.core.engine] INFO: Spider closed (finished)
[stockanalysis_scraper] 

[2026-03-04T09:25:28] END stockanalysis_scraper exit=0 durationSec=136.62
[2026-03-04T09:25:28] SUMMARY afx_exit=0 stockanalysis_exit=0 durationSec=267.81
[2026-03-04T09:25:28] RUN_STATUS SUCCESS
