[2026-03-06T20:02:20] RUN_START
[2026-03-06T20:02:20] python=D:\2026 Projects\nse-stock-scraper\.venv\Scripts\python.exe
[2026-03-06T20:02:23] START afx_scraper
[afx_scraper] 2026-03-06 20:02:26 [scrapy.utils.log] INFO: Scrapy 2.14.1 started (bot: nse_scraper)
[afx_scraper] 

[afx_scraper] 2026-03-06 20:02:26 [scrapy.utils.log] INFO: Versions:
[afx_scraper] 

[afx_scraper]  'libxml2': '2.11.9',
[afx_scraper] 

[afx_scraper]  'cssselect': '1.4.0',
[afx_scraper] 

[afx_scraper] {'lxml': '6.0.2',
[afx_scraper] 

[afx_scraper]  'parsel': '1.11.0',
[afx_scraper] 

[afx_scraper]  'w3lib': '2.3.1',
[afx_scraper] 

[afx_scraper]  'Twisted': '25.5.0',
[afx_scraper] 

[afx_scraper]  'Python': '3.13.1 (tags/v3.13.1:0671451, Dec  3 2024, 19:06:28) [MSC v.1942 '
[afx_scraper] 

[afx_scraper]            '64 bit (AMD64)]',
[afx_scraper] 

[afx_scraper]  'pyOpenSSL': '25.3.0 (OpenSSL 3.5.5 27 Jan 2026)',
[afx_scraper] 

[afx_scraper]  'cryptography': '46.0.4',
[afx_scraper] 

[afx_scraper]  'Platform': 'Windows-11-10.0.22621-SP0'}
[afx_scraper] 

[afx_scraper] 2026-03-06 20:02:26 [scrapy.addons] INFO: Enabled addons:
[afx_scraper] 

[afx_scraper] []
[afx_scraper] 

[afx_scraper] 2026-03-06 20:02:26 [scrapy.extensions.telnet] INFO: Telnet Password: 5c74e2611902dff1
[afx_scraper] 

[afx_scraper] 2026-03-06 20:02:26 [scrapy.middleware] INFO: Enabled extensions:
[afx_scraper] 

[afx_scraper] ['scrapy.extensions.corestats.CoreStats',
[afx_scraper] 

[afx_scraper]  'scrapy.extensions.telnet.TelnetConsole',
[afx_scraper] 

[afx_scraper]  'scrapy.extensions.logcount.LogCount',
[afx_scraper] 

[afx_scraper]  'scrapy.extensions.logstats.LogStats']
[afx_scraper] 

[afx_scraper] 2026-03-06 20:02:26 [scrapy.crawler] INFO: Overridden settings:
[afx_scraper] 

[afx_scraper] {'BOT_NAME': 'nse_scraper',
[afx_scraper] 

[afx_scraper]  'CONCURRENT_REQUESTS': 8,
[afx_scraper] 

[afx_scraper]  'CONCURRENT_REQUESTS_PER_DOMAIN': 2,
[afx_scraper] 

[afx_scraper]  'DOWNLOAD_DELAY': 1,
[afx_scraper] 

[afx_scraper]  'HTTPCACHE_ENABLED': True,
[afx_scraper] 

[afx_scraper]  'HTTPCACHE_EXPIRATION_SECS': 3600,
[afx_scraper] 

[afx_scraper]  'LOG_LEVEL': 'INFO',
[afx_scraper] 

[afx_scraper]  'NEWSPIDER_MODULE': 'nse_scraper.spiders',
[afx_scraper] 

[afx_scraper]  'RETRY_HTTP_CODES': [500, 502, 503, 504, 408, 429],
[afx_scraper] 

[afx_scraper]  'RETRY_TIMES': 3,
[afx_scraper] 

[afx_scraper]  'SPIDER_MODULES': ['nse_scraper.spiders'],
[afx_scraper] 

[afx_scraper]                '(KHTML, like Gecko) Chrome/120.0.0.0 Safari/537.36'}
[afx_scraper] 

[afx_scraper]  'USER_AGENT': 'Mozilla/5.0 (Windows NT 10.0; Win64; x64) AppleWebKit/537.36 '
[afx_scraper] 

[afx_scraper] 2026-03-06 20:02:26 [scrapy.middleware] INFO: Enabled downloader middlewares:
[afx_scraper] 

[afx_scraper] ['scrapy.downloadermiddlewares.offsite.OffsiteMiddleware',
[afx_scraper] 

[afx_scraper]  'scrapy.downloadermiddlewares.httpauth.HttpAuthMiddleware',
[afx_scraper] 

[afx_scraper]  'scrapy.downloadermiddlewares.downloadtimeout.DownloadTimeoutMiddleware',
[afx_scraper] 

[afx_scraper]  'scrapy.downloadermiddlewares.defaultheaders.DefaultHeadersMiddleware',
[afx_scraper] 

[afx_scraper]  'scrapy.downloadermiddlewares.useragent.UserAgentMiddleware',
[afx_scraper] 

[afx_scraper]  'scrapy.downloadermiddlewares.retry.RetryMiddleware',
[afx_scraper] 

[afx_scraper]  'scrapy.downloadermiddlewares.redirect.MetaRefreshMiddleware',
[afx_scraper] 

[afx_scraper]  'scrapy.downloadermiddlewares.httpcompression.HttpCompressionMiddleware',
[afx_scraper] 

[afx_scraper]  'scrapy.downloadermiddlewares.redirect.RedirectMiddleware',
[afx_scraper] 

[afx_scraper]  'scrapy.downloadermiddlewares.cookies.CookiesMiddleware',
[afx_scraper] 

[afx_scraper]  'scrapy.downloadermiddlewares.httpproxy.HttpProxyMiddleware',
[afx_scraper] 

[afx_scraper]  'scrapy.downloadermiddlewares.stats.DownloaderStats',
[afx_scraper] 

[afx_scraper]  'scrapy.downloadermiddlewares.httpcache.HttpCacheMiddleware']
[afx_scraper] 

[afx_scraper] 2026-03-06 20:02:26 [scrapy.middleware] INFO: Enabled spider middlewares:
[afx_scraper] 

[afx_scraper] ['scrapy.spidermiddlewares.start.StartSpiderMiddleware',
[afx_scraper] 

[afx_scraper]  'scrapy.spidermiddlewares.httperror.HttpErrorMiddleware',
[afx_scraper] 

[afx_scraper]  'scrapy.spidermiddlewares.referer.RefererMiddleware',
[afx_scraper] 

[afx_scraper]  'scrapy.spidermiddlewares.urllength.UrlLengthMiddleware',
[afx_scraper] 

[afx_scraper]  'scrapy.spidermiddlewares.depth.DepthMiddleware']
[afx_scraper] 

[afx_scraper] 2026-03-06 20:02:28 [scrapy.middleware] INFO: Enabled item pipelines:
[afx_scraper] 

[afx_scraper] ['nse_scraper.pipelines.NseScraperPipeline']
[afx_scraper] 

[afx_scraper] 2026-03-06 20:02:28 [scrapy.core.engine] INFO: Spider opened
[afx_scraper] 

[afx_scraper] 2026-03-06 20:02:31 [nse_scraper.db.backends] INFO: Supabase backend ready (local fallback: D:\2026 Projects\nse-stock-scraper\reports\local_fallback)
[afx_scraper] 

[afx_scraper] 2026-03-06 20:02:31 [nse_scraper.pipelines] INFO: Storage backend active: supabase
[afx_scraper] 

[afx_scraper] 2026-03-06 20:02:31 [scrapy.extensions.logstats] INFO: Crawled 0 pages (at 0 pages/min), scraped 0 items (at 0 items/min)
[afx_scraper] 

[afx_scraper] 2026-03-06 20:02:31 [py.warnings] WARNING: D:\2026 Projects\nse-stock-scraper\.venv\Lib\site-packages\scrapy\downloadermiddlewares\useragent.py:33: ScrapyDeprecationWarning: The 'user_agent' spider attribute is deprecated. Use Spider.custom_settings or Spider.update_settings() instead. The corresponding setting name is 'USER_AGENT'.
[afx_scraper] 

[afx_scraper]   warn_on_deprecated_spider_attribute("user_agent", "USER_AGENT")
[afx_scraper] 

[afx_scraper] 2026-03-06 20:02:31 [scrapy.extensions.telnet] INFO: Telnet console listening on 127.0.0.1:6023
[afx_scraper] 

[afx_scraper] 2026-03-06 20:02:34 [nse_scraper.spiders.afx_scraper] INFO: Processing: https://afx.kwayisi.org/nse/
[afx_scraper] 

[afx_scraper] 2026-03-06 20:02:36 [httpx] INFO: HTTP Request: GET https://vbqerqbllfwnyjsogbxl.supabase.co/rest/v1/stock_data?select=price_history%2Cstock_price%2Cstock_change&ticker_symbol=eq.ABSA "HTTP/2 200 OK"
[afx_scraper] 

[afx_scraper] 2026-03-06 20:02:37 [httpx] INFO: HTTP Request: POST https://vbqerqbllfwnyjsogbxl.supabase.co/rest/v1/stock_data?on_conflict=ticker_symbol "HTTP/2 200 OK"
[afx_scraper] 

[afx_scraper] 2026-03-06 20:02:37 [httpx] INFO: HTTP Request: GET https://vbqerqbllfwnyjsogbxl.supabase.co/rest/v1/stock_data?select=price_history%2Cstock_price%2Cstock_change&ticker_symbol=eq.AMAC "HTTP/2 200 OK"
[afx_scraper] 

[afx_scraper] 2026-03-06 20:02:37 [httpx] INFO: HTTP Request: POST https://vbqerqbllfwnyjsogbxl.supabase.co/rest/v1/stock_data?on_conflict=ticker_symbol "HTTP/2 200 OK"
[afx_scraper] 

[afx_scraper] 2026-03-06 20:02:37 [httpx] INFO: HTTP Request: GET https://vbqerqbllfwnyjsogbxl.supabase.co/rest/v1/stock_data?select=price_history%2Cstock_price%2Cstock_change&ticker_symbol=eq.ARM "HTTP/2 200 OK"
[afx_scraper] 

[afx_scraper] 2026-03-06 20:02:38 [httpx] INFO: HTTP Request: POST https://vbqerqbllfwnyjsogbxl.supabase.co/rest/v1/stock_data?on_conflict=ticker_symbol "HTTP/2 200 OK"
[afx_scraper] 

[afx_scraper] 2026-03-06 20:02:38 [httpx] INFO: HTTP Request: GET https://vbqerqbllfwnyjsogbxl.supabase.co/rest/v1/stock_data?select=price_history%2Cstock_price%2Cstock_change&ticker_symbol=eq.BAMB "HTTP/2 200 OK"
[afx_scraper] 

[afx_scraper] 2026-03-06 20:02:38 [httpx] INFO: HTTP Request: POST https://vbqerqbllfwnyjsogbxl.supabase.co/rest/v1/stock_data?on_conflict=ticker_symbol "HTTP/2 200 OK"
[afx_scraper] 

[afx_scraper] 2026-03-06 20:02:39 [httpx] INFO: HTTP Request: GET https://vbqerqbllfwnyjsogbxl.supabase.co/rest/v1/stock_data?select=price_history%2Cstock_price%2Cstock_change&ticker_symbol=eq.BAT "HTTP/2 200 OK"
[afx_scraper] 

[afx_scraper] 2026-03-06 20:02:39 [httpx] INFO: HTTP Request: POST https://vbqerqbllfwnyjsogbxl.supabase.co/rest/v1/stock_data?on_conflict=ticker_symbol "HTTP/2 200 OK"
[afx_scraper] 

[afx_scraper] 2026-03-06 20:02:39 [httpx] INFO: HTTP Request: GET https://vbqerqbllfwnyjsogbxl.supabase.co/rest/v1/stock_data?select=price_history%2Cstock_price%2Cstock_change&ticker_symbol=eq.BKG "HTTP/2 200 OK"
[afx_scraper] 

[afx_scraper] 2026-03-06 20:02:39 [httpx] INFO: HTTP Request: POST https://vbqerqbllfwnyjsogbxl.supabase.co/rest/v1/stock_data?on_conflict=ticker_symbol "HTTP/2 200 OK"
[afx_scraper] 

[afx_scraper] 2026-03-06 20:02:40 [httpx] INFO: HTTP Request: GET https://vbqerqbllfwnyjsogbxl.supabase.co/rest/v1/stock_data?select=price_history%2Cstock_price%2Cstock_change&ticker_symbol=eq.BOC "HTTP/2 200 OK"
[afx_scraper] 

[afx_scraper] 2026-03-06 20:02:40 [httpx] INFO: HTTP Request: POST https://vbqerqbllfwnyjsogbxl.supabase.co/rest/v1/stock_data?on_conflict=ticker_symbol "HTTP/2 200 OK"
[afx_scraper] 

[afx_scraper] 2026-03-06 20:02:40 [httpx] INFO: HTTP Request: GET https://vbqerqbllfwnyjsogbxl.supabase.co/rest/v1/stock_data?select=price_history%2Cstock_price%2Cstock_change&ticker_symbol=eq.BRIT "HTTP/2 200 OK"
[afx_scraper] 

[afx_scraper] 2026-03-06 20:02:40 [httpx] INFO: HTTP Request: POST https://vbqerqbllfwnyjsogbxl.supabase.co/rest/v1/stock_data?on_conflict=ticker_symbol "HTTP/2 200 OK"
[afx_scraper] 

[afx_scraper] 2026-03-06 20:02:42 [httpx] INFO: HTTP Request: GET https://vbqerqbllfwnyjsogbxl.supabase.co/rest/v1/stock_data?select=price_history%2Cstock_price%2Cstock_change&ticker_symbol=eq.CABL "HTTP/2 200 OK"
[afx_scraper] 

[afx_scraper] 2026-03-06 20:02:42 [httpx] INFO: HTTP Request: POST https://vbqerqbllfwnyjsogbxl.supabase.co/rest/v1/stock_data?on_conflict=ticker_symbol "HTTP/2 200 OK"
[afx_scraper] 

[afx_scraper] 2026-03-06 20:02:42 [httpx] INFO: HTTP Request: GET https://vbqerqbllfwnyjsogbxl.supabase.co/rest/v1/stock_data?select=price_history%2Cstock_price%2Cstock_change&ticker_symbol=eq.CARB "HTTP/2 200 OK"
[afx_scraper] 

[afx_scraper] 2026-03-06 20:02:42 [httpx] INFO: HTTP Request: POST https://vbqerqbllfwnyjsogbxl.supabase.co/rest/v1/stock_data?on_conflict=ticker_symbol "HTTP/2 200 OK"
[afx_scraper] 

[afx_scraper] 2026-03-06 20:02:43 [httpx] INFO: HTTP Request: GET https://vbqerqbllfwnyjsogbxl.supabase.co/rest/v1/stock_data?select=price_history%2Cstock_price%2Cstock_change&ticker_symbol=eq.CGEN "HTTP/2 200 OK"
[afx_scraper] 

[afx_scraper] 2026-03-06 20:02:43 [httpx] INFO: HTTP Request: POST https://vbqerqbllfwnyjsogbxl.supabase.co/rest/v1/stock_data?on_conflict=ticker_symbol "HTTP/2 200 OK"
[afx_scraper] 

[afx_scraper] 2026-03-06 20:02:43 [httpx] INFO: HTTP Request: GET https://vbqerqbllfwnyjsogbxl.supabase.co/rest/v1/stock_data?select=price_history%2Cstock_price%2Cstock_change&ticker_symbol=eq.CIC "HTTP/2 200 OK"
[afx_scraper] 

[afx_scraper] 2026-03-06 20:02:44 [httpx] INFO: HTTP Request: POST https://vbqerqbllfwnyjsogbxl.supabase.co/rest/v1/stock_data?on_conflict=ticker_symbol "HTTP/2 200 OK"
[afx_scraper] 

[afx_scraper] 2026-03-06 20:02:44 [httpx] INFO: HTTP Request: GET https://vbqerqbllfwnyjsogbxl.supabase.co/rest/v1/stock_data?select=price_history%2Cstock_price%2Cstock_change&ticker_symbol=eq.COOP "HTTP/2 200 OK"
[afx_scraper] 

[afx_scraper] 2026-03-06 20:02:44 [httpx] INFO: HTTP Request: POST https://vbqerqbllfwnyjsogbxl.supabase.co/rest/v1/stock_data?on_conflict=ticker_symbol "HTTP/2 200 OK"
[afx_scraper] 

[afx_scraper] 2026-03-06 20:02:44 [httpx] INFO: HTTP Request: GET https://vbqerqbllfwnyjsogbxl.supabase.co/rest/v1/stock_data?select=price_history%2Cstock_price%2Cstock_change&ticker_symbol=eq.CRWN "HTTP/2 200 OK"
[afx_scraper] 

[afx_scraper] 2026-03-06 20:02:44 [httpx] INFO: HTTP Request: POST https://vbqerqbllfwnyjsogbxl.supabase.co/rest/v1/stock_data?on_conflict=ticker_symbol "HTTP/2 200 OK"
[afx_scraper] 

[afx_scraper] 2026-03-06 20:02:45 [httpx] INFO: HTTP Request: GET https://vbqerqbllfwnyjsogbxl.supabase.co/rest/v1/stock_data?select=price_history%2Cstock_price%2Cstock_change&ticker_symbol=eq.CTUM "HTTP/2 200 OK"
[afx_scraper] 

[afx_scraper] 2026-03-06 20:02:45 [httpx] INFO: HTTP Request: POST https://vbqerqbllfwnyjsogbxl.supabase.co/rest/v1/stock_data?on_conflict=ticker_symbol "HTTP/2 200 OK"
[afx_scraper] 

[afx_scraper] 2026-03-06 20:02:45 [httpx] INFO: HTTP Request: GET https://vbqerqbllfwnyjsogbxl.supabase.co/rest/v1/stock_data?select=price_history%2Cstock_price%2Cstock_change&ticker_symbol=eq.DCON "HTTP/2 200 OK"
[afx_scraper] 

[afx_scraper] 2026-03-06 20:02:46 [httpx] INFO: HTTP Request: POST https://vbqerqbllfwnyjsogbxl.supabase.co/rest/v1/stock_data?on_conflict=ticker_symbol "HTTP/2 200 OK"
[afx_scraper] 

[afx_scraper] 2026-03-06 20:02:46 [httpx] INFO: HTTP Request: GET https://vbqerqbllfwnyjsogbxl.supabase.co/rest/v1/stock_data?select=price_history%2Cstock_price%2Cstock_change&ticker_symbol=eq.DTK "HTTP/2 200 OK"
[afx_scraper] 

[afx_scraper] 2026-03-06 20:02:46 [httpx] INFO: HTTP Request: POST https://vbqerqbllfwnyjsogbxl.supabase.co/rest/v1/stock_data?on_conflict=ticker_symbol "HTTP/2 200 OK"
[afx_scraper] 

[afx_scraper] 2026-03-06 20:02:46 [httpx] INFO: HTTP Request: GET https://vbqerqbllfwnyjsogbxl.supabase.co/rest/v1/stock_data?select=price_history%2Cstock_price%2Cstock_change&ticker_symbol=eq.EABL "HTTP/2 200 OK"
[afx_scraper] 

[afx_scraper] 2026-03-06 20:02:47 [httpx] INFO: HTTP Request: POST https://vbqerqbllfwnyjsogbxl.supabase.co/rest/v1/stock_data?on_conflict=ticker_symbol "HTTP/2 200 OK"
[afx_scraper] 

[afx_scraper] 2026-03-06 20:02:47 [httpx] INFO: HTTP Request: GET https://vbqerqbllfwnyjsogbxl.supabase.co/rest/v1/stock_data?select=price_history%2Cstock_price%2Cstock_change&ticker_symbol=eq.EGAD "HTTP/2 200 OK"
[afx_scraper] 

[afx_scraper] 2026-03-06 20:02:47 [httpx] INFO: HTTP Request: POST https://vbqerqbllfwnyjsogbxl.supabase.co/rest/v1/stock_data?on_conflict=ticker_symbol "HTTP/2 200 OK"
[afx_scraper] 

[afx_scraper] 2026-03-06 20:02:48 [httpx] INFO: HTTP Request: GET https://vbqerqbllfwnyjsogbxl.supabase.co/rest/v1/stock_data?select=price_history%2Cstock_price%2Cstock_change&ticker_symbol=eq.EQTY "HTTP/2 200 OK"
[afx_scraper] 

[afx_scraper] 2026-03-06 20:02:48 [httpx] INFO: HTTP Request: POST https://vbqerqbllfwnyjsogbxl.supabase.co/rest/v1/stock_data?on_conflict=ticker_symbol "HTTP/2 200 OK"
[afx_scraper] 

[afx_scraper] 2026-03-06 20:02:48 [httpx] INFO: HTTP Request: GET https://vbqerqbllfwnyjsogbxl.supabase.co/rest/v1/stock_data?select=price_history%2Cstock_price%2Cstock_change&ticker_symbol=eq.EVRD "HTTP/2 200 OK"
[afx_scraper] 

[afx_scraper] 2026-03-06 20:02:49 [httpx] INFO: HTTP Request: POST https://vbqerqbllfwnyjsogbxl.supabase.co/rest/v1/stock_data?on_conflict=ticker_symbol "HTTP/2 200 OK"
[afx_scraper] 

[afx_scraper] 2026-03-06 20:02:49 [httpx] INFO: HTTP Request: GET https://vbqerqbllfwnyjsogbxl.supabase.co/rest/v1/stock_data?select=price_history%2Cstock_price%2Cstock_change&ticker_symbol=eq.FTGH "HTTP/2 200 OK"
[afx_scraper] 

[afx_scraper] 2026-03-06 20:02:49 [httpx] INFO: HTTP Request: POST https://vbqerqbllfwnyjsogbxl.supabase.co/rest/v1/stock_data?on_conflict=ticker_symbol "HTTP/2 200 OK"
[afx_scraper] 

[afx_scraper] 2026-03-06 20:02:50 [httpx] INFO: HTTP Request: GET https://vbqerqbllfwnyjsogbxl.supabase.co/rest/v1/stock_data?select=price_history%2Cstock_price%2Cstock_change&ticker_symbol=eq.GLD "HTTP/2 200 OK"
[afx_scraper] 

[afx_scraper] 2026-03-06 20:02:50 [httpx] INFO: HTTP Request: POST https://vbqerqbllfwnyjsogbxl.supabase.co/rest/v1/stock_data?on_conflict=ticker_symbol "HTTP/2 200 OK"
[afx_scraper] 

[afx_scraper] 2026-03-06 20:02:50 [httpx] INFO: HTTP Request: GET https://vbqerqbllfwnyjsogbxl.supabase.co/rest/v1/stock_data?select=price_history%2Cstock_price%2Cstock_change&ticker_symbol=eq.HAFR "HTTP/2 200 OK"
[afx_scraper] 

[afx_scraper] 2026-03-06 20:02:51 [httpx] INFO: HTTP Request: POST https://vbqerqbllfwnyjsogbxl.supabase.co/rest/v1/stock_data?on_conflict=ticker_symbol "HTTP/2 200 OK"
[afx_scraper] 

[afx_scraper] 2026-03-06 20:02:51 [httpx] INFO: HTTP Request: GET https://vbqerqbllfwnyjsogbxl.supabase.co/rest/v1/stock_data?select=price_history%2Cstock_price%2Cstock_change&ticker_symbol=eq.HBE "HTTP/2 200 OK"
[afx_scraper] 

[afx_scraper] 2026-03-06 20:02:51 [httpx] INFO: HTTP Request: POST https://vbqerqbllfwnyjsogbxl.supabase.co/rest/v1/stock_data?on_conflict=ticker_symbol "HTTP/2 200 OK"
[afx_scraper] 

[afx_scraper] 2026-03-06 20:02:51 [httpx] INFO: HTTP Request: GET https://vbqerqbllfwnyjsogbxl.supabase.co/rest/v1/stock_data?select=price_history%2Cstock_price%2Cstock_change&ticker_symbol=eq.HFCK "HTTP/2 200 OK"
[afx_scraper] 

[afx_scraper] 2026-03-06 20:02:52 [httpx] INFO: HTTP Request: POST https://vbqerqbllfwnyjsogbxl.supabase.co/rest/v1/stock_data?on_conflict=ticker_symbol "HTTP/2 200 OK"
[afx_scraper] 

[afx_scraper] 2026-03-06 20:02:52 [httpx] INFO: HTTP Request: GET https://vbqerqbllfwnyjsogbxl.supabase.co/rest/v1/stock_data?select=price_history%2Cstock_price%2Cstock_change&ticker_symbol=eq.IMH "HTTP/2 200 OK"
[afx_scraper] 

[afx_scraper] 2026-03-06 20:02:52 [httpx] INFO: HTTP Request: POST https://vbqerqbllfwnyjsogbxl.supabase.co/rest/v1/stock_data?on_conflict=ticker_symbol "HTTP/2 200 OK"
[afx_scraper] 

[afx_scraper] 2026-03-06 20:02:52 [httpx] INFO: HTTP Request: GET https://vbqerqbllfwnyjsogbxl.supabase.co/rest/v1/stock_data?select=price_history%2Cstock_price%2Cstock_change&ticker_symbol=eq.JUB "HTTP/2 200 OK"
[afx_scraper] 

[afx_scraper] 2026-03-06 20:02:53 [httpx] INFO: HTTP Request: POST https://vbqerqbllfwnyjsogbxl.supabase.co/rest/v1/stock_data?on_conflict=ticker_symbol "HTTP/2 200 OK"
[afx_scraper] 

[afx_scraper] 2026-03-06 20:02:53 [httpx] INFO: HTTP Request: GET https://vbqerqbllfwnyjsogbxl.supabase.co/rest/v1/stock_data?select=price_history%2Cstock_price%2Cstock_change&ticker_symbol=eq.KAPC "HTTP/2 200 OK"
[afx_scraper] 

[afx_scraper] 2026-03-06 20:02:53 [httpx] INFO: HTTP Request: POST https://vbqerqbllfwnyjsogbxl.supabase.co/rest/v1/stock_data?on_conflict=ticker_symbol "HTTP/2 200 OK"
[afx_scraper] 

[afx_scraper] 2026-03-06 20:02:54 [httpx] INFO: HTTP Request: GET https://vbqerqbllfwnyjsogbxl.supabase.co/rest/v1/stock_data?select=price_history%2Cstock_price%2Cstock_change&ticker_symbol=eq.KCB "HTTP/2 200 OK"
[afx_scraper] 

[afx_scraper] 2026-03-06 20:02:54 [httpx] INFO: HTTP Request: POST https://vbqerqbllfwnyjsogbxl.supabase.co/rest/v1/stock_data?on_conflict=ticker_symbol "HTTP/2 200 OK"
[afx_scraper] 

[afx_scraper] 2026-03-06 20:02:54 [httpx] INFO: HTTP Request: GET https://vbqerqbllfwnyjsogbxl.supabase.co/rest/v1/stock_data?select=price_history%2Cstock_price%2Cstock_change&ticker_symbol=eq.KEGN "HTTP/2 200 OK"
[afx_scraper] 

[afx_scraper] 2026-03-06 20:02:54 [httpx] INFO: HTTP Request: POST https://vbqerqbllfwnyjsogbxl.supabase.co/rest/v1/stock_data?on_conflict=ticker_symbol "HTTP/2 200 OK"
[afx_scraper] 

[afx_scraper] 2026-03-06 20:02:55 [httpx] INFO: HTTP Request: GET https://vbqerqbllfwnyjsogbxl.supabase.co/rest/v1/stock_data?select=price_history%2Cstock_price%2Cstock_change&ticker_symbol=eq.KNRE "HTTP/2 200 OK"
[afx_scraper] 

[afx_scraper] 2026-03-06 20:02:55 [httpx] INFO: HTTP Request: POST https://vbqerqbllfwnyjsogbxl.supabase.co/rest/v1/stock_data?on_conflict=ticker_symbol "HTTP/2 200 OK"
[afx_scraper] 

[afx_scraper] 2026-03-06 20:02:55 [httpx] INFO: HTTP Request: GET https://vbqerqbllfwnyjsogbxl.supabase.co/rest/v1/stock_data?select=price_history%2Cstock_price%2Cstock_change&ticker_symbol=eq.KPLC "HTTP/2 200 OK"
[afx_scraper] 

[afx_scraper] 2026-03-06 20:02:55 [httpx] INFO: HTTP Request: POST https://vbqerqbllfwnyjsogbxl.supabase.co/rest/v1/stock_data?on_conflict=ticker_symbol "HTTP/2 200 OK"
[afx_scraper] 

[afx_scraper] 2026-03-06 20:02:56 [httpx] INFO: HTTP Request: GET https://vbqerqbllfwnyjsogbxl.supabase.co/rest/v1/stock_data?select=price_history%2Cstock_price%2Cstock_change&ticker_symbol=eq.KPLC-P4 "HTTP/2 200 OK"
[afx_scraper] 

[afx_scraper] 2026-03-06 20:02:56 [httpx] INFO: HTTP Request: POST https://vbqerqbllfwnyjsogbxl.supabase.co/rest/v1/stock_data?on_conflict=ticker_symbol "HTTP/2 200 OK"
[afx_scraper] 

[afx_scraper] 2026-03-06 20:02:56 [httpx] INFO: HTTP Request: GET https://vbqerqbllfwnyjsogbxl.supabase.co/rest/v1/stock_data?select=price_history%2Cstock_price%2Cstock_change&ticker_symbol=eq.KPLC-P7 "HTTP/2 200 OK"
[afx_scraper] 

[afx_scraper] 2026-03-06 20:02:57 [httpx] INFO: HTTP Request: POST https://vbqerqbllfwnyjsogbxl.supabase.co/rest/v1/stock_data?on_conflict=ticker_symbol "HTTP/2 200 OK"
[afx_scraper] 

[afx_scraper] 2026-03-06 20:02:57 [httpx] INFO: HTTP Request: GET https://vbqerqbllfwnyjsogbxl.supabase.co/rest/v1/stock_data?select=price_history%2Cstock_price%2Cstock_change&ticker_symbol=eq.KQ "HTTP/2 200 OK"
[afx_scraper] 

[afx_scraper] 2026-03-06 20:02:57 [httpx] INFO: HTTP Request: POST https://vbqerqbllfwnyjsogbxl.supabase.co/rest/v1/stock_data?on_conflict=ticker_symbol "HTTP/2 200 OK"
[afx_scraper] 

[afx_scraper] 2026-03-06 20:02:58 [httpx] INFO: HTTP Request: GET https://vbqerqbllfwnyjsogbxl.supabase.co/rest/v1/stock_data?select=price_history%2Cstock_price%2Cstock_change&ticker_symbol=eq.KUKZ "HTTP/2 200 OK"
[afx_scraper] 

[afx_scraper] 2026-03-06 20:02:58 [httpx] INFO: HTTP Request: POST https://vbqerqbllfwnyjsogbxl.supabase.co/rest/v1/stock_data?on_conflict=ticker_symbol "HTTP/2 200 OK"
[afx_scraper] 

[afx_scraper] 2026-03-06 20:02:58 [httpx] INFO: HTTP Request: GET https://vbqerqbllfwnyjsogbxl.supabase.co/rest/v1/stock_data?select=price_history%2Cstock_price%2Cstock_change&ticker_symbol=eq.KURV "HTTP/2 200 OK"
[afx_scraper] 

[afx_scraper] 2026-03-06 20:02:59 [httpx] INFO: HTTP Request: POST https://vbqerqbllfwnyjsogbxl.supabase.co/rest/v1/stock_data?on_conflict=ticker_symbol "HTTP/2 200 OK"
[afx_scraper] 

[afx_scraper] 2026-03-06 20:02:59 [httpx] INFO: HTTP Request: GET https://vbqerqbllfwnyjsogbxl.supabase.co/rest/v1/stock_data?select=price_history%2Cstock_price%2Cstock_change&ticker_symbol=eq.LAPR "HTTP/2 200 OK"
[afx_scraper] 

[afx_scraper] 2026-03-06 20:02:59 [httpx] INFO: HTTP Request: POST https://vbqerqbllfwnyjsogbxl.supabase.co/rest/v1/stock_data?on_conflict=ticker_symbol "HTTP/2 200 OK"
[afx_scraper] 

[afx_scraper] 2026-03-06 20:02:59 [httpx] INFO: HTTP Request: GET https://vbqerqbllfwnyjsogbxl.supabase.co/rest/v1/stock_data?select=price_history%2Cstock_price%2Cstock_change&ticker_symbol=eq.LBTY "HTTP/2 200 OK"
[afx_scraper] 

[afx_scraper] 2026-03-06 20:03:00 [httpx] INFO: HTTP Request: POST https://vbqerqbllfwnyjsogbxl.supabase.co/rest/v1/stock_data?on_conflict=ticker_symbol "HTTP/2 200 OK"
[afx_scraper] 

[afx_scraper] 2026-03-06 20:03:00 [httpx] INFO: HTTP Request: GET https://vbqerqbllfwnyjsogbxl.supabase.co/rest/v1/stock_data?select=price_history%2Cstock_price%2Cstock_change&ticker_symbol=eq.LIMT "HTTP/2 200 OK"
[afx_scraper] 

[afx_scraper] 2026-03-06 20:03:00 [httpx] INFO: HTTP Request: POST https://vbqerqbllfwnyjsogbxl.supabase.co/rest/v1/stock_data?on_conflict=ticker_symbol "HTTP/2 200 OK"
[afx_scraper] 

[afx_scraper] 2026-03-06 20:03:01 [httpx] INFO: HTTP Request: GET https://vbqerqbllfwnyjsogbxl.supabase.co/rest/v1/stock_data?select=price_history%2Cstock_price%2Cstock_change&ticker_symbol=eq.LKL "HTTP/2 200 OK"
[afx_scraper] 

[afx_scraper] 2026-03-06 20:03:01 [httpx] INFO: HTTP Request: POST https://vbqerqbllfwnyjsogbxl.supabase.co/rest/v1/stock_data?on_conflict=ticker_symbol "HTTP/2 200 OK"
[afx_scraper] 

[afx_scraper] 2026-03-06 20:03:01 [httpx] INFO: HTTP Request: GET https://vbqerqbllfwnyjsogbxl.supabase.co/rest/v1/stock_data?select=price_history%2Cstock_price%2Cstock_change&ticker_symbol=eq.MSC "HTTP/2 200 OK"
[afx_scraper] 

[afx_scraper] 2026-03-06 20:03:01 [httpx] INFO: HTTP Request: POST https://vbqerqbllfwnyjsogbxl.supabase.co/rest/v1/stock_data?on_conflict=ticker_symbol "HTTP/2 200 OK"
[afx_scraper] 

[afx_scraper] 2026-03-06 20:03:02 [httpx] INFO: HTTP Request: GET https://vbqerqbllfwnyjsogbxl.supabase.co/rest/v1/stock_data?select=price_history%2Cstock_price%2Cstock_change&ticker_symbol=eq.NBV "HTTP/2 200 OK"
[afx_scraper] 

[afx_scraper] 2026-03-06 20:03:02 [httpx] INFO: HTTP Request: POST https://vbqerqbllfwnyjsogbxl.supabase.co/rest/v1/stock_data?on_conflict=ticker_symbol "HTTP/2 200 OK"
[afx_scraper] 

[afx_scraper] 2026-03-06 20:03:02 [httpx] INFO: HTTP Request: GET https://vbqerqbllfwnyjsogbxl.supabase.co/rest/v1/stock_data?select=price_history%2Cstock_price%2Cstock_change&ticker_symbol=eq.NCBA "HTTP/2 200 OK"
[afx_scraper] 

[afx_scraper] 2026-03-06 20:03:04 [httpx] INFO: HTTP Request: POST https://vbqerqbllfwnyjsogbxl.supabase.co/rest/v1/stock_data?on_conflict=ticker_symbol "HTTP/2 200 OK"
[afx_scraper] 

[afx_scraper] 2026-03-06 20:03:04 [httpx] INFO: HTTP Request: GET https://vbqerqbllfwnyjsogbxl.supabase.co/rest/v1/stock_data?select=price_history%2Cstock_price%2Cstock_change&ticker_symbol=eq.NMG "HTTP/2 200 OK"
[afx_scraper] 

[afx_scraper] 2026-03-06 20:03:04 [httpx] INFO: HTTP Request: POST https://vbqerqbllfwnyjsogbxl.supabase.co/rest/v1/stock_data?on_conflict=ticker_symbol "HTTP/2 200 OK"
[afx_scraper] 

[afx_scraper] 2026-03-06 20:03:05 [httpx] INFO: HTTP Request: GET https://vbqerqbllfwnyjsogbxl.supabase.co/rest/v1/stock_data?select=price_history%2Cstock_price%2Cstock_change&ticker_symbol=eq.NSE "HTTP/2 200 OK"
[afx_scraper] 

[afx_scraper] 2026-03-06 20:03:05 [httpx] INFO: HTTP Request: POST https://vbqerqbllfwnyjsogbxl.supabase.co/rest/v1/stock_data?on_conflict=ticker_symbol "HTTP/2 200 OK"
[afx_scraper] 

[afx_scraper] 2026-03-06 20:03:05 [httpx] INFO: HTTP Request: GET https://vbqerqbllfwnyjsogbxl.supabase.co/rest/v1/stock_data?select=price_history%2Cstock_price%2Cstock_change&ticker_symbol=eq.OCH "HTTP/2 200 OK"
[afx_scraper] 

[afx_scraper] 2026-03-06 20:03:06 [httpx] INFO: HTTP Request: POST https://vbqerqbllfwnyjsogbxl.supabase.co/rest/v1/stock_data?on_conflict=ticker_symbol "HTTP/2 200 OK"
[afx_scraper] 

[afx_scraper] 2026-03-06 20:03:06 [httpx] INFO: HTTP Request: GET https://vbqerqbllfwnyjsogbxl.supabase.co/rest/v1/stock_data?select=price_history%2Cstock_price%2Cstock_change&ticker_symbol=eq.PORT "HTTP/2 200 OK"
[afx_scraper] 

[afx_scraper] 2026-03-06 20:03:06 [httpx] INFO: HTTP Request: POST https://vbqerqbllfwnyjsogbxl.supabase.co/rest/v1/stock_data?on_conflict=ticker_symbol "HTTP/2 200 OK"
[afx_scraper] 

[afx_scraper] 2026-03-06 20:03:06 [httpx] INFO: HTTP Request: GET https://vbqerqbllfwnyjsogbxl.supabase.co/rest/v1/stock_data?select=price_history%2Cstock_price%2Cstock_change&ticker_symbol=eq.SASN "HTTP/2 200 OK"
[afx_scraper] 

[afx_scraper] 2026-03-06 20:03:07 [httpx] INFO: HTTP Request: POST https://vbqerqbllfwnyjsogbxl.supabase.co/rest/v1/stock_data?on_conflict=ticker_symbol "HTTP/2 200 OK"
[afx_scraper] 

[afx_scraper] 2026-03-06 20:03:07 [httpx] INFO: HTTP Request: GET https://vbqerqbllfwnyjsogbxl.supabase.co/rest/v1/stock_data?select=price_history%2Cstock_price%2Cstock_change&ticker_symbol=eq.SBIC "HTTP/2 200 OK"
[afx_scraper] 

[afx_scraper] 2026-03-06 20:03:07 [httpx] INFO: HTTP Request: POST https://vbqerqbllfwnyjsogbxl.supabase.co/rest/v1/stock_data?on_conflict=ticker_symbol "HTTP/2 200 OK"
[afx_scraper] 

[afx_scraper] 2026-03-06 20:03:08 [httpx] INFO: HTTP Request: GET https://vbqerqbllfwnyjsogbxl.supabase.co/rest/v1/stock_data?select=price_history%2Cstock_price%2Cstock_change&ticker_symbol=eq.SCAN "HTTP/2 200 OK"
[afx_scraper] 

[afx_scraper] 2026-03-06 20:03:08 [httpx] INFO: HTTP Request: POST https://vbqerqbllfwnyjsogbxl.supabase.co/rest/v1/stock_data?on_conflict=ticker_symbol "HTTP/2 200 OK"
[afx_scraper] 

[afx_scraper] 2026-03-06 20:03:08 [httpx] INFO: HTTP Request: GET https://vbqerqbllfwnyjsogbxl.supabase.co/rest/v1/stock_data?select=price_history%2Cstock_price%2Cstock_change&ticker_symbol=eq.SCBK "HTTP/2 200 OK"
[afx_scraper] 

[afx_scraper] 2026-03-06 20:03:08 [httpx] INFO: HTTP Request: POST https://vbqerqbllfwnyjsogbxl.supabase.co/rest/v1/stock_data?on_conflict=ticker_symbol "HTTP/2 200 OK"
[afx_scraper] 

[afx_scraper] 2026-03-06 20:03:09 [httpx] INFO: HTTP Request: GET https://vbqerqbllfwnyjsogbxl.supabase.co/rest/v1/stock_data?select=price_history%2Cstock_price%2Cstock_change&ticker_symbol=eq.SCOM "HTTP/2 200 OK"
[afx_scraper] 

[afx_scraper] 2026-03-06 20:03:09 [httpx] INFO: HTTP Request: POST https://vbqerqbllfwnyjsogbxl.supabase.co/rest/v1/stock_data?on_conflict=ticker_symbol "HTTP/2 200 OK"
[afx_scraper] 

[afx_scraper] 2026-03-06 20:03:09 [httpx] INFO: HTTP Request: GET https://vbqerqbllfwnyjsogbxl.supabase.co/rest/v1/stock_data?select=price_history%2Cstock_price%2Cstock_change&ticker_symbol=eq.SGL "HTTP/2 200 OK"
[afx_scraper] 

[afx_scraper] 2026-03-06 20:03:10 [httpx] INFO: HTTP Request: POST https://vbqerqbllfwnyjsogbxl.supabase.co/rest/v1/stock_data?on_conflict=ticker_symbol "HTTP/2 200 OK"
[afx_scraper] 

[afx_scraper] 2026-03-06 20:03:10 [httpx] INFO: HTTP Request: GET https://vbqerqbllfwnyjsogbxl.supabase.co/rest/v1/stock_data?select=price_history%2Cstock_price%2Cstock_change&ticker_symbol=eq.SKL "HTTP/2 200 OK"
[afx_scraper] 

[afx_scraper] 2026-03-06 20:03:10 [httpx] INFO: HTTP Request: POST https://vbqerqbllfwnyjsogbxl.supabase.co/rest/v1/stock_data?on_conflict=ticker_symbol "HTTP/2 200 OK"
[afx_scraper] 

[afx_scraper] 2026-03-06 20:03:10 [httpx] INFO: HTTP Request: GET https://vbqerqbllfwnyjsogbxl.supabase.co/rest/v1/stock_data?select=price_history%2Cstock_price%2Cstock_change&ticker_symbol=eq.SLAM "HTTP/2 200 OK"
[afx_scraper] 

[afx_scraper] 2026-03-06 20:03:11 [httpx] INFO: HTTP Request: POST https://vbqerqbllfwnyjsogbxl.supabase.co/rest/v1/stock_data?on_conflict=ticker_symbol "HTTP/2 200 OK"
[afx_scraper] 

[afx_scraper] 2026-03-06 20:03:11 [httpx] INFO: HTTP Request: GET https://vbqerqbllfwnyjsogbxl.supabase.co/rest/v1/stock_data?select=price_history%2Cstock_price%2Cstock_change&ticker_symbol=eq.SMER "HTTP/2 200 OK"
[afx_scraper] 

[afx_scraper] 2026-03-06 20:03:11 [httpx] INFO: HTTP Request: POST https://vbqerqbllfwnyjsogbxl.supabase.co/rest/v1/stock_data?on_conflict=ticker_symbol "HTTP/2 200 OK"
[afx_scraper] 

[afx_scraper] 2026-03-06 20:03:11 [httpx] INFO: HTTP Request: GET https://vbqerqbllfwnyjsogbxl.supabase.co/rest/v1/stock_data?select=price_history%2Cstock_price%2Cstock_change&ticker_symbol=eq.SMWF "HTTP/2 200 OK"
[afx_scraper] 

[afx_scraper] 2026-03-06 20:03:12 [httpx] INFO: HTTP Request: POST https://vbqerqbllfwnyjsogbxl.supabase.co/rest/v1/stock_data?on_conflict=ticker_symbol "HTTP/2 200 OK"
[afx_scraper] 

[afx_scraper] 2026-03-06 20:03:12 [httpx] INFO: HTTP Request: GET https://vbqerqbllfwnyjsogbxl.supabase.co/rest/v1/stock_data?select=price_history%2Cstock_price%2Cstock_change&ticker_symbol=eq.TCL "HTTP/2 200 OK"
[afx_scraper] 

[afx_scraper] 2026-03-06 20:03:12 [httpx] INFO: HTTP Request: POST https://vbqerqbllfwnyjsogbxl.supabase.co/rest/v1/stock_data?on_conflict=ticker_symbol "HTTP/2 200 OK"
[afx_scraper] 

[afx_scraper] 2026-03-06 20:03:12 [httpx] INFO: HTTP Request: GET https://vbqerqbllfwnyjsogbxl.supabase.co/rest/v1/stock_data?select=price_history%2Cstock_price%2Cstock_change&ticker_symbol=eq.TOTL "HTTP/2 200 OK"
[afx_scraper] 

[afx_scraper] 2026-03-06 20:03:13 [httpx] INFO: HTTP Request: POST https://vbqerqbllfwnyjsogbxl.supabase.co/rest/v1/stock_data?on_conflict=ticker_symbol "HTTP/2 200 OK"
[afx_scraper] 

[afx_scraper] 2026-03-06 20:03:13 [httpx] INFO: HTTP Request: GET https://vbqerqbllfwnyjsogbxl.supabase.co/rest/v1/stock_data?select=price_history%2Cstock_price%2Cstock_change&ticker_symbol=eq.TPSE "HTTP/2 200 OK"
[afx_scraper] 

[afx_scraper] 2026-03-06 20:03:13 [httpx] INFO: HTTP Request: POST https://vbqerqbllfwnyjsogbxl.supabase.co/rest/v1/stock_data?on_conflict=ticker_symbol "HTTP/2 200 OK"
[afx_scraper] 

[afx_scraper] 2026-03-06 20:03:14 [httpx] INFO: HTTP Request: GET https://vbqerqbllfwnyjsogbxl.supabase.co/rest/v1/stock_data?select=price_history%2Cstock_price%2Cstock_change&ticker_symbol=eq.UCHM "HTTP/2 200 OK"
[afx_scraper] 

[afx_scraper] 2026-03-06 20:03:14 [httpx] INFO: HTTP Request: POST https://vbqerqbllfwnyjsogbxl.supabase.co/rest/v1/stock_data?on_conflict=ticker_symbol "HTTP/2 200 OK"
[afx_scraper] 

[afx_scraper] 2026-03-06 20:03:14 [httpx] INFO: HTTP Request: GET https://vbqerqbllfwnyjsogbxl.supabase.co/rest/v1/stock_data?select=price_history%2Cstock_price%2Cstock_change&ticker_symbol=eq.UMME "HTTP/2 200 OK"
[afx_scraper] 

[afx_scraper] 2026-03-06 20:03:15 [httpx] INFO: HTTP Request: POST https://vbqerqbllfwnyjsogbxl.supabase.co/rest/v1/stock_data?on_conflict=ticker_symbol "HTTP/2 200 OK"
[afx_scraper] 

[afx_scraper] 2026-03-06 20:03:15 [httpx] INFO: HTTP Request: GET https://vbqerqbllfwnyjsogbxl.supabase.co/rest/v1/stock_data?select=price_history%2Cstock_price%2Cstock_change&ticker_symbol=eq.UNGA "HTTP/2 200 OK"
[afx_scraper] 

[afx_scraper] 2026-03-06 20:03:15 [httpx] INFO: HTTP Request: POST https://vbqerqbllfwnyjsogbxl.supabase.co/rest/v1/stock_data?on_conflict=ticker_symbol "HTTP/2 200 OK"
[afx_scraper] 

[afx_scraper] 2026-03-06 20:03:15 [httpx] INFO: HTTP Request: GET https://vbqerqbllfwnyjsogbxl.supabase.co/rest/v1/stock_data?select=price_history%2Cstock_price%2Cstock_change&ticker_symbol=eq.WTK "HTTP/2 200 OK"
[afx_scraper] 

[afx_scraper] 2026-03-06 20:03:16 [httpx] INFO: HTTP Request: POST https://vbqerqbllfwnyjsogbxl.supabase.co/rest/v1/stock_data?on_conflict=ticker_symbol "HTTP/2 200 OK"
[afx_scraper] 

[afx_scraper] 2026-03-06 20:03:17 [httpx] INFO: HTTP Request: GET https://vbqerqbllfwnyjsogbxl.supabase.co/rest/v1/stock_data?select=price_history%2Cstock_price%2Cstock_change&ticker_symbol=eq.XPRS "HTTP/2 200 OK"
[afx_scraper] 

[afx_scraper] 2026-03-06 20:03:17 [httpx] INFO: HTTP Request: POST https://vbqerqbllfwnyjsogbxl.supabase.co/rest/v1/stock_data?on_conflict=ticker_symbol "HTTP/2 200 OK"
[afx_scraper] 

[afx_scraper] 2026-03-06 20:03:17 [scrapy.core.engine] INFO: Closing spider (finished)
[afx_scraper] 

[afx_scraper] 2026-03-06 20:03:17 [nse_scraper.pipelines] INFO: Storage backend closed
[afx_scraper] 

[afx_scraper] 2026-03-06 20:03:17 [scrapy.statscollectors] INFO: Dumping Scrapy stats:
[afx_scraper] 

[afx_scraper] {'downloader/request_bytes': 268,
[afx_scraper] 

[afx_scraper]  'downloader/request_count': 1,
[afx_scraper] 

[afx_scraper]  'downloader/request_method_count/GET': 1,
[afx_scraper] 

[afx_scraper]  'downloader/response_bytes': 10665,
[afx_scraper] 

[afx_scraper]  'downloader/response_count': 1,
[afx_scraper] 

[afx_scraper]  'downloader/response_status_count/200': 1,
[afx_scraper] 

[afx_scraper]  'elapsed_time_seconds': 45.6595,
[afx_scraper] 

[afx_scraper]  'finish_reason': 'finished',
[afx_scraper] 

[afx_scraper]  'finish_time': datetime.datetime(2026, 3, 6, 17, 3, 17, 507178, tzinfo=datetime.timezone.utc),
[afx_scraper] 

[afx_scraper]  'httpcache/miss': 1,
[afx_scraper] 

[afx_scraper]  'httpcache/firsthand': 1,
[afx_scraper] 

[afx_scraper]  'httpcache/store': 1,
[afx_scraper] 

[afx_scraper]  'httpcompression/response_count': 1,
[afx_scraper] 

[afx_scraper]  'item_scraped_count': 67,
[afx_scraper] 

[afx_scraper]  'items_per_minute': 89.33333333333333,
[afx_scraper] 

[afx_scraper]  'httpcompression/response_bytes': 39202,
[afx_scraper] 

[afx_scraper]  'log_count/INFO': 139,
[afx_scraper] 

[afx_scraper]  'log_count/WARNING': 1,
[afx_scraper] 

[afx_scraper]  'response_received_count': 1,
[afx_scraper] 

[afx_scraper]  'responses_per_minute': 1.3333333333333333,
[afx_scraper] 

[afx_scraper]  'scheduler/dequeued': 1,
[afx_scraper] 

[afx_scraper]  'scheduler/dequeued/memory': 1,
[afx_scraper] 

[afx_scraper]  'scheduler/enqueued': 1,
[afx_scraper] 

[afx_scraper]  'scheduler/enqueued/memory': 1,
[afx_scraper] 

[afx_scraper]  'start_time': datetime.datetime(2026, 3, 6, 17, 2, 31, 847678, tzinfo=datetime.timezone.utc)}
[afx_scraper] 

[afx_scraper] 2026-03-06 20:03:17 [scrapy.core.engine] INFO: Spider closed (finished)
[afx_scraper] 

[2026-03-06T20:03:19] END afx_scraper exit=0 durationSec=55.48
[2026-03-06T20:03:19] START stockanalysis_scraper
[stockanalysis_scraper] 2026-03-06 20:03:21 [scrapy.utils.log] INFO: Scrapy 2.14.1 started (bot: nse_scraper)
[stockanalysis_scraper] 

[stockanalysis_scraper] {'lxml': '6.0.2',
[stockanalysis_scraper] 

[stockanalysis_scraper] 2026-03-06 20:03:21 [scrapy.utils.log] INFO: Versions:
[stockanalysis_scraper] 

[stockanalysis_scraper]  'libxml2': '2.11.9',
[stockanalysis_scraper] 

[stockanalysis_scraper]  'cssselect': '1.4.0',
[stockanalysis_scraper] 

[stockanalysis_scraper]  'parsel': '1.11.0',
[stockanalysis_scraper] 

[stockanalysis_scraper]  'w3lib': '2.3.1',
[stockanalysis_scraper] 

[stockanalysis_scraper]  'Twisted': '25.5.0',
[stockanalysis_scraper] 

[stockanalysis_scraper]  'Python': '3.13.1 (tags/v3.13.1:0671451, Dec  3 2024, 19:06:28) [MSC v.1942 '
[stockanalysis_scraper] 

[stockanalysis_scraper]            '64 bit (AMD64)]',
[stockanalysis_scraper] 

[stockanalysis_scraper]  'pyOpenSSL': '25.3.0 (OpenSSL 3.5.5 27 Jan 2026)',
[stockanalysis_scraper] 

[stockanalysis_scraper]  'cryptography': '46.0.4',
[stockanalysis_scraper] 

[stockanalysis_scraper]  'Platform': 'Windows-11-10.0.22621-SP0'}
[stockanalysis_scraper] 

[stockanalysis_scraper] 2026-03-06 20:03:21 [scrapy.addons] INFO: Enabled addons:
[stockanalysis_scraper] 

[stockanalysis_scraper] []
[stockanalysis_scraper] 

[stockanalysis_scraper] 2026-03-06 20:03:21 [scrapy.extensions.telnet] INFO: Telnet Password: 44f4ca52b63c92a9
[stockanalysis_scraper] 

[stockanalysis_scraper] ['scrapy.extensions.corestats.CoreStats',
[stockanalysis_scraper] 

[stockanalysis_scraper]  'scrapy.extensions.logcount.LogCount',
[stockanalysis_scraper] 

[stockanalysis_scraper]  'scrapy.extensions.telnet.TelnetConsole',
[stockanalysis_scraper] 

[stockanalysis_scraper]  'scrapy.extensions.logstats.LogStats']
[stockanalysis_scraper] 

[stockanalysis_scraper] 2026-03-06 20:03:21 [scrapy.middleware] INFO: Enabled extensions:
[stockanalysis_scraper] 

[stockanalysis_scraper] 2026-03-06 20:03:21 [scrapy.crawler] INFO: Overridden settings:
[stockanalysis_scraper] 

[stockanalysis_scraper] {'BOT_NAME': 'nse_scraper',
[stockanalysis_scraper] 

[stockanalysis_scraper]  'CONCURRENT_REQUESTS': 8,
[stockanalysis_scraper] 

[stockanalysis_scraper]  'CONCURRENT_REQUESTS_PER_DOMAIN': 2,
[stockanalysis_scraper] 

[stockanalysis_scraper]  'DOWNLOAD_DELAY': 1,
[stockanalysis_scraper] 

[stockanalysis_scraper]  'HTTPCACHE_ENABLED': 'False',
[stockanalysis_scraper] 

[stockanalysis_scraper]  'HTTPCACHE_EXPIRATION_SECS': 3600,
[stockanalysis_scraper] 

[stockanalysis_scraper]  'LOG_LEVEL': 'INFO',
[stockanalysis_scraper] 

[stockanalysis_scraper]  'NEWSPIDER_MODULE': 'nse_scraper.spiders',
[stockanalysis_scraper] 

[stockanalysis_scraper]  'RETRY_HTTP_CODES': [500, 502, 503, 504, 408, 429],
[stockanalysis_scraper] 

[stockanalysis_scraper]  'RETRY_TIMES': 3,
[stockanalysis_scraper] 

[stockanalysis_scraper]  'SPIDER_MODULES': ['nse_scraper.spiders'],
[stockanalysis_scraper] 

[stockanalysis_scraper]  'USER_AGENT': 'Mozilla/5.0 (Windows NT 10.0; Win64; x64) AppleWebKit/537.36 '
[stockanalysis_scraper] 

[stockanalysis_scraper]                '(KHTML, like Gecko) Chrome/120.0.0.0 Safari/537.36'}
[stockanalysis_scraper] 

[stockanalysis_scraper] ['scrapy.downloadermiddlewares.offsite.OffsiteMiddleware',
[stockanalysis_scraper] 

[stockanalysis_scraper] 2026-03-06 20:03:21 [scrapy.middleware] INFO: Enabled downloader middlewares:
[stockanalysis_scraper] 

[stockanalysis_scraper]  'scrapy.downloadermiddlewares.downloadtimeout.DownloadTimeoutMiddleware',
[stockanalysis_scraper] 

[stockanalysis_scraper]  'scrapy.downloadermiddlewares.defaultheaders.DefaultHeadersMiddleware',
[stockanalysis_scraper] 

[stockanalysis_scraper]  'scrapy.downloadermiddlewares.useragent.UserAgentMiddleware',
[stockanalysis_scraper] 

[stockanalysis_scraper]  'scrapy.downloadermiddlewares.retry.RetryMiddleware',
[stockanalysis_scraper] 

[stockanalysis_scraper]  'scrapy.downloadermiddlewares.redirect.MetaRefreshMiddleware',
[stockanalysis_scraper] 

[stockanalysis_scraper]  'scrapy.downloadermiddlewares.httpcompression.HttpCompressionMiddleware',
[stockanalysis_scraper] 

[stockanalysis_scraper]  'scrapy.downloadermiddlewares.redirect.RedirectMiddleware',
[stockanalysis_scraper] 

[stockanalysis_scraper]  'scrapy.downloadermiddlewares.cookies.CookiesMiddleware',
[stockanalysis_scraper] 

[stockanalysis_scraper]  'scrapy.downloadermiddlewares.httpproxy.HttpProxyMiddleware',
[stockanalysis_scraper] 

[stockanalysis_scraper]  'scrapy.downloadermiddlewares.stats.DownloaderStats']
[stockanalysis_scraper] 

[stockanalysis_scraper]  'scrapy.downloadermiddlewares.httpauth.HttpAuthMiddleware',
[stockanalysis_scraper] 

[stockanalysis_scraper] 2026-03-06 20:03:21 [scrapy.middleware] INFO: Enabled spider middlewares:
[stockanalysis_scraper] 

[stockanalysis_scraper] ['scrapy.spidermiddlewares.start.StartSpiderMiddleware',
[stockanalysis_scraper] 

[stockanalysis_scraper]  'scrapy.spidermiddlewares.httperror.HttpErrorMiddleware',
[stockanalysis_scraper] 

[stockanalysis_scraper]  'scrapy.spidermiddlewares.referer.RefererMiddleware',
[stockanalysis_scraper] 

[stockanalysis_scraper]  'scrapy.spidermiddlewares.urllength.UrlLengthMiddleware',
[stockanalysis_scraper] 

[stockanalysis_scraper]  'scrapy.spidermiddlewares.depth.DepthMiddleware']
[stockanalysis_scraper] 

[stockanalysis_scraper] 2026-03-06 20:03:22 [scrapy.middleware] INFO: Enabled item pipelines:
[stockanalysis_scraper] 

[stockanalysis_scraper] ['nse_scraper.pipelines.StockAnalysisPipeline']
[stockanalysis_scraper] 

[stockanalysis_scraper] 2026-03-06 20:03:22 [scrapy.core.engine] INFO: Spider opened
[stockanalysis_scraper] 

[stockanalysis_scraper] 2026-03-06 20:03:24 [nse_scraper.db.backends] INFO: Supabase backend ready (local fallback: D:\2026 Projects\nse-stock-scraper\reports\local_fallback)
[stockanalysis_scraper] 

[stockanalysis_scraper] 2026-03-06 20:03:24 [nse_scraper.pipelines] INFO: StockAnalysisPipeline: Supabase storage active
[stockanalysis_scraper] 

[stockanalysis_scraper] 2026-03-06 20:03:24 [scrapy.extensions.logstats] INFO: Crawled 0 pages (at 0 pages/min), scraped 0 items (at 0 items/min)
[stockanalysis_scraper] 

[stockanalysis_scraper] 2026-03-06 20:03:24 [scrapy.extensions.telnet] INFO: Telnet console listening on 127.0.0.1:6023
[stockanalysis_scraper] 

[stockanalysis_scraper] 2026-03-06 20:03:25 [nse_scraper.spiders.stockanalysis_scraper] INFO: View 'performance' missing in embedded payload; fetching via screener API
[stockanalysis_scraper] 

[stockanalysis_scraper] 2026-03-06 20:03:32 [httpx] INFO: HTTP Request: GET https://vbqerqbllfwnyjsogbxl.supabase.co/rest/v1/stockanalysis_stocks?select=price_history%2Cstock_price%2Cstock_change&ticker_symbol=eq.SCOM "HTTP/2 200 OK"
[stockanalysis_scraper] 

[stockanalysis_scraper] 2026-03-06 20:03:32 [httpx] INFO: HTTP Request: POST https://vbqerqbllfwnyjsogbxl.supabase.co/rest/v1/stockanalysis_stocks?on_conflict=ticker_symbol "HTTP/2 200 OK"
[stockanalysis_scraper] 

[stockanalysis_scraper] 2026-03-06 20:03:32 [httpx] INFO: HTTP Request: GET https://vbqerqbllfwnyjsogbxl.supabase.co/rest/v1/stockanalysis_stocks?select=price_history%2Cstock_price%2Cstock_change&ticker_symbol=eq.EQTY "HTTP/2 200 OK"
[stockanalysis_scraper] 

[stockanalysis_scraper] 2026-03-06 20:03:33 [httpx] INFO: HTTP Request: POST https://vbqerqbllfwnyjsogbxl.supabase.co/rest/v1/stockanalysis_stocks?on_conflict=ticker_symbol "HTTP/2 200 OK"
[stockanalysis_scraper] 

[stockanalysis_scraper] 2026-03-06 20:03:33 [httpx] INFO: HTTP Request: GET https://vbqerqbllfwnyjsogbxl.supabase.co/rest/v1/stockanalysis_stocks?select=price_history%2Cstock_price%2Cstock_change&ticker_symbol=eq.KCB "HTTP/2 200 OK"
[stockanalysis_scraper] 

[stockanalysis_scraper] 2026-03-06 20:03:33 [httpx] INFO: HTTP Request: POST https://vbqerqbllfwnyjsogbxl.supabase.co/rest/v1/stockanalysis_stocks?on_conflict=ticker_symbol "HTTP/2 200 OK"
[stockanalysis_scraper] 

[stockanalysis_scraper] 2026-03-06 20:03:33 [httpx] INFO: HTTP Request: GET https://vbqerqbllfwnyjsogbxl.supabase.co/rest/v1/stockanalysis_stocks?select=price_history%2Cstock_price%2Cstock_change&ticker_symbol=eq.EABL "HTTP/2 200 OK"
[stockanalysis_scraper] 

[stockanalysis_scraper] 2026-03-06 20:03:34 [httpx] INFO: HTTP Request: POST https://vbqerqbllfwnyjsogbxl.supabase.co/rest/v1/stockanalysis_stocks?on_conflict=ticker_symbol "HTTP/2 200 OK"
[stockanalysis_scraper] 

[stockanalysis_scraper] 2026-03-06 20:03:34 [httpx] INFO: HTTP Request: GET https://vbqerqbllfwnyjsogbxl.supabase.co/rest/v1/stockanalysis_stocks?select=price_history%2Cstock_price%2Cstock_change&ticker_symbol=eq.COOP "HTTP/2 200 OK"
[stockanalysis_scraper] 

[stockanalysis_scraper] 2026-03-06 20:03:34 [httpx] INFO: HTTP Request: POST https://vbqerqbllfwnyjsogbxl.supabase.co/rest/v1/stockanalysis_stocks?on_conflict=ticker_symbol "HTTP/2 200 OK"
[stockanalysis_scraper] 

[stockanalysis_scraper] 2026-03-06 20:03:34 [httpx] INFO: HTTP Request: GET https://vbqerqbllfwnyjsogbxl.supabase.co/rest/v1/stockanalysis_stocks?select=price_history%2Cstock_price%2Cstock_change&ticker_symbol=eq.ABSA "HTTP/2 200 OK"
[stockanalysis_scraper] 

[stockanalysis_scraper] 2026-03-06 20:03:35 [httpx] INFO: HTTP Request: POST https://vbqerqbllfwnyjsogbxl.supabase.co/rest/v1/stockanalysis_stocks?on_conflict=ticker_symbol "HTTP/2 200 OK"
[stockanalysis_scraper] 

[stockanalysis_scraper] 2026-03-06 20:03:35 [httpx] INFO: HTTP Request: GET https://vbqerqbllfwnyjsogbxl.supabase.co/rest/v1/stockanalysis_stocks?select=price_history%2Cstock_price%2Cstock_change&ticker_symbol=eq.NCBA "HTTP/2 200 OK"
[stockanalysis_scraper] 

[stockanalysis_scraper] 2026-03-06 20:03:35 [httpx] INFO: HTTP Request: POST https://vbqerqbllfwnyjsogbxl.supabase.co/rest/v1/stockanalysis_stocks?on_conflict=ticker_symbol "HTTP/2 200 OK"
[stockanalysis_scraper] 

[stockanalysis_scraper] 2026-03-06 20:03:35 [httpx] INFO: HTTP Request: GET https://vbqerqbllfwnyjsogbxl.supabase.co/rest/v1/stockanalysis_stocks?select=price_history%2Cstock_price%2Cstock_change&ticker_symbol=eq.SCBK "HTTP/2 200 OK"
[stockanalysis_scraper] 

[stockanalysis_scraper] 2026-03-06 20:03:36 [httpx] INFO: HTTP Request: POST https://vbqerqbllfwnyjsogbxl.supabase.co/rest/v1/stockanalysis_stocks?on_conflict=ticker_symbol "HTTP/2 200 OK"
[stockanalysis_scraper] 

[stockanalysis_scraper] 2026-03-06 20:03:36 [httpx] INFO: HTTP Request: GET https://vbqerqbllfwnyjsogbxl.supabase.co/rest/v1/stockanalysis_stocks?select=price_history%2Cstock_price%2Cstock_change&ticker_symbol=eq.SBIC "HTTP/2 200 OK"
[stockanalysis_scraper] 

[stockanalysis_scraper] 2026-03-06 20:03:37 [httpx] INFO: HTTP Request: POST https://vbqerqbllfwnyjsogbxl.supabase.co/rest/v1/stockanalysis_stocks?on_conflict=ticker_symbol "HTTP/2 200 OK"
[stockanalysis_scraper] 

[stockanalysis_scraper] 2026-03-06 20:03:37 [httpx] INFO: HTTP Request: GET https://vbqerqbllfwnyjsogbxl.supabase.co/rest/v1/stockanalysis_stocks?select=price_history%2Cstock_price%2Cstock_change&ticker_symbol=eq.IMH "HTTP/2 200 OK"
[stockanalysis_scraper] 

[stockanalysis_scraper] 2026-03-06 20:03:37 [httpx] INFO: HTTP Request: POST https://vbqerqbllfwnyjsogbxl.supabase.co/rest/v1/stockanalysis_stocks?on_conflict=ticker_symbol "HTTP/2 200 OK"
[stockanalysis_scraper] 

[stockanalysis_scraper] 2026-03-06 20:03:37 [httpx] INFO: HTTP Request: GET https://vbqerqbllfwnyjsogbxl.supabase.co/rest/v1/stockanalysis_stocks?select=price_history%2Cstock_price%2Cstock_change&ticker_symbol=eq.KEGN "HTTP/2 200 OK"
[stockanalysis_scraper] 

[stockanalysis_scraper] 2026-03-06 20:03:38 [httpx] INFO: HTTP Request: POST https://vbqerqbllfwnyjsogbxl.supabase.co/rest/v1/stockanalysis_stocks?on_conflict=ticker_symbol "HTTP/2 200 OK"
[stockanalysis_scraper] 

[stockanalysis_scraper] 2026-03-06 20:03:38 [httpx] INFO: HTTP Request: GET https://vbqerqbllfwnyjsogbxl.supabase.co/rest/v1/stockanalysis_stocks?select=price_history%2Cstock_price%2Cstock_change&ticker_symbol=eq.BAT "HTTP/2 200 OK"
[stockanalysis_scraper] 

[stockanalysis_scraper] 2026-03-06 20:03:38 [httpx] INFO: HTTP Request: POST https://vbqerqbllfwnyjsogbxl.supabase.co/rest/v1/stockanalysis_stocks?on_conflict=ticker_symbol "HTTP/2 200 OK"
[stockanalysis_scraper] 

[stockanalysis_scraper] 2026-03-06 20:03:38 [httpx] INFO: HTTP Request: GET https://vbqerqbllfwnyjsogbxl.supabase.co/rest/v1/stockanalysis_stocks?select=price_history%2Cstock_price%2Cstock_change&ticker_symbol=eq.BKG "HTTP/2 200 OK"
[stockanalysis_scraper] 

[stockanalysis_scraper] 2026-03-06 20:03:39 [httpx] INFO: HTTP Request: POST https://vbqerqbllfwnyjsogbxl.supabase.co/rest/v1/stockanalysis_stocks?on_conflict=ticker_symbol "HTTP/2 200 OK"
[stockanalysis_scraper] 

[stockanalysis_scraper] 2026-03-06 20:03:39 [httpx] INFO: HTTP Request: GET https://vbqerqbllfwnyjsogbxl.supabase.co/rest/v1/stockanalysis_stocks?select=price_history%2Cstock_price%2Cstock_change&ticker_symbol=eq.DTK "HTTP/2 200 OK"
[stockanalysis_scraper] 

[stockanalysis_scraper] 2026-03-06 20:03:39 [httpx] INFO: HTTP Request: POST https://vbqerqbllfwnyjsogbxl.supabase.co/rest/v1/stockanalysis_stocks?on_conflict=ticker_symbol "HTTP/2 200 OK"
[stockanalysis_scraper] 

[stockanalysis_scraper] 2026-03-06 20:03:40 [httpx] INFO: HTTP Request: GET https://vbqerqbllfwnyjsogbxl.supabase.co/rest/v1/stockanalysis_stocks?select=price_history%2Cstock_price%2Cstock_change&ticker_symbol=eq.KPLC "HTTP/2 200 OK"
[stockanalysis_scraper] 

[stockanalysis_scraper] 2026-03-06 20:03:40 [httpx] INFO: HTTP Request: POST https://vbqerqbllfwnyjsogbxl.supabase.co/rest/v1/stockanalysis_stocks?on_conflict=ticker_symbol "HTTP/2 200 OK"
[stockanalysis_scraper] 

[stockanalysis_scraper] 2026-03-06 20:03:40 [httpx] INFO: HTTP Request: GET https://vbqerqbllfwnyjsogbxl.supabase.co/rest/v1/stockanalysis_stocks?select=price_history%2Cstock_price%2Cstock_change&ticker_symbol=eq.BRIT "HTTP/2 200 OK"
[stockanalysis_scraper] 

[stockanalysis_scraper] 2026-03-06 20:03:41 [httpx] INFO: HTTP Request: POST https://vbqerqbllfwnyjsogbxl.supabase.co/rest/v1/stockanalysis_stocks?on_conflict=ticker_symbol "HTTP/2 200 OK"
[stockanalysis_scraper] 

[stockanalysis_scraper] 2026-03-06 20:03:41 [httpx] INFO: HTTP Request: GET https://vbqerqbllfwnyjsogbxl.supabase.co/rest/v1/stockanalysis_stocks?select=price_history%2Cstock_price%2Cstock_change&ticker_symbol=eq.KQ "HTTP/2 200 OK"
[stockanalysis_scraper] 

[stockanalysis_scraper] 2026-03-06 20:03:41 [httpx] INFO: HTTP Request: POST https://vbqerqbllfwnyjsogbxl.supabase.co/rest/v1/stockanalysis_stocks?on_conflict=ticker_symbol "HTTP/2 200 OK"
[stockanalysis_scraper] 

[stockanalysis_scraper] 2026-03-06 20:03:41 [httpx] INFO: HTTP Request: GET https://vbqerqbllfwnyjsogbxl.supabase.co/rest/v1/stockanalysis_stocks?select=price_history%2Cstock_price%2Cstock_change&ticker_symbol=eq.JUB "HTTP/2 200 OK"
[stockanalysis_scraper] 

[stockanalysis_scraper] 2026-03-06 20:03:41 [httpx] INFO: HTTP Request: POST https://vbqerqbllfwnyjsogbxl.supabase.co/rest/v1/stockanalysis_stocks?on_conflict=ticker_symbol "HTTP/2 200 OK"
[stockanalysis_scraper] 

[stockanalysis_scraper] 2026-03-06 20:03:42 [httpx] INFO: HTTP Request: GET https://vbqerqbllfwnyjsogbxl.supabase.co/rest/v1/stockanalysis_stocks?select=price_history%2Cstock_price%2Cstock_change&ticker_symbol=eq.TOTL "HTTP/2 200 OK"
[stockanalysis_scraper] 

[stockanalysis_scraper] 2026-03-06 20:03:42 [httpx] INFO: HTTP Request: POST https://vbqerqbllfwnyjsogbxl.supabase.co/rest/v1/stockanalysis_stocks?on_conflict=ticker_symbol "HTTP/2 200 OK"
[stockanalysis_scraper] 

[stockanalysis_scraper] 2026-03-06 20:03:42 [httpx] INFO: HTTP Request: GET https://vbqerqbllfwnyjsogbxl.supabase.co/rest/v1/stockanalysis_stocks?select=price_history%2Cstock_price%2Cstock_change&ticker_symbol=eq.KNRE "HTTP/2 200 OK"
[stockanalysis_scraper] 

[stockanalysis_scraper] 2026-03-06 20:03:42 [httpx] INFO: HTTP Request: POST https://vbqerqbllfwnyjsogbxl.supabase.co/rest/v1/stockanalysis_stocks?on_conflict=ticker_symbol "HTTP/2 200 OK"
[stockanalysis_scraper] 

[stockanalysis_scraper] 2026-03-06 20:03:43 [httpx] INFO: HTTP Request: GET https://vbqerqbllfwnyjsogbxl.supabase.co/rest/v1/stockanalysis_stocks?select=price_history%2Cstock_price%2Cstock_change&ticker_symbol=eq.BAMB "HTTP/2 200 OK"
[stockanalysis_scraper] 

[stockanalysis_scraper] 2026-03-06 20:03:43 [httpx] INFO: HTTP Request: POST https://vbqerqbllfwnyjsogbxl.supabase.co/rest/v1/stockanalysis_stocks?on_conflict=ticker_symbol "HTTP/2 200 OK"
[stockanalysis_scraper] 

[stockanalysis_scraper] 2026-03-06 20:03:43 [httpx] INFO: HTTP Request: GET https://vbqerqbllfwnyjsogbxl.supabase.co/rest/v1/stockanalysis_stocks?select=price_history%2Cstock_price%2Cstock_change&ticker_symbol=eq.HFCK "HTTP/2 200 OK"
[stockanalysis_scraper] 

[stockanalysis_scraper] 2026-03-06 20:03:43 [httpx] INFO: HTTP Request: POST https://vbqerqbllfwnyjsogbxl.supabase.co/rest/v1/stockanalysis_stocks?on_conflict=ticker_symbol "HTTP/2 200 OK"
[stockanalysis_scraper] 

[stockanalysis_scraper] 2026-03-06 20:03:44 [httpx] INFO: HTTP Request: GET https://vbqerqbllfwnyjsogbxl.supabase.co/rest/v1/stockanalysis_stocks?select=price_history%2Cstock_price%2Cstock_change&ticker_symbol=eq.CIC "HTTP/2 200 OK"
[stockanalysis_scraper] 

[stockanalysis_scraper] 2026-03-06 20:03:44 [httpx] INFO: HTTP Request: POST https://vbqerqbllfwnyjsogbxl.supabase.co/rest/v1/stockanalysis_stocks?on_conflict=ticker_symbol "HTTP/2 200 OK"
[stockanalysis_scraper] 

[stockanalysis_scraper] 2026-03-06 20:03:44 [httpx] INFO: HTTP Request: GET https://vbqerqbllfwnyjsogbxl.supabase.co/rest/v1/stockanalysis_stocks?select=price_history%2Cstock_price%2Cstock_change&ticker_symbol=eq.CTUM "HTTP/2 200 OK"
[stockanalysis_scraper] 

[stockanalysis_scraper] 2026-03-06 20:03:44 [httpx] INFO: HTTP Request: POST https://vbqerqbllfwnyjsogbxl.supabase.co/rest/v1/stockanalysis_stocks?on_conflict=ticker_symbol "HTTP/2 200 OK"
[stockanalysis_scraper] 

[stockanalysis_scraper] 2026-03-06 20:03:45 [httpx] INFO: HTTP Request: GET https://vbqerqbllfwnyjsogbxl.supabase.co/rest/v1/stockanalysis_stocks?select=price_history%2Cstock_price%2Cstock_change&ticker_symbol=eq.KUKZ "HTTP/2 200 OK"
[stockanalysis_scraper] 

[stockanalysis_scraper] 2026-03-06 20:03:45 [httpx] INFO: HTTP Request: POST https://vbqerqbllfwnyjsogbxl.supabase.co/rest/v1/stockanalysis_stocks?on_conflict=ticker_symbol "HTTP/2 200 OK"
[stockanalysis_scraper] 

[stockanalysis_scraper] 2026-03-06 20:03:45 [httpx] INFO: HTTP Request: GET https://vbqerqbllfwnyjsogbxl.supabase.co/rest/v1/stockanalysis_stocks?select=price_history%2Cstock_price%2Cstock_change&ticker_symbol=eq.CRWN "HTTP/2 200 OK"
[stockanalysis_scraper] 

[stockanalysis_scraper] 2026-03-06 20:03:45 [httpx] INFO: HTTP Request: POST https://vbqerqbllfwnyjsogbxl.supabase.co/rest/v1/stockanalysis_stocks?on_conflict=ticker_symbol "HTTP/2 200 OK"
[stockanalysis_scraper] 

[stockanalysis_scraper] 2026-03-06 20:03:46 [httpx] INFO: HTTP Request: GET https://vbqerqbllfwnyjsogbxl.supabase.co/rest/v1/stockanalysis_stocks?select=price_history%2Cstock_price%2Cstock_change&ticker_symbol=eq.CARB "HTTP/2 200 OK"
[stockanalysis_scraper] 

[stockanalysis_scraper] 2026-03-06 20:03:46 [httpx] INFO: HTTP Request: POST https://vbqerqbllfwnyjsogbxl.supabase.co/rest/v1/stockanalysis_stocks?on_conflict=ticker_symbol "HTTP/2 200 OK"
[stockanalysis_scraper] 

[stockanalysis_scraper] 2026-03-06 20:03:46 [httpx] INFO: HTTP Request: GET https://vbqerqbllfwnyjsogbxl.supabase.co/rest/v1/stockanalysis_stocks?select=price_history%2Cstock_price%2Cstock_change&ticker_symbol=eq.PORT "HTTP/2 200 OK"
[stockanalysis_scraper] 

[stockanalysis_scraper] 2026-03-06 20:03:46 [httpx] INFO: HTTP Request: POST https://vbqerqbllfwnyjsogbxl.supabase.co/rest/v1/stockanalysis_stocks?on_conflict=ticker_symbol "HTTP/2 200 OK"
[stockanalysis_scraper] 

[stockanalysis_scraper] 2026-03-06 20:03:47 [httpx] INFO: HTTP Request: GET https://vbqerqbllfwnyjsogbxl.supabase.co/rest/v1/stockanalysis_stocks?select=price_history%2Cstock_price%2Cstock_change&ticker_symbol=eq.UMME "HTTP/2 200 OK"
[stockanalysis_scraper] 

[stockanalysis_scraper] 2026-03-06 20:03:47 [httpx] INFO: HTTP Request: POST https://vbqerqbllfwnyjsogbxl.supabase.co/rest/v1/stockanalysis_stocks?on_conflict=ticker_symbol "HTTP/2 200 OK"
[stockanalysis_scraper] 

[stockanalysis_scraper] 2026-03-06 20:03:47 [httpx] INFO: HTTP Request: GET https://vbqerqbllfwnyjsogbxl.supabase.co/rest/v1/stockanalysis_stocks?select=price_history%2Cstock_price%2Cstock_change&ticker_symbol=eq.SASN "HTTP/2 200 OK"
[stockanalysis_scraper] 

[stockanalysis_scraper] 2026-03-06 20:03:47 [httpx] INFO: HTTP Request: POST https://vbqerqbllfwnyjsogbxl.supabase.co/rest/v1/stockanalysis_stocks?on_conflict=ticker_symbol "HTTP/2 200 OK"
[stockanalysis_scraper] 

[stockanalysis_scraper] 2026-03-06 20:03:48 [httpx] INFO: HTTP Request: GET https://vbqerqbllfwnyjsogbxl.supabase.co/rest/v1/stockanalysis_stocks?select=price_history%2Cstock_price%2Cstock_change&ticker_symbol=eq.NSE "HTTP/2 200 OK"
[stockanalysis_scraper] 

[stockanalysis_scraper] 2026-03-06 20:03:48 [httpx] INFO: HTTP Request: POST https://vbqerqbllfwnyjsogbxl.supabase.co/rest/v1/stockanalysis_stocks?on_conflict=ticker_symbol "HTTP/2 200 OK"
[stockanalysis_scraper] 

[stockanalysis_scraper] 2026-03-06 20:03:48 [httpx] INFO: HTTP Request: GET https://vbqerqbllfwnyjsogbxl.supabase.co/rest/v1/stockanalysis_stocks?select=price_history%2Cstock_price%2Cstock_change&ticker_symbol=eq.LBTY "HTTP/2 200 OK"
[stockanalysis_scraper] 

[stockanalysis_scraper] 2026-03-06 20:03:48 [httpx] INFO: HTTP Request: POST https://vbqerqbllfwnyjsogbxl.supabase.co/rest/v1/stockanalysis_stocks?on_conflict=ticker_symbol "HTTP/2 200 OK"
[stockanalysis_scraper] 

[stockanalysis_scraper] 2026-03-06 20:03:49 [httpx] INFO: HTTP Request: GET https://vbqerqbllfwnyjsogbxl.supabase.co/rest/v1/stockanalysis_stocks?select=price_history%2Cstock_price%2Cstock_change&ticker_symbol=eq.CGEN "HTTP/2 200 OK"
[stockanalysis_scraper] 

[stockanalysis_scraper] 2026-03-06 20:03:49 [httpx] INFO: HTTP Request: POST https://vbqerqbllfwnyjsogbxl.supabase.co/rest/v1/stockanalysis_stocks?on_conflict=ticker_symbol "HTTP/2 200 OK"
[stockanalysis_scraper] 

[stockanalysis_scraper] 2026-03-06 20:03:49 [httpx] INFO: HTTP Request: GET https://vbqerqbllfwnyjsogbxl.supabase.co/rest/v1/stockanalysis_stocks?select=price_history%2Cstock_price%2Cstock_change&ticker_symbol=eq.WTK "HTTP/2 200 OK"
[stockanalysis_scraper] 

[stockanalysis_scraper] 2026-03-06 20:03:49 [httpx] INFO: HTTP Request: POST https://vbqerqbllfwnyjsogbxl.supabase.co/rest/v1/stockanalysis_stocks?on_conflict=ticker_symbol "HTTP/2 200 OK"
[stockanalysis_scraper] 

[stockanalysis_scraper] 2026-03-06 20:03:50 [httpx] INFO: HTTP Request: GET https://vbqerqbllfwnyjsogbxl.supabase.co/rest/v1/stockanalysis_stocks?select=price_history%2Cstock_price%2Cstock_change&ticker_symbol=eq.TPSE "HTTP/2 200 OK"
[stockanalysis_scraper] 

[stockanalysis_scraper] 2026-03-06 20:03:50 [httpx] INFO: HTTP Request: POST https://vbqerqbllfwnyjsogbxl.supabase.co/rest/v1/stockanalysis_stocks?on_conflict=ticker_symbol "HTTP/2 200 OK"
[stockanalysis_scraper] 

[stockanalysis_scraper] 2026-03-06 20:03:50 [httpx] INFO: HTTP Request: GET https://vbqerqbllfwnyjsogbxl.supabase.co/rest/v1/stockanalysis_stocks?select=price_history%2Cstock_price%2Cstock_change&ticker_symbol=eq.SMER "HTTP/2 200 OK"
[stockanalysis_scraper] 

[stockanalysis_scraper] 2026-03-06 20:03:50 [httpx] INFO: HTTP Request: POST https://vbqerqbllfwnyjsogbxl.supabase.co/rest/v1/stockanalysis_stocks?on_conflict=ticker_symbol "HTTP/2 200 OK"
[stockanalysis_scraper] 

[stockanalysis_scraper] 2026-03-06 20:03:51 [httpx] INFO: HTTP Request: GET https://vbqerqbllfwnyjsogbxl.supabase.co/rest/v1/stockanalysis_stocks?select=price_history%2Cstock_price%2Cstock_change&ticker_symbol=eq.KAPC "HTTP/2 200 OK"
[stockanalysis_scraper] 

[stockanalysis_scraper] 2026-03-06 20:03:51 [httpx] INFO: HTTP Request: POST https://vbqerqbllfwnyjsogbxl.supabase.co/rest/v1/stockanalysis_stocks?on_conflict=ticker_symbol "HTTP/2 200 OK"
[stockanalysis_scraper] 

[stockanalysis_scraper] 2026-03-06 20:03:51 [httpx] INFO: HTTP Request: GET https://vbqerqbllfwnyjsogbxl.supabase.co/rest/v1/stockanalysis_stocks?select=price_history%2Cstock_price%2Cstock_change&ticker_symbol=eq.LAPR "HTTP/2 200 OK"
[stockanalysis_scraper] 

[stockanalysis_scraper] 2026-03-06 20:03:51 [httpx] INFO: HTTP Request: POST https://vbqerqbllfwnyjsogbxl.supabase.co/rest/v1/stockanalysis_stocks?on_conflict=ticker_symbol "HTTP/2 200 OK"
[stockanalysis_scraper] 

[stockanalysis_scraper] 2026-03-06 20:03:52 [httpx] INFO: HTTP Request: GET https://vbqerqbllfwnyjsogbxl.supabase.co/rest/v1/stockanalysis_stocks?select=price_history%2Cstock_price%2Cstock_change&ticker_symbol=eq.BOC "HTTP/2 200 OK"
[stockanalysis_scraper] 

[stockanalysis_scraper] 2026-03-06 20:03:52 [httpx] INFO: HTTP Request: POST https://vbqerqbllfwnyjsogbxl.supabase.co/rest/v1/stockanalysis_stocks?on_conflict=ticker_symbol "HTTP/2 200 OK"
[stockanalysis_scraper] 

[stockanalysis_scraper] 2026-03-06 20:03:53 [httpx] INFO: HTTP Request: GET https://vbqerqbllfwnyjsogbxl.supabase.co/rest/v1/stockanalysis_stocks?select=price_history%2Cstock_price%2Cstock_change&ticker_symbol=eq.NMG "HTTP/2 200 OK"
[stockanalysis_scraper] 

[stockanalysis_scraper] 2026-03-06 20:03:54 [httpx] INFO: HTTP Request: POST https://vbqerqbllfwnyjsogbxl.supabase.co/rest/v1/stockanalysis_stocks?on_conflict=ticker_symbol "HTTP/2 200 OK"
[stockanalysis_scraper] 

[stockanalysis_scraper] 2026-03-06 20:03:55 [httpx] INFO: HTTP Request: GET https://vbqerqbllfwnyjsogbxl.supabase.co/rest/v1/stockanalysis_stocks?select=price_history%2Cstock_price%2Cstock_change&ticker_symbol=eq.UNGA "HTTP/2 200 OK"
[stockanalysis_scraper] 

[stockanalysis_scraper] 2026-03-06 20:03:55 [httpx] INFO: HTTP Request: POST https://vbqerqbllfwnyjsogbxl.supabase.co/rest/v1/stockanalysis_stocks?on_conflict=ticker_symbol "HTTP/2 200 OK"
[stockanalysis_scraper] 

[stockanalysis_scraper] 2026-03-06 20:03:56 [httpx] INFO: HTTP Request: GET https://vbqerqbllfwnyjsogbxl.supabase.co/rest/v1/stockanalysis_stocks?select=price_history%2Cstock_price%2Cstock_change&ticker_symbol=eq.NBV "HTTP/2 200 OK"
[stockanalysis_scraper] 

[stockanalysis_scraper] 2026-03-06 20:03:57 [httpx] INFO: HTTP Request: POST https://vbqerqbllfwnyjsogbxl.supabase.co/rest/v1/stockanalysis_stocks?on_conflict=ticker_symbol "HTTP/2 200 OK"
[stockanalysis_scraper] 

[stockanalysis_scraper] 2026-03-06 20:03:57 [httpx] INFO: HTTP Request: GET https://vbqerqbllfwnyjsogbxl.supabase.co/rest/v1/stockanalysis_stocks?select=price_history%2Cstock_price%2Cstock_change&ticker_symbol=eq.SLAM "HTTP/2 200 OK"
[stockanalysis_scraper] 

[stockanalysis_scraper] 2026-03-06 20:03:58 [httpx] INFO: HTTP Request: POST https://vbqerqbllfwnyjsogbxl.supabase.co/rest/v1/stockanalysis_stocks?on_conflict=ticker_symbol "HTTP/2 200 OK"
[stockanalysis_scraper] 

[stockanalysis_scraper] 2026-03-06 20:03:58 [httpx] INFO: HTTP Request: GET https://vbqerqbllfwnyjsogbxl.supabase.co/rest/v1/stockanalysis_stocks?select=price_history%2Cstock_price%2Cstock_change&ticker_symbol=eq.AMAC "HTTP/2 200 OK"
[stockanalysis_scraper] 

[stockanalysis_scraper] 2026-03-06 20:03:59 [httpx] INFO: HTTP Request: POST https://vbqerqbllfwnyjsogbxl.supabase.co/rest/v1/stockanalysis_stocks?on_conflict=ticker_symbol "HTTP/2 200 OK"
[stockanalysis_scraper] 

[stockanalysis_scraper] 2026-03-06 20:04:00 [httpx] INFO: HTTP Request: GET https://vbqerqbllfwnyjsogbxl.supabase.co/rest/v1/stockanalysis_stocks?select=price_history%2Cstock_price%2Cstock_change&ticker_symbol=eq.TCL "HTTP/2 200 OK"
[stockanalysis_scraper] 

[stockanalysis_scraper] 2026-03-06 20:04:01 [httpx] INFO: HTTP Request: POST https://vbqerqbllfwnyjsogbxl.supabase.co/rest/v1/stockanalysis_stocks?on_conflict=ticker_symbol "HTTP/2 200 OK"
[stockanalysis_scraper] 

[stockanalysis_scraper] 2026-03-06 20:04:02 [httpx] INFO: HTTP Request: GET https://vbqerqbllfwnyjsogbxl.supabase.co/rest/v1/stockanalysis_stocks?select=price_history%2Cstock_price%2Cstock_change&ticker_symbol=eq.LIMT "HTTP/2 200 OK"
[stockanalysis_scraper] 

[stockanalysis_scraper] 2026-03-06 20:04:03 [httpx] INFO: HTTP Request: POST https://vbqerqbllfwnyjsogbxl.supabase.co/rest/v1/stockanalysis_stocks?on_conflict=ticker_symbol "HTTP/2 200 OK"
[stockanalysis_scraper] 

[stockanalysis_scraper] 2026-03-06 20:04:04 [httpx] INFO: HTTP Request: GET https://vbqerqbllfwnyjsogbxl.supabase.co/rest/v1/stockanalysis_stocks?select=price_history%2Cstock_price%2Cstock_change&ticker_symbol=eq.SCAN "HTTP/2 200 OK"
[stockanalysis_scraper] 

[stockanalysis_scraper] 2026-03-06 20:04:05 [httpx] INFO: HTTP Request: POST https://vbqerqbllfwnyjsogbxl.supabase.co/rest/v1/stockanalysis_stocks?on_conflict=ticker_symbol "HTTP/2 200 OK"
[stockanalysis_scraper] 

[stockanalysis_scraper] 2026-03-06 20:04:06 [httpx] INFO: HTTP Request: GET https://vbqerqbllfwnyjsogbxl.supabase.co/rest/v1/stockanalysis_stocks?select=price_history%2Cstock_price%2Cstock_change&ticker_symbol=eq.EGAD "HTTP/2 200 OK"
[stockanalysis_scraper] 

[stockanalysis_scraper] 2026-03-06 20:04:07 [httpx] INFO: HTTP Request: POST https://vbqerqbllfwnyjsogbxl.supabase.co/rest/v1/stockanalysis_stocks?on_conflict=ticker_symbol "HTTP/2 200 OK"
[stockanalysis_scraper] 

[stockanalysis_scraper] 2026-03-06 20:04:08 [httpx] INFO: HTTP Request: GET https://vbqerqbllfwnyjsogbxl.supabase.co/rest/v1/stockanalysis_stocks?select=price_history%2Cstock_price%2Cstock_change&ticker_symbol=eq.LKL "HTTP/2 200 OK"
[stockanalysis_scraper] 

[stockanalysis_scraper] 2026-03-06 20:04:08 [httpx] INFO: HTTP Request: POST https://vbqerqbllfwnyjsogbxl.supabase.co/rest/v1/stockanalysis_stocks?on_conflict=ticker_symbol "HTTP/2 200 OK"
[stockanalysis_scraper] 

[stockanalysis_scraper] 2026-03-06 20:04:09 [httpx] INFO: HTTP Request: GET https://vbqerqbllfwnyjsogbxl.supabase.co/rest/v1/stockanalysis_stocks?select=price_history%2Cstock_price%2Cstock_change&ticker_symbol=eq.UCHM "HTTP/2 200 OK"
[stockanalysis_scraper] 

[stockanalysis_scraper] 2026-03-06 20:04:10 [httpx] INFO: HTTP Request: POST https://vbqerqbllfwnyjsogbxl.supabase.co/rest/v1/stockanalysis_stocks?on_conflict=ticker_symbol "HTTP/2 200 OK"
[stockanalysis_scraper] 

[stockanalysis_scraper] 2026-03-06 20:04:10 [httpx] INFO: HTTP Request: GET https://vbqerqbllfwnyjsogbxl.supabase.co/rest/v1/stockanalysis_stocks?select=price_history%2Cstock_price%2Cstock_change&ticker_symbol=eq.HAFR "HTTP/2 200 OK"
[stockanalysis_scraper] 

[stockanalysis_scraper] 2026-03-06 20:04:12 [httpx] INFO: HTTP Request: POST https://vbqerqbllfwnyjsogbxl.supabase.co/rest/v1/stockanalysis_stocks?on_conflict=ticker_symbol "HTTP/2 200 OK"
[stockanalysis_scraper] 

[stockanalysis_scraper] 2026-03-06 20:04:13 [httpx] INFO: HTTP Request: GET https://vbqerqbllfwnyjsogbxl.supabase.co/rest/v1/stockanalysis_stocks?select=price_history%2Cstock_price%2Cstock_change&ticker_symbol=eq.SGL "HTTP/2 200 OK"
[stockanalysis_scraper] 

[stockanalysis_scraper] 2026-03-06 20:04:14 [httpx] INFO: HTTP Request: POST https://vbqerqbllfwnyjsogbxl.supabase.co/rest/v1/stockanalysis_stocks?on_conflict=ticker_symbol "HTTP/2 200 OK"
[stockanalysis_scraper] 

[stockanalysis_scraper] 2026-03-06 20:04:15 [httpx] INFO: HTTP Request: GET https://vbqerqbllfwnyjsogbxl.supabase.co/rest/v1/stockanalysis_stocks?select=price_history%2Cstock_price%2Cstock_change&ticker_symbol=eq.SKL "HTTP/2 200 OK"
[stockanalysis_scraper] 

[stockanalysis_scraper] 2026-03-06 20:04:15 [httpx] INFO: HTTP Request: POST https://vbqerqbllfwnyjsogbxl.supabase.co/rest/v1/stockanalysis_stocks?on_conflict=ticker_symbol "HTTP/2 200 OK"
[stockanalysis_scraper] 

[stockanalysis_scraper] 2026-03-06 20:04:15 [httpx] INFO: HTTP Request: GET https://vbqerqbllfwnyjsogbxl.supabase.co/rest/v1/stockanalysis_stocks?select=price_history%2Cstock_price%2Cstock_change&ticker_symbol=eq.CABL "HTTP/2 200 OK"
[stockanalysis_scraper] 

[stockanalysis_scraper] 2026-03-06 20:04:16 [httpx] INFO: HTTP Request: POST https://vbqerqbllfwnyjsogbxl.supabase.co/rest/v1/stockanalysis_stocks?on_conflict=ticker_symbol "HTTP/2 200 OK"
[stockanalysis_scraper] 

[stockanalysis_scraper] 2026-03-06 20:04:18 [httpx] INFO: HTTP Request: GET https://vbqerqbllfwnyjsogbxl.supabase.co/rest/v1/stockanalysis_stocks?select=price_history%2Cstock_price%2Cstock_change&ticker_symbol=eq.FTGH "HTTP/2 200 OK"
[stockanalysis_scraper] 

[stockanalysis_scraper] 2026-03-06 20:04:18 [httpx] INFO: HTTP Request: POST https://vbqerqbllfwnyjsogbxl.supabase.co/rest/v1/stockanalysis_stocks?on_conflict=ticker_symbol "HTTP/2 200 OK"
[stockanalysis_scraper] 

[stockanalysis_scraper] 2026-03-06 20:04:19 [httpx] INFO: HTTP Request: GET https://vbqerqbllfwnyjsogbxl.supabase.co/rest/v1/stockanalysis_stocks?select=price_history%2Cstock_price%2Cstock_change&ticker_symbol=eq.XPRS "HTTP/2 200 OK"
[stockanalysis_scraper] 

[stockanalysis_scraper] 2026-03-06 20:04:20 [httpx] INFO: HTTP Request: POST https://vbqerqbllfwnyjsogbxl.supabase.co/rest/v1/stockanalysis_stocks?on_conflict=ticker_symbol "HTTP/2 200 OK"
[stockanalysis_scraper] 

[stockanalysis_scraper] 2026-03-06 20:04:20 [httpx] INFO: HTTP Request: GET https://vbqerqbllfwnyjsogbxl.supabase.co/rest/v1/stockanalysis_stocks?select=price_history%2Cstock_price%2Cstock_change&ticker_symbol=eq.OCH "HTTP/2 200 OK"
[stockanalysis_scraper] 

[stockanalysis_scraper] 2026-03-06 20:04:21 [httpx] INFO: HTTP Request: POST https://vbqerqbllfwnyjsogbxl.supabase.co/rest/v1/stockanalysis_stocks?on_conflict=ticker_symbol "HTTP/2 200 OK"
[stockanalysis_scraper] 

[stockanalysis_scraper] 2026-03-06 20:04:22 [httpx] INFO: HTTP Request: GET https://vbqerqbllfwnyjsogbxl.supabase.co/rest/v1/stockanalysis_stocks?select=price_history%2Cstock_price%2Cstock_change&ticker_symbol=eq.EVRD "HTTP/2 200 OK"
[stockanalysis_scraper] 

[stockanalysis_scraper] 2026-03-06 20:04:22 [httpx] INFO: HTTP Request: POST https://vbqerqbllfwnyjsogbxl.supabase.co/rest/v1/stockanalysis_stocks?on_conflict=ticker_symbol "HTTP/2 200 OK"
[stockanalysis_scraper] 

[stockanalysis_scraper] 2026-03-06 20:04:22 [httpx] INFO: HTTP Request: GET https://vbqerqbllfwnyjsogbxl.supabase.co/rest/v1/stockanalysis_stocks?select=price_history%2Cstock_price%2Cstock_change&ticker_symbol=eq.KURV "HTTP/2 200 OK"
[stockanalysis_scraper] 

[stockanalysis_scraper] 2026-03-06 20:04:22 [httpx] INFO: HTTP Request: POST https://vbqerqbllfwnyjsogbxl.supabase.co/rest/v1/stockanalysis_stocks?on_conflict=ticker_symbol "HTTP/2 200 OK"
[stockanalysis_scraper] 

[stockanalysis_scraper] 2026-03-06 20:04:22 [scrapy.core.engine] INFO: Closing spider (finished)
[stockanalysis_scraper] 

[stockanalysis_scraper] 2026-03-06 20:04:22 [scrapy.statscollectors] INFO: Dumping Scrapy stats:
[stockanalysis_scraper] 

[stockanalysis_scraper]  'downloader/request_count': 5,
[stockanalysis_scraper] 

[stockanalysis_scraper] {'downloader/request_bytes': 2427,
[stockanalysis_scraper] 

[stockanalysis_scraper]  'downloader/request_method_count/GET': 5,
[stockanalysis_scraper] 

[stockanalysis_scraper]  'downloader/response_bytes': 40379,
[stockanalysis_scraper] 

[stockanalysis_scraper]  'downloader/response_count': 5,
[stockanalysis_scraper] 

[stockanalysis_scraper]  'downloader/response_status_count/200': 5,
[stockanalysis_scraper] 

[stockanalysis_scraper]  'elapsed_time_seconds': 58.565919,
[stockanalysis_scraper] 

[stockanalysis_scraper]  'finish_reason': 'finished',
[stockanalysis_scraper] 

[stockanalysis_scraper]  'finish_time': datetime.datetime(2026, 3, 6, 17, 4, 22, 945984, tzinfo=datetime.timezone.utc),
[stockanalysis_scraper] 

[stockanalysis_scraper]  'httpcompression/response_bytes': 196767,
[stockanalysis_scraper] 

[stockanalysis_scraper]  'httpcompression/response_count': 5,
[stockanalysis_scraper] 

[stockanalysis_scraper]  'item_scraped_count': 295,
[stockanalysis_scraper] 

[stockanalysis_scraper]  'items_per_minute': 305.17241379310343,
[stockanalysis_scraper] 

[stockanalysis_scraper]  'log_count/INFO': 122,
[stockanalysis_scraper] 

[stockanalysis_scraper]  'request_depth_max': 1,
[stockanalysis_scraper] 

[stockanalysis_scraper]  'responses_per_minute': 5.172413793103448,
[stockanalysis_scraper] 

[stockanalysis_scraper]  'scheduler/dequeued': 5,
[stockanalysis_scraper] 

[stockanalysis_scraper]  'scheduler/dequeued/memory': 5,
[stockanalysis_scraper] 

[stockanalysis_scraper]  'scheduler/enqueued': 5,
[stockanalysis_scraper] 

[stockanalysis_scraper]  'scheduler/enqueued/memory': 5,
[stockanalysis_scraper] 

[stockanalysis_scraper]  'start_time': datetime.datetime(2026, 3, 6, 17, 3, 24, 380065, tzinfo=datetime.timezone.utc)}
[stockanalysis_scraper] 

[stockanalysis_scraper] 2026-03-06 20:04:22 [scrapy.core.engine] INFO: Spider closed (finished)
[stockanalysis_scraper] 

[stockanalysis_scraper]  'response_received_count': 5,
[stockanalysis_scraper] 

[2026-03-06T20:04:24] END stockanalysis_scraper exit=0 durationSec=65.73
[2026-03-06T20:04:24] SUMMARY afx_exit=0 stockanalysis_exit=0 durationSec=124.27
[2026-03-06T20:04:24] RUN_STATUS SUCCESS
